Getting compiler identification output with: c:\mingw64\bin\gcc.exe --version C:\Users\Emre\AppData\Local\Temp\cov-Emre\4bc967f42c34f14a407cedf3324b4b2d\cov-Emre\46a8d2b4ef4408388004dd5d83baf205\test.cpp
**** BEGIN FILE source file: C:/Users/Emre/AppData/Local/Temp/cov-Emre/4bc967f42c34f14a407cedf3324b4b2d/cov-Emre/46a8d2b4ef4408388004dd5d83baf205/test.cpp
int main() {} 

**** END source file ***
pipe_command: c:\mingw64\bin\gcc.exe --version C:\Users\Emre\AppData\Local\Temp\cov-Emre\4bc967f42c34f14a407cedf3324b4b2d\cov-Emre\46a8d2b4ef4408388004dd5d83baf205\test.cpp 
pipe_commands starting: c:\mingw64\bin\gcc.exe --version C:\Users\Emre\AppData\Local\Temp\cov-Emre\4bc967f42c34f14a407cedf3324b4b2d\cov-Emre\46a8d2b4ef4408388004dd5d83baf205\test.cpp 
**** BEGIN FILE output: C:/Users/Emre/AppData/Local/Temp/cov-Emre/4bc967f42c34f14a407cedf3324b4b2d/cov-Emre/46a8d2b4ef4408388004dd5d83baf205/test.output
gcc.exe (x86_64-posix-seh-rev0, Built by MinGW-W64 project) 8.1.0
Copyright (C) 2018 Free Software Foundation, Inc.
This is free software; see the source for copying conditions.  There is NO
warranty; not even for MERCHANTABILITY or FITNESS FOR A PARTICULAR PURPOSE.


**** END FILE output ***
**** BEGIN FILE error: 

**** END FILE error ***
**** Compiler identification output begin ****
gcc.exe (x86_64-posix-seh-rev0, Built by MinGW-W64 project) 8.1.0
Copyright (C) 2018 Free Software Foundation, Inc.
This is free software; see the source for copying conditions.  There is NO
warranty; not even for MERCHANTABILITY or FITNESS FOR A PARTICULAR PURPOSE.


**** Compiler identification output end ****
**** BEGIN PROBE run_test_sanity ****
[STATUS] g++-config-0: Running sanity tests on native compiler
**** BEGIN FILE source file: C:/Users/Emre/AppData/Local/Temp/cov-Emre/4bc967f42c34f14a407cedf3324b4b2d/cov-Emre/46a8d2b4ef4408388004dd5d83baf205/simple.cpp
int x;

**** END FILE source file ***
pipe_command: c:\mingw64\bin\gcc.exe -c C:\Users\Emre\AppData\Local\Temp\cov-Emre\4bc967f42c34f14a407cedf3324b4b2d\cov-Emre\46a8d2b4ef4408388004dd5d83baf205\simple.cpp 
pipe_commands starting: c:\mingw64\bin\gcc.exe -c C:\Users\Emre\AppData\Local\Temp\cov-Emre\4bc967f42c34f14a407cedf3324b4b2d\cov-Emre\46a8d2b4ef4408388004dd5d83baf205\simple.cpp 
**** BEGIN FILE stdout: 

**** END FILE stdout ***
**** BEGIN FILE stderr: 

**** END FILE stderr ***
Test succeded
**** BEGIN FILE source file: C:/Users/Emre/AppData/Local/Temp/cov-Emre/4bc967f42c34f14a407cedf3324b4b2d/cov-Emre/46a8d2b4ef4408388004dd5d83baf205/does_not_compile.cpp
#x
int a b c d;

**** END FILE source file ***
pipe_command: c:\mingw64\bin\gcc.exe -c C:\Users\Emre\AppData\Local\Temp\cov-Emre\4bc967f42c34f14a407cedf3324b4b2d\cov-Emre\46a8d2b4ef4408388004dd5d83baf205\does_not_compile.cpp 
pipe_commands starting: c:\mingw64\bin\gcc.exe -c C:\Users\Emre\AppData\Local\Temp\cov-Emre\4bc967f42c34f14a407cedf3324b4b2d\cov-Emre\46a8d2b4ef4408388004dd5d83baf205\does_not_compile.cpp 
**** BEGIN FILE stdout: 

**** END FILE stdout ***
**** BEGIN FILE stderr: 
C:\Users\Emre\AppData\Local\Temp\cov-Emre\4bc967f42c34f14a407cedf3324b4b2d\cov-Emre\46a8d2b4ef4408388004dd5d83baf205\does_not_compile.cpp:1:2: error: invalid preprocessing directive #x
 #x
  ^
C:\Users\Emre\AppData\Local\Temp\cov-Emre\4bc967f42c34f14a407cedf3324b4b2d\cov-Emre\46a8d2b4ef4408388004dd5d83baf205\does_not_compile.cpp:2:7: error: expected initializer before 'b'
 int a b c d;
       ^

**** END FILE stderr ***
Test failed
**** BEGIN FILE source file: C:/Users/Emre/AppData/Local/Temp/cov-Emre/4bc967f42c34f14a407cedf3324b4b2d/cov-Emre/46a8d2b4ef4408388004dd5d83baf205/stddef.cpp
#include <stddef.h>
struct mystruct {
  int field1;
  int field2;
} var;
size_t sz = sizeof(struct mystruct);
ptrdiff_t pd;
void func() {
  pd = &var.field1 - &var.field2;
}


**** END FILE source file ***
pipe_command: c:\mingw64\bin\gcc.exe -c C:\Users\Emre\AppData\Local\Temp\cov-Emre\4bc967f42c34f14a407cedf3324b4b2d\cov-Emre\46a8d2b4ef4408388004dd5d83baf205\stddef.cpp 
pipe_commands starting: c:\mingw64\bin\gcc.exe -c C:\Users\Emre\AppData\Local\Temp\cov-Emre\4bc967f42c34f14a407cedf3324b4b2d\cov-Emre\46a8d2b4ef4408388004dd5d83baf205\stddef.cpp 
**** BEGIN FILE stdout: 

**** END FILE stdout ***
**** BEGIN FILE stderr: 

**** END FILE stderr ***
Test succeded
**** END PROBE run_test_sanity ****
**** BEGIN PROBE get_version_switch_output ****
Version switch: -E -v
**** BEGIN FILE source file: C:/Users/Emre/AppData/Local/Temp/cov-Emre/4bc967f42c34f14a407cedf3324b4b2d/cov-Emre/46a8d2b4ef4408388004dd5d83baf205/test.cpp
int main() {} 

**** END source file ***
pipe_command: c:\mingw64\bin\gcc.exe -E -v C:\Users\Emre\AppData\Local\Temp\cov-Emre\4bc967f42c34f14a407cedf3324b4b2d\cov-Emre\46a8d2b4ef4408388004dd5d83baf205\test.cpp 
pipe_commands starting: c:\mingw64\bin\gcc.exe -E -v C:\Users\Emre\AppData\Local\Temp\cov-Emre\4bc967f42c34f14a407cedf3324b4b2d\cov-Emre\46a8d2b4ef4408388004dd5d83baf205\test.cpp 
**** BEGIN FILE output: C:/Users/Emre/AppData/Local/Temp/cov-Emre/4bc967f42c34f14a407cedf3324b4b2d/cov-Emre/46a8d2b4ef4408388004dd5d83baf205/version_output
# 1 "C:\\Users\\Emre\\AppData\\Local\\Temp\\cov-Emre\\4bc967f42c34f14a407cedf3324b4b2d\\cov-Emre\\46a8d2b4ef4408388004dd5d83baf205\\test.cpp"
# 1 "<built-in>"
# 1 "<command-line>"
# 1 "C:\\Users\\Emre\\AppData\\Local\\Temp\\cov-Emre\\4bc967f42c34f14a407cedf3324b4b2d\\cov-Emre\\46a8d2b4ef4408388004dd5d83baf205\\test.cpp"
int main() {}

**** END FILE output ***
**** BEGIN FILE error: 
Using built-in specs.
COLLECT_GCC=c:\mingw64\bin\gcc.exe
Target: x86_64-w64-mingw32
Configured with: ../../../src/gcc-8.1.0/configure --host=x86_64-w64-mingw32 --build=x86_64-w64-mingw32 --target=x86_64-w64-mingw32 --prefix=/mingw64 --with-sysroot=/c/mingw810/x86_64-810-posix-seh-rt_v6-rev0/mingw64 --enable-shared --enable-static --disable-multilib --enable-languages=c,c++,fortran,lto --enable-libstdcxx-time=yes --enable-threads=posix --enable-libgomp --enable-libatomic --enable-lto --enable-graphite --enable-checking=release --enable-fully-dynamic-string --enable-version-specific-runtime-libs --disable-libstdcxx-pch --disable-libstdcxx-debug --enable-bootstrap --disable-rpath --disable-win32-registry --disable-nls --disable-werror --disable-symvers --with-gnu-as --with-gnu-ld --with-arch=nocona --with-tune=core2 --with-libiconv --with-system-zlib --with-gmp=/c/mingw810/prerequisites/x86_64-w64-mingw32-static --with-mpfr=/c/mingw810/prerequisites/x86_64-w64-mingw32-static --with-mpc=/c/mingw810/prerequisites/x86_64-w64-mingw32-static --with-isl=/c/mingw810/prerequisites/x86_64-w64-mingw32-static --with-pkgversion='x86_64-posix-seh-rev0, Built by MinGW-W64 project' --with-bugurl=https://sourceforge.net/projects/mingw-w64 CFLAGS='-O2 -pipe -fno-ident -I/c/mingw810/x86_64-810-posix-seh-rt_v6-rev0/mingw64/opt/include -I/c/mingw810/prerequisites/x86_64-zlib-static/include -I/c/mingw810/prerequisites/x86_64-w64-mingw32-static/include' CXXFLAGS='-O2 -pipe -fno-ident -I/c/mingw810/x86_64-810-posix-seh-rt_v6-rev0/mingw64/opt/include -I/c/mingw810/prerequisites/x86_64-zlib-static/include -I/c/mingw810/prerequisites/x86_64-w64-mingw32-static/include' CPPFLAGS=' -I/c/mingw810/x86_64-810-posix-seh-rt_v6-rev0/mingw64/opt/include -I/c/mingw810/prerequisites/x86_64-zlib-static/include -I/c/mingw810/prerequisites/x86_64-w64-mingw32-static/include' LDFLAGS='-pipe -fno-ident -L/c/mingw810/x86_64-810-posix-seh-rt_v6-rev0/mingw64/opt/lib -L/c/mingw810/prerequisites/x86_64-zlib-static/lib -L/c/mingw810/prerequisites/x86_64-w64-mingw32-static/lib '
Thread model: posix
gcc version 8.1.0 (x86_64-posix-seh-rev0, Built by MinGW-W64 project) 
COLLECT_GCC_OPTIONS='-E' '-v' '-mtune=core2' '-march=nocona'
 c:/mingw64/bin/../libexec/gcc/x86_64-w64-mingw32/8.1.0/cc1plus.exe -E -quiet -v -iprefix c:/mingw64/bin/../lib/gcc/x86_64-w64-mingw32/8.1.0/ -D_REENTRANT C:\Users\Emre\AppData\Local\Temp\cov-Emre\4bc967f42c34f14a407cedf3324b4b2d\cov-Emre\46a8d2b4ef4408388004dd5d83baf205\test.cpp -mtune=core2 -march=nocona
ignoring duplicate directory "c:/mingw64/lib/gcc/../../lib/gcc/x86_64-w64-mingw32/8.1.0/include/c++"
ignoring duplicate directory "c:/mingw64/lib/gcc/../../lib/gcc/x86_64-w64-mingw32/8.1.0/include/c++/x86_64-w64-mingw32"
ignoring duplicate directory "c:/mingw64/lib/gcc/../../lib/gcc/x86_64-w64-mingw32/8.1.0/include/c++/backward"
ignoring duplicate directory "c:/mingw64/lib/gcc/../../lib/gcc/x86_64-w64-mingw32/8.1.0/include"
ignoring nonexistent directory "C:/mingw810/x86_64-810-posix-seh-rt_v6-rev0/mingw64C:/msys64/mingw64/lib/gcc/x86_64-w64-mingw32/8.1.0/../../../../include"
ignoring duplicate directory "c:/mingw64/lib/gcc/../../lib/gcc/x86_64-w64-mingw32/8.1.0/include-fixed"
ignoring duplicate directory "c:/mingw64/lib/gcc/../../lib/gcc/x86_64-w64-mingw32/8.1.0/../../../../x86_64-w64-mingw32/include"
ignoring nonexistent directory "C:/mingw810/x86_64-810-posix-seh-rt_v6-rev0/mingw64/mingw/include"
#include "..." search starts here:
#include <...> search starts here:
 c:/mingw64/bin/../lib/gcc/x86_64-w64-mingw32/8.1.0/include/c++
 c:/mingw64/bin/../lib/gcc/x86_64-w64-mingw32/8.1.0/include/c++/x86_64-w64-mingw32
 c:/mingw64/bin/../lib/gcc/x86_64-w64-mingw32/8.1.0/include/c++/backward
 c:/mingw64/bin/../lib/gcc/x86_64-w64-mingw32/8.1.0/include
 c:/mingw64/bin/../lib/gcc/x86_64-w64-mingw32/8.1.0/include-fixed
 c:/mingw64/bin/../lib/gcc/x86_64-w64-mingw32/8.1.0/../../../../x86_64-w64-mingw32/include
End of search list.
COMPILER_PATH=c:/mingw64/bin/../libexec/gcc/x86_64-w64-mingw32/8.1.0/;c:/mingw64/bin/../libexec/gcc/;c:/mingw64/bin/../lib/gcc/x86_64-w64-mingw32/8.1.0/../../../../x86_64-w64-mingw32/bin/
LIBRARY_PATH=c:/mingw64/bin/../lib/gcc/x86_64-w64-mingw32/8.1.0/;c:/mingw64/bin/../lib/gcc/;c:/mingw64/bin/../lib/gcc/x86_64-w64-mingw32/8.1.0/../../../../x86_64-w64-mingw32/lib/../lib/;c:/mingw64/bin/../lib/gcc/x86_64-w64-mingw32/8.1.0/../../../../lib/;c:/mingw64/bin/../lib/gcc/x86_64-w64-mingw32/8.1.0/../../../../x86_64-w64-mingw32/lib/;c:/mingw64/bin/../lib/gcc/x86_64-w64-mingw32/8.1.0/../../../
COLLECT_GCC_OPTIONS='-E' '-v' '-mtune=core2' '-march=nocona'

**** END FILE error ***
**** END PROBE get_version_switch_output ****
Version string before regex:  # 1 "C:\\Users\\Emre\\AppData\\Local\\Temp\\cov-Emre\\4bc967f42c34f14a407cedf3324b4b2d\\cov-Emre\\46a8d2b4ef4408388004dd5d83baf205\\test.cpp" # 1 "<built-in>" # 1 "<command-line>" # 1 "C:\\Users\\Emre\\AppData\\Local\\Temp\\cov-Emre\\4bc967f42c34f14a407cedf3324b4b2d\\cov-Emre\\46a8d2b4ef4408388004dd5d83baf205\\test.cpp" int main() {} Using built-in specs. COLLECT_GCC=c:\mingw64\bin\gcc.exe Target: x86_64-w64-mingw32 Configured with: ../../../src/gcc-8.1.0/configure --host=x86_64-w64-mingw32 --build=x86_64-w64-mingw32 --target=x86_64-w64-mingw32 --prefix=/mingw64 --with-sysroot=/c/mingw810/x86_64-810-posix-seh-rt_v6-rev0/mingw64 --enable-shared --enable-static --disable-multilib --enable-languages=c,c++,fortran,lto --enable-libstdcxx-time=yes --enable-threads=posix --enable-libgomp --enable-libatomic --enable-lto --enable-graphite --enable-checking=release --enable-fully-dynamic-string --enable-version-specific-runtime-libs --disable-libstdcxx-pch --disable-libstdcxx-debug --enable-bootstrap --disable-rpath --disable-win32-registry --disable-nls --disable-werror --disable-symvers --with-gnu-as --with-gnu-ld --with-arch=nocona --with-tune=core2 --with-libiconv --with-system-zlib --with-gmp=/c/mingw810/prerequisites/x86_64-w64-mingw32-static --with-mpfr=/c/mingw810/prerequisites/x86_64-w64-mingw32-static --with-mpc=/c/mingw810/prerequisites/x86_64-w64-mingw32-static --with-isl=/c/mingw810/prerequisites/x86_64-w64-mingw32-static --with-pkgversion='x86_64-posix-seh-rev0, Built by MinGW-W64 project' --with-bugurl=https://sourceforge.net/projects/mingw-w64 CFLAGS='-O2 -pipe -fno-ident -I/c/mingw810/x86_64-810-posix-seh-rt_v6-rev0/mingw64/opt/include -I/c/mingw810/prerequisites/x86_64-zlib-static/include -I/c/mingw810/prerequisites/x86_64-w64-mingw32-static/include' CXXFLAGS='-O2 -pipe -fno-ident -I/c/mingw810/x86_64-810-posix-seh-rt_v6-rev0/mingw64/opt/include -I/c/mingw810/prerequisites/x86_64-zlib-static/include -I/c/mingw810/prerequisites/x86_64-w64-mingw32-static/include' CPPFLAGS=' -I/c/mingw810/x86_64-810-posix-seh-rt_v6-rev0/mingw64/opt/include -I/c/mingw810/prerequisites/x86_64-zlib-static/include -I/c/mingw810/prerequisites/x86_64-w64-mingw32-static/include' LDFLAGS='-pipe -fno-ident -L/c/mingw810/x86_64-810-posix-seh-rt_v6-rev0/mingw64/opt/lib -L/c/mingw810/prerequisites/x86_64-zlib-static/lib -L/c/mingw810/prerequisites/x86_64-w64-mingw32-static/lib ' Thread model: posix gcc version 8.1.0 (x86_64-posix-seh-rev0, Built by MinGW-W64 project)  COLLECT_GCC_OPTIONS='-E' '-v' '-mtune=core2' '-march=nocona'  c:/mingw64/bin/../libexec/gcc/x86_64-w64-mingw32/8.1.0/cc1plus.exe -E -quiet -v -iprefix c:/mingw64/bin/../lib/gcc/x86_64-w64-mingw32/8.1.0/ -D_REENTRANT C:\Users\Emre\AppData\Local\Temp\cov-Emre\4bc967f42c34f14a407cedf3324b4b2d\cov-Emre\46a8d2b4ef4408388004dd5d83baf205\test.cpp -mtune=core2 -march=nocona ignoring duplicate directory "c:/mingw64/lib/gcc/../../lib/gcc/x86_64-w64-mingw32/8.1.0/include/c++" ignoring duplicate directory "c:/mingw64/lib/gcc/../../lib/gcc/x86_64-w64-mingw32/8.1.0/include/c++/x86_64-w64-mingw32" ignoring duplicate directory "c:/mingw64/lib/gcc/../../lib/gcc/x86_64-w64-mingw32/8.1.0/include/c++/backward" ignoring duplicate directory "c:/mingw64/lib/gcc/../../lib/gcc/x86_64-w64-mingw32/8.1.0/include" ignoring nonexistent directory "C:/mingw810/x86_64-810-posix-seh-rt_v6-rev0/mingw64C:/msys64/mingw64/lib/gcc/x86_64-w64-mingw32/8.1.0/../../../../include" ignoring duplicate directory "c:/mingw64/lib/gcc/../../lib/gcc/x86_64-w64-mingw32/8.1.0/include-fixed" ignoring duplicate directory "c:/mingw64/lib/gcc/../../lib/gcc/x86_64-w64-mingw32/8.1.0/../../../../x86_64-w64-mingw32/include" ignoring nonexistent directory "C:/mingw810/x86_64-810-posix-seh-rt_v6-rev0/mingw64/mingw/include" #include "..." search starts here: #include <...> search starts here:  c:/mingw64/bin/../lib/gcc/x86_64-w64-mingw32/8.1.0/include/c++  c:/mingw64/bin/../lib/gcc/x86_64-w64-mingw32/8.1.0/include/c++/x86_64-w64-mingw32  c:/mingw64/bin/../lib/gcc/x86_64-w64-mingw32/8.1.0/include/c++/backward  c:/mingw64/bin/../lib/gcc/x86_64-w64-mingw32/8.1.0/include  c:/mingw64/bin/../lib/gcc/x86_64-w64-mingw32/8.1.0/include-fixed  c:/mingw64/bin/../lib/gcc/x86_64-w64-mingw32/8.1.0/../../../../x86_64-w64-mingw32/include End of search list. COMPILER_PATH=c:/mingw64/bin/../libexec/gcc/x86_64-w64-mingw32/8.1.0/;c:/mingw64/bin/../libexec/gcc/;c:/mingw64/bin/../lib/gcc/x86_64-w64-mingw32/8.1.0/../../../../x86_64-w64-mingw32/bin/ LIBRARY_PATH=c:/mingw64/bin/../lib/gcc/x86_64-w64-mingw32/8.1.0/;c:/mingw64/bin/../lib/gcc/;c:/mingw64/bin/../lib/gcc/x86_64-w64-mingw32/8.1.0/../../../../x86_64-w64-mingw32/lib/../lib/;c:/mingw64/bin/../lib/gcc/x86_64-w64-mingw32/8.1.0/../../../../lib/;c:/mingw64/bin/../lib/gcc/x86_64-w64-mingw32/8.1.0/../../../../x86_64-w64-mingw32/lib/;c:/mingw64/bin/../lib/gcc/x86_64-w64-mingw32/8.1.0/../../../ COLLECT_GCC_OPTIONS='-E' '-v' '-mtune=core2' '-march=nocona'
Attempting to match the following regex:  .*g[c+][c+][^\s]* [^\s]+ (\d+\.\d+(\.\d+)?) \(.*\).*
Match found. Version string after regex:  8.1.0
Attempting to match the following regex:  .*g[c+][c+][^\s]* \([^)]*\) (\d+\.\d+(\.\d+)?).*
Attempting to match the following regex:  .*(?:cc|\+\+)(?:-[^\h]+)?(?:\.exe)?\h+(?:.*?\h+)?(\d+\.\d+(\.\d+)?).*
Attempting to match the following regex:  .*[^0-9.](\d+\.\d+\.\d+).*
Compiler version found: 8.1.0
**** BEGIN PROBE run_type_size_and_alignment_tests ****
**** BEGIN PROBE probe_helpful_compiler_info ****
**** BEGIN FILE source file: C:/Users/Emre/AppData/Local/Temp/cov-Emre/4bc967f42c34f14a407cedf3324b4b2d/cov-Emre/46a8d2b4ef4408388004dd5d83baf205/sloppy_assign.cpp
int *i; unsigned long *c; void foo() { c = i; }

**** END FILE source file ***
pipe_command: c:\mingw64\bin\gcc.exe -c C:\Users\Emre\AppData\Local\Temp\cov-Emre\4bc967f42c34f14a407cedf3324b4b2d\cov-Emre\46a8d2b4ef4408388004dd5d83baf205\sloppy_assign.cpp 
pipe_commands starting: c:\mingw64\bin\gcc.exe -c C:\Users\Emre\AppData\Local\Temp\cov-Emre\4bc967f42c34f14a407cedf3324b4b2d\cov-Emre\46a8d2b4ef4408388004dd5d83baf205\sloppy_assign.cpp 
**** BEGIN FILE stdout: 

**** END FILE stdout ***
**** BEGIN FILE stderr: 
C:\Users\Emre\AppData\Local\Temp\cov-Emre\4bc967f42c34f14a407cedf3324b4b2d\cov-Emre\46a8d2b4ef4408388004dd5d83baf205\sloppy_assign.cpp: In function 'void foo()':
C:\Users\Emre\AppData\Local\Temp\cov-Emre\4bc967f42c34f14a407cedf3324b4b2d\cov-Emre\46a8d2b4ef4408388004dd5d83baf205\sloppy_assign.cpp:1:44: error: invalid conversion from 'int*' to 'long unsigned int*' [-fpermissive]
 int *i; unsigned long *c; void foo() { c = i; }
                                            ^

**** END FILE stderr ***
Test failed
Native compiler does not allow sloppy assigns.
**** BEGIN FILE source file: C:/Users/Emre/AppData/Local/Temp/cov-Emre/4bc967f42c34f14a407cedf3324b4b2d/cov-Emre/46a8d2b4ef4408388004dd5d83baf205/sizeof_neg_array_size.cpp
 int x[((int)sizeof (int *)) - 13000];

**** END FILE source file ***
pipe_command: c:\mingw64\bin\gcc.exe -c C:\Users\Emre\AppData\Local\Temp\cov-Emre\4bc967f42c34f14a407cedf3324b4b2d\cov-Emre\46a8d2b4ef4408388004dd5d83baf205\sizeof_neg_array_size.cpp 
pipe_commands starting: c:\mingw64\bin\gcc.exe -c C:\Users\Emre\AppData\Local\Temp\cov-Emre\4bc967f42c34f14a407cedf3324b4b2d\cov-Emre\46a8d2b4ef4408388004dd5d83baf205\sizeof_neg_array_size.cpp 
**** BEGIN FILE stdout: 

**** END FILE stdout ***
**** BEGIN FILE stderr: 
C:\Users\Emre\AppData\Local\Temp\cov-Emre\4bc967f42c34f14a407cedf3324b4b2d\cov-Emre\46a8d2b4ef4408388004dd5d83baf205\sizeof_neg_array_size.cpp:1:37: error: size of array 'x' is negative
  int x[((int)sizeof (int *)) - 13000];
                                     ^

**** END FILE stderr ***
Test failed
**** BEGIN FILE source file: C:/Users/Emre/AppData/Local/Temp/cov-Emre/4bc967f42c34f14a407cedf3324b4b2d/cov-Emre/46a8d2b4ef4408388004dd5d83baf205/zero_size_array.cpp
 int x[0];

**** END FILE source file ***
pipe_command: c:\mingw64\bin\gcc.exe -c C:\Users\Emre\AppData\Local\Temp\cov-Emre\4bc967f42c34f14a407cedf3324b4b2d\cov-Emre\46a8d2b4ef4408388004dd5d83baf205\zero_size_array.cpp 
pipe_commands starting: c:\mingw64\bin\gcc.exe -c C:\Users\Emre\AppData\Local\Temp\cov-Emre\4bc967f42c34f14a407cedf3324b4b2d\cov-Emre\46a8d2b4ef4408388004dd5d83baf205\zero_size_array.cpp 
**** BEGIN FILE stdout: 

**** END FILE stdout ***
**** BEGIN FILE stderr: 

**** END FILE stderr ***
Test succeded
Native compiler minimum array index is 0.
**** END PROBE probe_helpful_compiler_info ****
**** BEGIN PROBE Detecting size_t ****
Detecting size_t.
**** BEGIN FILE source file: C:/Users/Emre/AppData/Local/Temp/cov-Emre/4bc967f42c34f14a407cedf3324b4b2d/cov-Emre/46a8d2b4ef4408388004dd5d83baf205/size_t_is_valid_type.cpp
size_t * s;


**** END FILE source file ***
pipe_command: c:\mingw64\bin\gcc.exe -c C:\Users\Emre\AppData\Local\Temp\cov-Emre\4bc967f42c34f14a407cedf3324b4b2d\cov-Emre\46a8d2b4ef4408388004dd5d83baf205\size_t_is_valid_type.cpp 
pipe_commands starting: c:\mingw64\bin\gcc.exe -c C:\Users\Emre\AppData\Local\Temp\cov-Emre\4bc967f42c34f14a407cedf3324b4b2d\cov-Emre\46a8d2b4ef4408388004dd5d83baf205\size_t_is_valid_type.cpp 
**** BEGIN FILE stdout: 

**** END FILE stdout ***
**** BEGIN FILE stderr: 
C:\Users\Emre\AppData\Local\Temp\cov-Emre\4bc967f42c34f14a407cedf3324b4b2d\cov-Emre\46a8d2b4ef4408388004dd5d83baf205\size_t_is_valid_type.cpp:1:1: error: 'size_t' does not name a type
 size_t * s;
 ^~~~~~
C:\Users\Emre\AppData\Local\Temp\cov-Emre\4bc967f42c34f14a407cedf3324b4b2d\cov-Emre\46a8d2b4ef4408388004dd5d83baf205\size_t_is_valid_type.cpp:1:1: note: 'size_t' is defined in header '<cstddef>'; did you forget to '#include <cstddef>'?
+#include <cstddef>
 size_t * s;
 ^~~~~~

**** END FILE stderr ***
Test failed
**** BEGIN FILE source file: C:/Users/Emre/AppData/Local/Temp/cov-Emre/4bc967f42c34f14a407cedf3324b4b2d/cov-Emre/46a8d2b4ef4408388004dd5d83baf205/size_t_is_valid_type2.cpp
#include <stddef.h>
size_t * s;


**** END FILE source file ***
pipe_command: c:\mingw64\bin\gcc.exe -c C:\Users\Emre\AppData\Local\Temp\cov-Emre\4bc967f42c34f14a407cedf3324b4b2d\cov-Emre\46a8d2b4ef4408388004dd5d83baf205\size_t_is_valid_type2.cpp 
pipe_commands starting: c:\mingw64\bin\gcc.exe -c C:\Users\Emre\AppData\Local\Temp\cov-Emre\4bc967f42c34f14a407cedf3324b4b2d\cov-Emre\46a8d2b4ef4408388004dd5d83baf205\size_t_is_valid_type2.cpp 
**** BEGIN FILE stdout: 

**** END FILE stdout ***
**** BEGIN FILE stderr: 

**** END FILE stderr ***
Test succeded
**** BEGIN FILE source file: C:/Users/Emre/AppData/Local/Temp/cov-Emre/4bc967f42c34f14a407cedf3324b4b2d/cov-Emre/46a8d2b4ef4408388004dd5d83baf205/size_t_is_unsigned_int.cpp
#include <stddef.h>
size_t *s;
unsigned int *i;
void foo() { i=s; }


**** END FILE source file ***
pipe_command: c:\mingw64\bin\gcc.exe -c C:\Users\Emre\AppData\Local\Temp\cov-Emre\4bc967f42c34f14a407cedf3324b4b2d\cov-Emre\46a8d2b4ef4408388004dd5d83baf205\size_t_is_unsigned_int.cpp 
pipe_commands starting: c:\mingw64\bin\gcc.exe -c C:\Users\Emre\AppData\Local\Temp\cov-Emre\4bc967f42c34f14a407cedf3324b4b2d\cov-Emre\46a8d2b4ef4408388004dd5d83baf205\size_t_is_unsigned_int.cpp 
**** BEGIN FILE stdout: 

**** END FILE stdout ***
**** BEGIN FILE stderr: 
C:\Users\Emre\AppData\Local\Temp\cov-Emre\4bc967f42c34f14a407cedf3324b4b2d\cov-Emre\46a8d2b4ef4408388004dd5d83baf205\size_t_is_unsigned_int.cpp: In function 'void foo()':
C:\Users\Emre\AppData\Local\Temp\cov-Emre\4bc967f42c34f14a407cedf3324b4b2d\cov-Emre\46a8d2b4ef4408388004dd5d83baf205\size_t_is_unsigned_int.cpp:4:16: error: cannot convert 'size_t*' {aka 'long long unsigned int*'} to 'unsigned int*' in assignment
 void foo() { i=s; }
                ^

**** END FILE stderr ***
Test failed
**** BEGIN FILE source file: C:/Users/Emre/AppData/Local/Temp/cov-Emre/4bc967f42c34f14a407cedf3324b4b2d/cov-Emre/46a8d2b4ef4408388004dd5d83baf205/size_t_is_unsigned_long.cpp
#include <stddef.h>
size_t *s;
unsigned long *i;
void foo() { i=s; }


**** END FILE source file ***
pipe_command: c:\mingw64\bin\gcc.exe -c C:\Users\Emre\AppData\Local\Temp\cov-Emre\4bc967f42c34f14a407cedf3324b4b2d\cov-Emre\46a8d2b4ef4408388004dd5d83baf205\size_t_is_unsigned_long.cpp 
pipe_commands starting: c:\mingw64\bin\gcc.exe -c C:\Users\Emre\AppData\Local\Temp\cov-Emre\4bc967f42c34f14a407cedf3324b4b2d\cov-Emre\46a8d2b4ef4408388004dd5d83baf205\size_t_is_unsigned_long.cpp 
**** BEGIN FILE stdout: 

**** END FILE stdout ***
**** BEGIN FILE stderr: 
C:\Users\Emre\AppData\Local\Temp\cov-Emre\4bc967f42c34f14a407cedf3324b4b2d\cov-Emre\46a8d2b4ef4408388004dd5d83baf205\size_t_is_unsigned_long.cpp: In function 'void foo()':
C:\Users\Emre\AppData\Local\Temp\cov-Emre\4bc967f42c34f14a407cedf3324b4b2d\cov-Emre\46a8d2b4ef4408388004dd5d83baf205\size_t_is_unsigned_long.cpp:4:16: error: cannot convert 'size_t*' {aka 'long long unsigned int*'} to 'long unsigned int*' in assignment
 void foo() { i=s; }
                ^

**** END FILE stderr ***
Test failed
**** BEGIN FILE source file: C:/Users/Emre/AppData/Local/Temp/cov-Emre/4bc967f42c34f14a407cedf3324b4b2d/cov-Emre/46a8d2b4ef4408388004dd5d83baf205/size_t_is_unsigned_long_long.cpp
#include <stddef.h>
size_t *s;
unsigned long long *i;
void foo() { i=s; }


**** END FILE source file ***
pipe_command: c:\mingw64\bin\gcc.exe -c C:\Users\Emre\AppData\Local\Temp\cov-Emre\4bc967f42c34f14a407cedf3324b4b2d\cov-Emre\46a8d2b4ef4408388004dd5d83baf205\size_t_is_unsigned_long_long.cpp 
pipe_commands starting: c:\mingw64\bin\gcc.exe -c C:\Users\Emre\AppData\Local\Temp\cov-Emre\4bc967f42c34f14a407cedf3324b4b2d\cov-Emre\46a8d2b4ef4408388004dd5d83baf205\size_t_is_unsigned_long_long.cpp 
**** BEGIN FILE stdout: 

**** END FILE stdout ***
**** BEGIN FILE stderr: 

**** END FILE stderr ***
Test succeded
**** END PROBE Detecting size_t ****
**** BEGIN PROBE Detecting ptrdiff_t ****
Detecting ptrdiff_t.
**** BEGIN FILE source file: C:/Users/Emre/AppData/Local/Temp/cov-Emre/4bc967f42c34f14a407cedf3324b4b2d/cov-Emre/46a8d2b4ef4408388004dd5d83baf205/ptrdiff_t_is_valid_type.cpp
ptrdiff_t * s;


**** END FILE source file ***
pipe_command: c:\mingw64\bin\gcc.exe -c C:\Users\Emre\AppData\Local\Temp\cov-Emre\4bc967f42c34f14a407cedf3324b4b2d\cov-Emre\46a8d2b4ef4408388004dd5d83baf205\ptrdiff_t_is_valid_type.cpp 
pipe_commands starting: c:\mingw64\bin\gcc.exe -c C:\Users\Emre\AppData\Local\Temp\cov-Emre\4bc967f42c34f14a407cedf3324b4b2d\cov-Emre\46a8d2b4ef4408388004dd5d83baf205\ptrdiff_t_is_valid_type.cpp 
**** BEGIN FILE stdout: 

**** END FILE stdout ***
**** BEGIN FILE stderr: 
C:\Users\Emre\AppData\Local\Temp\cov-Emre\4bc967f42c34f14a407cedf3324b4b2d\cov-Emre\46a8d2b4ef4408388004dd5d83baf205\ptrdiff_t_is_valid_type.cpp:1:1: error: 'ptrdiff_t' does not name a type
 ptrdiff_t * s;
 ^~~~~~~~~
C:\Users\Emre\AppData\Local\Temp\cov-Emre\4bc967f42c34f14a407cedf3324b4b2d\cov-Emre\46a8d2b4ef4408388004dd5d83baf205\ptrdiff_t_is_valid_type.cpp:1:1: note: 'ptrdiff_t' is defined in header '<cstddef>'; did you forget to '#include <cstddef>'?
+#include <cstddef>
 ptrdiff_t * s;
 ^~~~~~~~~

**** END FILE stderr ***
Test failed
**** BEGIN FILE source file: C:/Users/Emre/AppData/Local/Temp/cov-Emre/4bc967f42c34f14a407cedf3324b4b2d/cov-Emre/46a8d2b4ef4408388004dd5d83baf205/ptrdiff_t_is_valid_type2.cpp
#include <stddef.h>
ptrdiff_t * s;


**** END FILE source file ***
pipe_command: c:\mingw64\bin\gcc.exe -c C:\Users\Emre\AppData\Local\Temp\cov-Emre\4bc967f42c34f14a407cedf3324b4b2d\cov-Emre\46a8d2b4ef4408388004dd5d83baf205\ptrdiff_t_is_valid_type2.cpp 
pipe_commands starting: c:\mingw64\bin\gcc.exe -c C:\Users\Emre\AppData\Local\Temp\cov-Emre\4bc967f42c34f14a407cedf3324b4b2d\cov-Emre\46a8d2b4ef4408388004dd5d83baf205\ptrdiff_t_is_valid_type2.cpp 
**** BEGIN FILE stdout: 

**** END FILE stdout ***
**** BEGIN FILE stderr: 

**** END FILE stderr ***
Test succeded
**** BEGIN FILE source file: C:/Users/Emre/AppData/Local/Temp/cov-Emre/4bc967f42c34f14a407cedf3324b4b2d/cov-Emre/46a8d2b4ef4408388004dd5d83baf205/size_t_is_int.cpp
#include <stddef.h>
ptrdiff_t *s;
int *i;
void foo() { i=s; }


**** END FILE source file ***
pipe_command: c:\mingw64\bin\gcc.exe -c C:\Users\Emre\AppData\Local\Temp\cov-Emre\4bc967f42c34f14a407cedf3324b4b2d\cov-Emre\46a8d2b4ef4408388004dd5d83baf205\size_t_is_int.cpp 
pipe_commands starting: c:\mingw64\bin\gcc.exe -c C:\Users\Emre\AppData\Local\Temp\cov-Emre\4bc967f42c34f14a407cedf3324b4b2d\cov-Emre\46a8d2b4ef4408388004dd5d83baf205\size_t_is_int.cpp 
**** BEGIN FILE stdout: 

**** END FILE stdout ***
**** BEGIN FILE stderr: 
C:\Users\Emre\AppData\Local\Temp\cov-Emre\4bc967f42c34f14a407cedf3324b4b2d\cov-Emre\46a8d2b4ef4408388004dd5d83baf205\size_t_is_int.cpp: In function 'void foo()':
C:\Users\Emre\AppData\Local\Temp\cov-Emre\4bc967f42c34f14a407cedf3324b4b2d\cov-Emre\46a8d2b4ef4408388004dd5d83baf205\size_t_is_int.cpp:4:16: error: cannot convert 'ptrdiff_t*' {aka 'long long int*'} to 'int*' in assignment
 void foo() { i=s; }
                ^

**** END FILE stderr ***
Test failed
**** BEGIN FILE source file: C:/Users/Emre/AppData/Local/Temp/cov-Emre/4bc967f42c34f14a407cedf3324b4b2d/cov-Emre/46a8d2b4ef4408388004dd5d83baf205/size_t_is_long.cpp
#include <stddef.h>
ptrdiff_t *s;
long *i;
void foo() { i=s; }


**** END FILE source file ***
pipe_command: c:\mingw64\bin\gcc.exe -c C:\Users\Emre\AppData\Local\Temp\cov-Emre\4bc967f42c34f14a407cedf3324b4b2d\cov-Emre\46a8d2b4ef4408388004dd5d83baf205\size_t_is_long.cpp 
pipe_commands starting: c:\mingw64\bin\gcc.exe -c C:\Users\Emre\AppData\Local\Temp\cov-Emre\4bc967f42c34f14a407cedf3324b4b2d\cov-Emre\46a8d2b4ef4408388004dd5d83baf205\size_t_is_long.cpp 
**** BEGIN FILE stdout: 

**** END FILE stdout ***
**** BEGIN FILE stderr: 
C:\Users\Emre\AppData\Local\Temp\cov-Emre\4bc967f42c34f14a407cedf3324b4b2d\cov-Emre\46a8d2b4ef4408388004dd5d83baf205\size_t_is_long.cpp: In function 'void foo()':
C:\Users\Emre\AppData\Local\Temp\cov-Emre\4bc967f42c34f14a407cedf3324b4b2d\cov-Emre\46a8d2b4ef4408388004dd5d83baf205\size_t_is_long.cpp:4:16: error: cannot convert 'ptrdiff_t*' {aka 'long long int*'} to 'long int*' in assignment
 void foo() { i=s; }
                ^

**** END FILE stderr ***
Test failed
**** BEGIN FILE source file: C:/Users/Emre/AppData/Local/Temp/cov-Emre/4bc967f42c34f14a407cedf3324b4b2d/cov-Emre/46a8d2b4ef4408388004dd5d83baf205/size_t_is_long_long.cpp
#include <stddef.h>
ptrdiff_t *s;
long long *i;
void foo() { i=s; }


**** END FILE source file ***
pipe_command: c:\mingw64\bin\gcc.exe -c C:\Users\Emre\AppData\Local\Temp\cov-Emre\4bc967f42c34f14a407cedf3324b4b2d\cov-Emre\46a8d2b4ef4408388004dd5d83baf205\size_t_is_long_long.cpp 
pipe_commands starting: c:\mingw64\bin\gcc.exe -c C:\Users\Emre\AppData\Local\Temp\cov-Emre\4bc967f42c34f14a407cedf3324b4b2d\cov-Emre\46a8d2b4ef4408388004dd5d83baf205\size_t_is_long_long.cpp 
**** BEGIN FILE stdout: 

**** END FILE stdout ***
**** BEGIN FILE stderr: 

**** END FILE stderr ***
Test succeded
**** END PROBE Detecting ptrdiff_t ****
**** BEGIN PROBE add_appropriate_type_size_and_alignment_switch ****
[STATUS] g++-config-0: Detecting size and alignment of fundamental types.
Detecting size and alignment of wchar_t
**** BEGIN PROBE run_type_size_test ****
**** BEGIN FILE source file: C:/Users/Emre/AppData/Local/Temp/cov-Emre/4bc967f42c34f14a407cedf3324b4b2d/cov-Emre/46a8d2b4ef4408388004dd5d83baf205/keyword_wchar_t.cpp
wchar_t x;

**** END FILE source file ***
pipe_command: c:\mingw64\bin\gcc.exe -c C:\Users\Emre\AppData\Local\Temp\cov-Emre\4bc967f42c34f14a407cedf3324b4b2d\cov-Emre\46a8d2b4ef4408388004dd5d83baf205\keyword_wchar_t.cpp 
pipe_commands starting: c:\mingw64\bin\gcc.exe -c C:\Users\Emre\AppData\Local\Temp\cov-Emre\4bc967f42c34f14a407cedf3324b4b2d\cov-Emre\46a8d2b4ef4408388004dd5d83baf205\keyword_wchar_t.cpp 
**** BEGIN FILE stdout: 

**** END FILE stdout ***
**** BEGIN FILE stderr: 

**** END FILE stderr ***
Test succeded
**** BEGIN FILE source file: C:/Users/Emre/AppData/Local/Temp/cov-Emre/4bc967f42c34f14a407cedf3324b4b2d/cov-Emre/46a8d2b4ef4408388004dd5d83baf205/wchar_t_size_4.cpp
int x [((int)sizeof (wchar_t)) -4];

**** END FILE source file ***
pipe_command: c:\mingw64\bin\gcc.exe -c C:\Users\Emre\AppData\Local\Temp\cov-Emre\4bc967f42c34f14a407cedf3324b4b2d\cov-Emre\46a8d2b4ef4408388004dd5d83baf205\wchar_t_size_4.cpp 
pipe_commands starting: c:\mingw64\bin\gcc.exe -c C:\Users\Emre\AppData\Local\Temp\cov-Emre\4bc967f42c34f14a407cedf3324b4b2d\cov-Emre\46a8d2b4ef4408388004dd5d83baf205\wchar_t_size_4.cpp 
**** BEGIN FILE stdout: 

**** END FILE stdout ***
**** BEGIN FILE stderr: 
C:\Users\Emre\AppData\Local\Temp\cov-Emre\4bc967f42c34f14a407cedf3324b4b2d\cov-Emre\46a8d2b4ef4408388004dd5d83baf205\wchar_t_size_4.cpp:1:34: error: size of array 'x' is negative
 int x [((int)sizeof (wchar_t)) -4];
                                  ^

**** END FILE stderr ***
Test failed
**** BEGIN FILE source file: C:/Users/Emre/AppData/Local/Temp/cov-Emre/4bc967f42c34f14a407cedf3324b4b2d/cov-Emre/46a8d2b4ef4408388004dd5d83baf205/wchar_t_size_3.cpp
int x [((int)sizeof (wchar_t)) -3];

**** END FILE source file ***
pipe_command: c:\mingw64\bin\gcc.exe -c C:\Users\Emre\AppData\Local\Temp\cov-Emre\4bc967f42c34f14a407cedf3324b4b2d\cov-Emre\46a8d2b4ef4408388004dd5d83baf205\wchar_t_size_3.cpp 
pipe_commands starting: c:\mingw64\bin\gcc.exe -c C:\Users\Emre\AppData\Local\Temp\cov-Emre\4bc967f42c34f14a407cedf3324b4b2d\cov-Emre\46a8d2b4ef4408388004dd5d83baf205\wchar_t_size_3.cpp 
**** BEGIN FILE stdout: 

**** END FILE stdout ***
**** BEGIN FILE stderr: 
C:\Users\Emre\AppData\Local\Temp\cov-Emre\4bc967f42c34f14a407cedf3324b4b2d\cov-Emre\46a8d2b4ef4408388004dd5d83baf205\wchar_t_size_3.cpp:1:34: error: size of array 'x' is negative
 int x [((int)sizeof (wchar_t)) -3];
                                  ^

**** END FILE stderr ***
Test failed
**** BEGIN FILE source file: C:/Users/Emre/AppData/Local/Temp/cov-Emre/4bc967f42c34f14a407cedf3324b4b2d/cov-Emre/46a8d2b4ef4408388004dd5d83baf205/wchar_t_size_2.cpp
int x [((int)sizeof (wchar_t)) -2];

**** END FILE source file ***
pipe_command: c:\mingw64\bin\gcc.exe -c C:\Users\Emre\AppData\Local\Temp\cov-Emre\4bc967f42c34f14a407cedf3324b4b2d\cov-Emre\46a8d2b4ef4408388004dd5d83baf205\wchar_t_size_2.cpp 
pipe_commands starting: c:\mingw64\bin\gcc.exe -c C:\Users\Emre\AppData\Local\Temp\cov-Emre\4bc967f42c34f14a407cedf3324b4b2d\cov-Emre\46a8d2b4ef4408388004dd5d83baf205\wchar_t_size_2.cpp 
**** BEGIN FILE stdout: 

**** END FILE stdout ***
**** BEGIN FILE stderr: 

**** END FILE stderr ***
Test succeded
**** END PROBE run_type_size_test ****
**** BEGIN FILE source file: C:/Users/Emre/AppData/Local/Temp/cov-Emre/4bc967f42c34f14a407cedf3324b4b2d/cov-Emre/46a8d2b4ef4408388004dd5d83baf205/wchar_t_align_4.cpp
struct X { char a; wchar_t b; };
struct Y {
char a1;
char a2;
char a3;
char a4;
wchar_t b; };
int x[sizeof(struct X)==sizeof(struct Y)?1:-1];


**** END FILE source file ***
pipe_command: c:\mingw64\bin\gcc.exe -c C:\Users\Emre\AppData\Local\Temp\cov-Emre\4bc967f42c34f14a407cedf3324b4b2d\cov-Emre\46a8d2b4ef4408388004dd5d83baf205\wchar_t_align_4.cpp 
pipe_commands starting: c:\mingw64\bin\gcc.exe -c C:\Users\Emre\AppData\Local\Temp\cov-Emre\4bc967f42c34f14a407cedf3324b4b2d\cov-Emre\46a8d2b4ef4408388004dd5d83baf205\wchar_t_align_4.cpp 
**** BEGIN FILE stdout: 

**** END FILE stdout ***
**** BEGIN FILE stderr: 
C:\Users\Emre\AppData\Local\Temp\cov-Emre\4bc967f42c34f14a407cedf3324b4b2d\cov-Emre\46a8d2b4ef4408388004dd5d83baf205\wchar_t_align_4.cpp:8:46: error: size of array 'x' is negative
 int x[sizeof(struct X)==sizeof(struct Y)?1:-1];
                                              ^

**** END FILE stderr ***
Test failed
**** BEGIN FILE source file: C:/Users/Emre/AppData/Local/Temp/cov-Emre/4bc967f42c34f14a407cedf3324b4b2d/cov-Emre/46a8d2b4ef4408388004dd5d83baf205/wchar_t_align_3.cpp
struct X { char a; wchar_t b; };
struct Y {
char a1;
char a2;
char a3;
wchar_t b; };
int x[sizeof(struct X)==sizeof(struct Y)?1:-1];


**** END FILE source file ***
pipe_command: c:\mingw64\bin\gcc.exe -c C:\Users\Emre\AppData\Local\Temp\cov-Emre\4bc967f42c34f14a407cedf3324b4b2d\cov-Emre\46a8d2b4ef4408388004dd5d83baf205\wchar_t_align_3.cpp 
pipe_commands starting: c:\mingw64\bin\gcc.exe -c C:\Users\Emre\AppData\Local\Temp\cov-Emre\4bc967f42c34f14a407cedf3324b4b2d\cov-Emre\46a8d2b4ef4408388004dd5d83baf205\wchar_t_align_3.cpp 
**** BEGIN FILE stdout: 

**** END FILE stdout ***
**** BEGIN FILE stderr: 
C:\Users\Emre\AppData\Local\Temp\cov-Emre\4bc967f42c34f14a407cedf3324b4b2d\cov-Emre\46a8d2b4ef4408388004dd5d83baf205\wchar_t_align_3.cpp:7:46: error: size of array 'x' is negative
 int x[sizeof(struct X)==sizeof(struct Y)?1:-1];
                                              ^

**** END FILE stderr ***
Test failed
**** BEGIN FILE source file: C:/Users/Emre/AppData/Local/Temp/cov-Emre/4bc967f42c34f14a407cedf3324b4b2d/cov-Emre/46a8d2b4ef4408388004dd5d83baf205/wchar_t_align_2.cpp
struct X { char a; wchar_t b; };
struct Y {
char a1;
char a2;
wchar_t b; };
int x[sizeof(struct X)==sizeof(struct Y)?1:-1];


**** END FILE source file ***
pipe_command: c:\mingw64\bin\gcc.exe -c C:\Users\Emre\AppData\Local\Temp\cov-Emre\4bc967f42c34f14a407cedf3324b4b2d\cov-Emre\46a8d2b4ef4408388004dd5d83baf205\wchar_t_align_2.cpp 
pipe_commands starting: c:\mingw64\bin\gcc.exe -c C:\Users\Emre\AppData\Local\Temp\cov-Emre\4bc967f42c34f14a407cedf3324b4b2d\cov-Emre\46a8d2b4ef4408388004dd5d83baf205\wchar_t_align_2.cpp 
**** BEGIN FILE stdout: 

**** END FILE stdout ***
**** BEGIN FILE stderr: 

**** END FILE stderr ***
Test succeded
Detecting size and alignment of long long
**** BEGIN PROBE run_type_size_test ****
**** BEGIN FILE source file: C:/Users/Emre/AppData/Local/Temp/cov-Emre/4bc967f42c34f14a407cedf3324b4b2d/cov-Emre/46a8d2b4ef4408388004dd5d83baf205/keyword_long_long.cpp
long long x;

**** END FILE source file ***
pipe_command: c:\mingw64\bin\gcc.exe -c C:\Users\Emre\AppData\Local\Temp\cov-Emre\4bc967f42c34f14a407cedf3324b4b2d\cov-Emre\46a8d2b4ef4408388004dd5d83baf205\keyword_long_long.cpp 
pipe_commands starting: c:\mingw64\bin\gcc.exe -c C:\Users\Emre\AppData\Local\Temp\cov-Emre\4bc967f42c34f14a407cedf3324b4b2d\cov-Emre\46a8d2b4ef4408388004dd5d83baf205\keyword_long_long.cpp 
**** BEGIN FILE stdout: 

**** END FILE stdout ***
**** BEGIN FILE stderr: 

**** END FILE stderr ***
Test succeded
**** BEGIN FILE source file: C:/Users/Emre/AppData/Local/Temp/cov-Emre/4bc967f42c34f14a407cedf3324b4b2d/cov-Emre/46a8d2b4ef4408388004dd5d83baf205/long_long_size_8.cpp
int x [((int)sizeof (long long)) -8];

**** END FILE source file ***
pipe_command: c:\mingw64\bin\gcc.exe -c C:\Users\Emre\AppData\Local\Temp\cov-Emre\4bc967f42c34f14a407cedf3324b4b2d\cov-Emre\46a8d2b4ef4408388004dd5d83baf205\long_long_size_8.cpp 
pipe_commands starting: c:\mingw64\bin\gcc.exe -c C:\Users\Emre\AppData\Local\Temp\cov-Emre\4bc967f42c34f14a407cedf3324b4b2d\cov-Emre\46a8d2b4ef4408388004dd5d83baf205\long_long_size_8.cpp 
**** BEGIN FILE stdout: 

**** END FILE stdout ***
**** BEGIN FILE stderr: 

**** END FILE stderr ***
Test succeded
**** END PROBE run_type_size_test ****
**** BEGIN FILE source file: C:/Users/Emre/AppData/Local/Temp/cov-Emre/4bc967f42c34f14a407cedf3324b4b2d/cov-Emre/46a8d2b4ef4408388004dd5d83baf205/long_long_align_8.cpp
struct X { char a; long long b; };
struct Y {
char a1;
char a2;
char a3;
char a4;
char a5;
char a6;
char a7;
char a8;
long long b; };
int x[sizeof(struct X)==sizeof(struct Y)?1:-1];


**** END FILE source file ***
pipe_command: c:\mingw64\bin\gcc.exe -c C:\Users\Emre\AppData\Local\Temp\cov-Emre\4bc967f42c34f14a407cedf3324b4b2d\cov-Emre\46a8d2b4ef4408388004dd5d83baf205\long_long_align_8.cpp 
pipe_commands starting: c:\mingw64\bin\gcc.exe -c C:\Users\Emre\AppData\Local\Temp\cov-Emre\4bc967f42c34f14a407cedf3324b4b2d\cov-Emre\46a8d2b4ef4408388004dd5d83baf205\long_long_align_8.cpp 
**** BEGIN FILE stdout: 

**** END FILE stdout ***
**** BEGIN FILE stderr: 

**** END FILE stderr ***
Test succeded
Detecting size and alignment of long
**** BEGIN PROBE run_type_size_test ****
**** BEGIN FILE source file: C:/Users/Emre/AppData/Local/Temp/cov-Emre/4bc967f42c34f14a407cedf3324b4b2d/cov-Emre/46a8d2b4ef4408388004dd5d83baf205/keyword_long.cpp
long x;

**** END FILE source file ***
pipe_command: c:\mingw64\bin\gcc.exe -c C:\Users\Emre\AppData\Local\Temp\cov-Emre\4bc967f42c34f14a407cedf3324b4b2d\cov-Emre\46a8d2b4ef4408388004dd5d83baf205\keyword_long.cpp 
pipe_commands starting: c:\mingw64\bin\gcc.exe -c C:\Users\Emre\AppData\Local\Temp\cov-Emre\4bc967f42c34f14a407cedf3324b4b2d\cov-Emre\46a8d2b4ef4408388004dd5d83baf205\keyword_long.cpp 
**** BEGIN FILE stdout: 

**** END FILE stdout ***
**** BEGIN FILE stderr: 

**** END FILE stderr ***
Test succeded
**** BEGIN FILE source file: C:/Users/Emre/AppData/Local/Temp/cov-Emre/4bc967f42c34f14a407cedf3324b4b2d/cov-Emre/46a8d2b4ef4408388004dd5d83baf205/long_size_8.cpp
int x [((int)sizeof (long)) -8];

**** END FILE source file ***
pipe_command: c:\mingw64\bin\gcc.exe -c C:\Users\Emre\AppData\Local\Temp\cov-Emre\4bc967f42c34f14a407cedf3324b4b2d\cov-Emre\46a8d2b4ef4408388004dd5d83baf205\long_size_8.cpp 
pipe_commands starting: c:\mingw64\bin\gcc.exe -c C:\Users\Emre\AppData\Local\Temp\cov-Emre\4bc967f42c34f14a407cedf3324b4b2d\cov-Emre\46a8d2b4ef4408388004dd5d83baf205\long_size_8.cpp 
**** BEGIN FILE stdout: 

**** END FILE stdout ***
**** BEGIN FILE stderr: 
C:\Users\Emre\AppData\Local\Temp\cov-Emre\4bc967f42c34f14a407cedf3324b4b2d\cov-Emre\46a8d2b4ef4408388004dd5d83baf205\long_size_8.cpp:1:31: error: size of array 'x' is negative
 int x [((int)sizeof (long)) -8];
                               ^

**** END FILE stderr ***
Test failed
**** BEGIN FILE source file: C:/Users/Emre/AppData/Local/Temp/cov-Emre/4bc967f42c34f14a407cedf3324b4b2d/cov-Emre/46a8d2b4ef4408388004dd5d83baf205/long_size_7.cpp
int x [((int)sizeof (long)) -7];

**** END FILE source file ***
pipe_command: c:\mingw64\bin\gcc.exe -c C:\Users\Emre\AppData\Local\Temp\cov-Emre\4bc967f42c34f14a407cedf3324b4b2d\cov-Emre\46a8d2b4ef4408388004dd5d83baf205\long_size_7.cpp 
pipe_commands starting: c:\mingw64\bin\gcc.exe -c C:\Users\Emre\AppData\Local\Temp\cov-Emre\4bc967f42c34f14a407cedf3324b4b2d\cov-Emre\46a8d2b4ef4408388004dd5d83baf205\long_size_7.cpp 
**** BEGIN FILE stdout: 

**** END FILE stdout ***
**** BEGIN FILE stderr: 
C:\Users\Emre\AppData\Local\Temp\cov-Emre\4bc967f42c34f14a407cedf3324b4b2d\cov-Emre\46a8d2b4ef4408388004dd5d83baf205\long_size_7.cpp:1:31: error: size of array 'x' is negative
 int x [((int)sizeof (long)) -7];
                               ^

**** END FILE stderr ***
Test failed
**** BEGIN FILE source file: C:/Users/Emre/AppData/Local/Temp/cov-Emre/4bc967f42c34f14a407cedf3324b4b2d/cov-Emre/46a8d2b4ef4408388004dd5d83baf205/long_size_6.cpp
int x [((int)sizeof (long)) -6];

**** END FILE source file ***
pipe_command: c:\mingw64\bin\gcc.exe -c C:\Users\Emre\AppData\Local\Temp\cov-Emre\4bc967f42c34f14a407cedf3324b4b2d\cov-Emre\46a8d2b4ef4408388004dd5d83baf205\long_size_6.cpp 
pipe_commands starting: c:\mingw64\bin\gcc.exe -c C:\Users\Emre\AppData\Local\Temp\cov-Emre\4bc967f42c34f14a407cedf3324b4b2d\cov-Emre\46a8d2b4ef4408388004dd5d83baf205\long_size_6.cpp 
**** BEGIN FILE stdout: 

**** END FILE stdout ***
**** BEGIN FILE stderr: 
C:\Users\Emre\AppData\Local\Temp\cov-Emre\4bc967f42c34f14a407cedf3324b4b2d\cov-Emre\46a8d2b4ef4408388004dd5d83baf205\long_size_6.cpp:1:31: error: size of array 'x' is negative
 int x [((int)sizeof (long)) -6];
                               ^

**** END FILE stderr ***
Test failed
**** BEGIN FILE source file: C:/Users/Emre/AppData/Local/Temp/cov-Emre/4bc967f42c34f14a407cedf3324b4b2d/cov-Emre/46a8d2b4ef4408388004dd5d83baf205/long_size_5.cpp
int x [((int)sizeof (long)) -5];

**** END FILE source file ***
pipe_command: c:\mingw64\bin\gcc.exe -c C:\Users\Emre\AppData\Local\Temp\cov-Emre\4bc967f42c34f14a407cedf3324b4b2d\cov-Emre\46a8d2b4ef4408388004dd5d83baf205\long_size_5.cpp 
pipe_commands starting: c:\mingw64\bin\gcc.exe -c C:\Users\Emre\AppData\Local\Temp\cov-Emre\4bc967f42c34f14a407cedf3324b4b2d\cov-Emre\46a8d2b4ef4408388004dd5d83baf205\long_size_5.cpp 
**** BEGIN FILE stdout: 

**** END FILE stdout ***
**** BEGIN FILE stderr: 
C:\Users\Emre\AppData\Local\Temp\cov-Emre\4bc967f42c34f14a407cedf3324b4b2d\cov-Emre\46a8d2b4ef4408388004dd5d83baf205\long_size_5.cpp:1:31: error: size of array 'x' is negative
 int x [((int)sizeof (long)) -5];
                               ^

**** END FILE stderr ***
Test failed
**** BEGIN FILE source file: C:/Users/Emre/AppData/Local/Temp/cov-Emre/4bc967f42c34f14a407cedf3324b4b2d/cov-Emre/46a8d2b4ef4408388004dd5d83baf205/long_size_4.cpp
int x [((int)sizeof (long)) -4];

**** END FILE source file ***
pipe_command: c:\mingw64\bin\gcc.exe -c C:\Users\Emre\AppData\Local\Temp\cov-Emre\4bc967f42c34f14a407cedf3324b4b2d\cov-Emre\46a8d2b4ef4408388004dd5d83baf205\long_size_4.cpp 
pipe_commands starting: c:\mingw64\bin\gcc.exe -c C:\Users\Emre\AppData\Local\Temp\cov-Emre\4bc967f42c34f14a407cedf3324b4b2d\cov-Emre\46a8d2b4ef4408388004dd5d83baf205\long_size_4.cpp 
**** BEGIN FILE stdout: 

**** END FILE stdout ***
**** BEGIN FILE stderr: 

**** END FILE stderr ***
Test succeded
**** END PROBE run_type_size_test ****
**** BEGIN FILE source file: C:/Users/Emre/AppData/Local/Temp/cov-Emre/4bc967f42c34f14a407cedf3324b4b2d/cov-Emre/46a8d2b4ef4408388004dd5d83baf205/long_align_8.cpp
struct X { char a; long b; };
struct Y {
char a1;
char a2;
char a3;
char a4;
char a5;
char a6;
char a7;
char a8;
long b; };
int x[sizeof(struct X)==sizeof(struct Y)?1:-1];


**** END FILE source file ***
pipe_command: c:\mingw64\bin\gcc.exe -c C:\Users\Emre\AppData\Local\Temp\cov-Emre\4bc967f42c34f14a407cedf3324b4b2d\cov-Emre\46a8d2b4ef4408388004dd5d83baf205\long_align_8.cpp 
pipe_commands starting: c:\mingw64\bin\gcc.exe -c C:\Users\Emre\AppData\Local\Temp\cov-Emre\4bc967f42c34f14a407cedf3324b4b2d\cov-Emre\46a8d2b4ef4408388004dd5d83baf205\long_align_8.cpp 
**** BEGIN FILE stdout: 

**** END FILE stdout ***
**** BEGIN FILE stderr: 
C:\Users\Emre\AppData\Local\Temp\cov-Emre\4bc967f42c34f14a407cedf3324b4b2d\cov-Emre\46a8d2b4ef4408388004dd5d83baf205\long_align_8.cpp:12:46: error: size of array 'x' is negative
 int x[sizeof(struct X)==sizeof(struct Y)?1:-1];
                                              ^

**** END FILE stderr ***
Test failed
**** BEGIN FILE source file: C:/Users/Emre/AppData/Local/Temp/cov-Emre/4bc967f42c34f14a407cedf3324b4b2d/cov-Emre/46a8d2b4ef4408388004dd5d83baf205/long_align_7.cpp
struct X { char a; long b; };
struct Y {
char a1;
char a2;
char a3;
char a4;
char a5;
char a6;
char a7;
long b; };
int x[sizeof(struct X)==sizeof(struct Y)?1:-1];


**** END FILE source file ***
pipe_command: c:\mingw64\bin\gcc.exe -c C:\Users\Emre\AppData\Local\Temp\cov-Emre\4bc967f42c34f14a407cedf3324b4b2d\cov-Emre\46a8d2b4ef4408388004dd5d83baf205\long_align_7.cpp 
pipe_commands starting: c:\mingw64\bin\gcc.exe -c C:\Users\Emre\AppData\Local\Temp\cov-Emre\4bc967f42c34f14a407cedf3324b4b2d\cov-Emre\46a8d2b4ef4408388004dd5d83baf205\long_align_7.cpp 
**** BEGIN FILE stdout: 

**** END FILE stdout ***
**** BEGIN FILE stderr: 
C:\Users\Emre\AppData\Local\Temp\cov-Emre\4bc967f42c34f14a407cedf3324b4b2d\cov-Emre\46a8d2b4ef4408388004dd5d83baf205\long_align_7.cpp:11:46: error: size of array 'x' is negative
 int x[sizeof(struct X)==sizeof(struct Y)?1:-1];
                                              ^

**** END FILE stderr ***
Test failed
**** BEGIN FILE source file: C:/Users/Emre/AppData/Local/Temp/cov-Emre/4bc967f42c34f14a407cedf3324b4b2d/cov-Emre/46a8d2b4ef4408388004dd5d83baf205/long_align_6.cpp
struct X { char a; long b; };
struct Y {
char a1;
char a2;
char a3;
char a4;
char a5;
char a6;
long b; };
int x[sizeof(struct X)==sizeof(struct Y)?1:-1];


**** END FILE source file ***
pipe_command: c:\mingw64\bin\gcc.exe -c C:\Users\Emre\AppData\Local\Temp\cov-Emre\4bc967f42c34f14a407cedf3324b4b2d\cov-Emre\46a8d2b4ef4408388004dd5d83baf205\long_align_6.cpp 
pipe_commands starting: c:\mingw64\bin\gcc.exe -c C:\Users\Emre\AppData\Local\Temp\cov-Emre\4bc967f42c34f14a407cedf3324b4b2d\cov-Emre\46a8d2b4ef4408388004dd5d83baf205\long_align_6.cpp 
**** BEGIN FILE stdout: 

**** END FILE stdout ***
**** BEGIN FILE stderr: 
C:\Users\Emre\AppData\Local\Temp\cov-Emre\4bc967f42c34f14a407cedf3324b4b2d\cov-Emre\46a8d2b4ef4408388004dd5d83baf205\long_align_6.cpp:10:46: error: size of array 'x' is negative
 int x[sizeof(struct X)==sizeof(struct Y)?1:-1];
                                              ^

**** END FILE stderr ***
Test failed
**** BEGIN FILE source file: C:/Users/Emre/AppData/Local/Temp/cov-Emre/4bc967f42c34f14a407cedf3324b4b2d/cov-Emre/46a8d2b4ef4408388004dd5d83baf205/long_align_5.cpp
struct X { char a; long b; };
struct Y {
char a1;
char a2;
char a3;
char a4;
char a5;
long b; };
int x[sizeof(struct X)==sizeof(struct Y)?1:-1];


**** END FILE source file ***
pipe_command: c:\mingw64\bin\gcc.exe -c C:\Users\Emre\AppData\Local\Temp\cov-Emre\4bc967f42c34f14a407cedf3324b4b2d\cov-Emre\46a8d2b4ef4408388004dd5d83baf205\long_align_5.cpp 
pipe_commands starting: c:\mingw64\bin\gcc.exe -c C:\Users\Emre\AppData\Local\Temp\cov-Emre\4bc967f42c34f14a407cedf3324b4b2d\cov-Emre\46a8d2b4ef4408388004dd5d83baf205\long_align_5.cpp 
**** BEGIN FILE stdout: 

**** END FILE stdout ***
**** BEGIN FILE stderr: 
C:\Users\Emre\AppData\Local\Temp\cov-Emre\4bc967f42c34f14a407cedf3324b4b2d\cov-Emre\46a8d2b4ef4408388004dd5d83baf205\long_align_5.cpp:9:46: error: size of array 'x' is negative
 int x[sizeof(struct X)==sizeof(struct Y)?1:-1];
                                              ^

**** END FILE stderr ***
Test failed
**** BEGIN FILE source file: C:/Users/Emre/AppData/Local/Temp/cov-Emre/4bc967f42c34f14a407cedf3324b4b2d/cov-Emre/46a8d2b4ef4408388004dd5d83baf205/long_align_4.cpp
struct X { char a; long b; };
struct Y {
char a1;
char a2;
char a3;
char a4;
long b; };
int x[sizeof(struct X)==sizeof(struct Y)?1:-1];


**** END FILE source file ***
pipe_command: c:\mingw64\bin\gcc.exe -c C:\Users\Emre\AppData\Local\Temp\cov-Emre\4bc967f42c34f14a407cedf3324b4b2d\cov-Emre\46a8d2b4ef4408388004dd5d83baf205\long_align_4.cpp 
pipe_commands starting: c:\mingw64\bin\gcc.exe -c C:\Users\Emre\AppData\Local\Temp\cov-Emre\4bc967f42c34f14a407cedf3324b4b2d\cov-Emre\46a8d2b4ef4408388004dd5d83baf205\long_align_4.cpp 
**** BEGIN FILE stdout: 

**** END FILE stdout ***
**** BEGIN FILE stderr: 

**** END FILE stderr ***
Test succeded
Detecting size and alignment of int
**** BEGIN PROBE run_type_size_test ****
**** BEGIN FILE source file: C:/Users/Emre/AppData/Local/Temp/cov-Emre/4bc967f42c34f14a407cedf3324b4b2d/cov-Emre/46a8d2b4ef4408388004dd5d83baf205/keyword_int.cpp
int x;

**** END FILE source file ***
pipe_command: c:\mingw64\bin\gcc.exe -c C:\Users\Emre\AppData\Local\Temp\cov-Emre\4bc967f42c34f14a407cedf3324b4b2d\cov-Emre\46a8d2b4ef4408388004dd5d83baf205\keyword_int.cpp 
pipe_commands starting: c:\mingw64\bin\gcc.exe -c C:\Users\Emre\AppData\Local\Temp\cov-Emre\4bc967f42c34f14a407cedf3324b4b2d\cov-Emre\46a8d2b4ef4408388004dd5d83baf205\keyword_int.cpp 
**** BEGIN FILE stdout: 

**** END FILE stdout ***
**** BEGIN FILE stderr: 

**** END FILE stderr ***
Test succeded
**** BEGIN FILE source file: C:/Users/Emre/AppData/Local/Temp/cov-Emre/4bc967f42c34f14a407cedf3324b4b2d/cov-Emre/46a8d2b4ef4408388004dd5d83baf205/int_size_4.cpp
int x [((int)sizeof (int)) -4];

**** END FILE source file ***
pipe_command: c:\mingw64\bin\gcc.exe -c C:\Users\Emre\AppData\Local\Temp\cov-Emre\4bc967f42c34f14a407cedf3324b4b2d\cov-Emre\46a8d2b4ef4408388004dd5d83baf205\int_size_4.cpp 
pipe_commands starting: c:\mingw64\bin\gcc.exe -c C:\Users\Emre\AppData\Local\Temp\cov-Emre\4bc967f42c34f14a407cedf3324b4b2d\cov-Emre\46a8d2b4ef4408388004dd5d83baf205\int_size_4.cpp 
**** BEGIN FILE stdout: 

**** END FILE stdout ***
**** BEGIN FILE stderr: 

**** END FILE stderr ***
Test succeded
**** END PROBE run_type_size_test ****
**** BEGIN FILE source file: C:/Users/Emre/AppData/Local/Temp/cov-Emre/4bc967f42c34f14a407cedf3324b4b2d/cov-Emre/46a8d2b4ef4408388004dd5d83baf205/int_align_4.cpp
struct X { char a; int b; };
struct Y {
char a1;
char a2;
char a3;
char a4;
int b; };
int x[sizeof(struct X)==sizeof(struct Y)?1:-1];


**** END FILE source file ***
pipe_command: c:\mingw64\bin\gcc.exe -c C:\Users\Emre\AppData\Local\Temp\cov-Emre\4bc967f42c34f14a407cedf3324b4b2d\cov-Emre\46a8d2b4ef4408388004dd5d83baf205\int_align_4.cpp 
pipe_commands starting: c:\mingw64\bin\gcc.exe -c C:\Users\Emre\AppData\Local\Temp\cov-Emre\4bc967f42c34f14a407cedf3324b4b2d\cov-Emre\46a8d2b4ef4408388004dd5d83baf205\int_align_4.cpp 
**** BEGIN FILE stdout: 

**** END FILE stdout ***
**** BEGIN FILE stderr: 

**** END FILE stderr ***
Test succeded
Detecting size and alignment of short
**** BEGIN PROBE run_type_size_test ****
**** BEGIN FILE source file: C:/Users/Emre/AppData/Local/Temp/cov-Emre/4bc967f42c34f14a407cedf3324b4b2d/cov-Emre/46a8d2b4ef4408388004dd5d83baf205/keyword_short.cpp
short x;

**** END FILE source file ***
pipe_command: c:\mingw64\bin\gcc.exe -c C:\Users\Emre\AppData\Local\Temp\cov-Emre\4bc967f42c34f14a407cedf3324b4b2d\cov-Emre\46a8d2b4ef4408388004dd5d83baf205\keyword_short.cpp 
pipe_commands starting: c:\mingw64\bin\gcc.exe -c C:\Users\Emre\AppData\Local\Temp\cov-Emre\4bc967f42c34f14a407cedf3324b4b2d\cov-Emre\46a8d2b4ef4408388004dd5d83baf205\keyword_short.cpp 
**** BEGIN FILE stdout: 

**** END FILE stdout ***
**** BEGIN FILE stderr: 

**** END FILE stderr ***
Test succeded
**** BEGIN FILE source file: C:/Users/Emre/AppData/Local/Temp/cov-Emre/4bc967f42c34f14a407cedf3324b4b2d/cov-Emre/46a8d2b4ef4408388004dd5d83baf205/short_size_4.cpp
int x [((int)sizeof (short)) -4];

**** END FILE source file ***
pipe_command: c:\mingw64\bin\gcc.exe -c C:\Users\Emre\AppData\Local\Temp\cov-Emre\4bc967f42c34f14a407cedf3324b4b2d\cov-Emre\46a8d2b4ef4408388004dd5d83baf205\short_size_4.cpp 
pipe_commands starting: c:\mingw64\bin\gcc.exe -c C:\Users\Emre\AppData\Local\Temp\cov-Emre\4bc967f42c34f14a407cedf3324b4b2d\cov-Emre\46a8d2b4ef4408388004dd5d83baf205\short_size_4.cpp 
**** BEGIN FILE stdout: 

**** END FILE stdout ***
**** BEGIN FILE stderr: 
C:\Users\Emre\AppData\Local\Temp\cov-Emre\4bc967f42c34f14a407cedf3324b4b2d\cov-Emre\46a8d2b4ef4408388004dd5d83baf205\short_size_4.cpp:1:32: error: size of array 'x' is negative
 int x [((int)sizeof (short)) -4];
                                ^

**** END FILE stderr ***
Test failed
**** BEGIN FILE source file: C:/Users/Emre/AppData/Local/Temp/cov-Emre/4bc967f42c34f14a407cedf3324b4b2d/cov-Emre/46a8d2b4ef4408388004dd5d83baf205/short_size_3.cpp
int x [((int)sizeof (short)) -3];

**** END FILE source file ***
pipe_command: c:\mingw64\bin\gcc.exe -c C:\Users\Emre\AppData\Local\Temp\cov-Emre\4bc967f42c34f14a407cedf3324b4b2d\cov-Emre\46a8d2b4ef4408388004dd5d83baf205\short_size_3.cpp 
pipe_commands starting: c:\mingw64\bin\gcc.exe -c C:\Users\Emre\AppData\Local\Temp\cov-Emre\4bc967f42c34f14a407cedf3324b4b2d\cov-Emre\46a8d2b4ef4408388004dd5d83baf205\short_size_3.cpp 
**** BEGIN FILE stdout: 

**** END FILE stdout ***
**** BEGIN FILE stderr: 
C:\Users\Emre\AppData\Local\Temp\cov-Emre\4bc967f42c34f14a407cedf3324b4b2d\cov-Emre\46a8d2b4ef4408388004dd5d83baf205\short_size_3.cpp:1:32: error: size of array 'x' is negative
 int x [((int)sizeof (short)) -3];
                                ^

**** END FILE stderr ***
Test failed
**** BEGIN FILE source file: C:/Users/Emre/AppData/Local/Temp/cov-Emre/4bc967f42c34f14a407cedf3324b4b2d/cov-Emre/46a8d2b4ef4408388004dd5d83baf205/short_size_2.cpp
int x [((int)sizeof (short)) -2];

**** END FILE source file ***
pipe_command: c:\mingw64\bin\gcc.exe -c C:\Users\Emre\AppData\Local\Temp\cov-Emre\4bc967f42c34f14a407cedf3324b4b2d\cov-Emre\46a8d2b4ef4408388004dd5d83baf205\short_size_2.cpp 
pipe_commands starting: c:\mingw64\bin\gcc.exe -c C:\Users\Emre\AppData\Local\Temp\cov-Emre\4bc967f42c34f14a407cedf3324b4b2d\cov-Emre\46a8d2b4ef4408388004dd5d83baf205\short_size_2.cpp 
**** BEGIN FILE stdout: 

**** END FILE stdout ***
**** BEGIN FILE stderr: 

**** END FILE stderr ***
Test succeded
**** END PROBE run_type_size_test ****
**** BEGIN FILE source file: C:/Users/Emre/AppData/Local/Temp/cov-Emre/4bc967f42c34f14a407cedf3324b4b2d/cov-Emre/46a8d2b4ef4408388004dd5d83baf205/short_align_4.cpp
struct X { char a; short b; };
struct Y {
char a1;
char a2;
char a3;
char a4;
short b; };
int x[sizeof(struct X)==sizeof(struct Y)?1:-1];


**** END FILE source file ***
pipe_command: c:\mingw64\bin\gcc.exe -c C:\Users\Emre\AppData\Local\Temp\cov-Emre\4bc967f42c34f14a407cedf3324b4b2d\cov-Emre\46a8d2b4ef4408388004dd5d83baf205\short_align_4.cpp 
pipe_commands starting: c:\mingw64\bin\gcc.exe -c C:\Users\Emre\AppData\Local\Temp\cov-Emre\4bc967f42c34f14a407cedf3324b4b2d\cov-Emre\46a8d2b4ef4408388004dd5d83baf205\short_align_4.cpp 
**** BEGIN FILE stdout: 

**** END FILE stdout ***
**** BEGIN FILE stderr: 
C:\Users\Emre\AppData\Local\Temp\cov-Emre\4bc967f42c34f14a407cedf3324b4b2d\cov-Emre\46a8d2b4ef4408388004dd5d83baf205\short_align_4.cpp:8:46: error: size of array 'x' is negative
 int x[sizeof(struct X)==sizeof(struct Y)?1:-1];
                                              ^

**** END FILE stderr ***
Test failed
**** BEGIN FILE source file: C:/Users/Emre/AppData/Local/Temp/cov-Emre/4bc967f42c34f14a407cedf3324b4b2d/cov-Emre/46a8d2b4ef4408388004dd5d83baf205/short_align_3.cpp
struct X { char a; short b; };
struct Y {
char a1;
char a2;
char a3;
short b; };
int x[sizeof(struct X)==sizeof(struct Y)?1:-1];


**** END FILE source file ***
pipe_command: c:\mingw64\bin\gcc.exe -c C:\Users\Emre\AppData\Local\Temp\cov-Emre\4bc967f42c34f14a407cedf3324b4b2d\cov-Emre\46a8d2b4ef4408388004dd5d83baf205\short_align_3.cpp 
pipe_commands starting: c:\mingw64\bin\gcc.exe -c C:\Users\Emre\AppData\Local\Temp\cov-Emre\4bc967f42c34f14a407cedf3324b4b2d\cov-Emre\46a8d2b4ef4408388004dd5d83baf205\short_align_3.cpp 
**** BEGIN FILE stdout: 

**** END FILE stdout ***
**** BEGIN FILE stderr: 
C:\Users\Emre\AppData\Local\Temp\cov-Emre\4bc967f42c34f14a407cedf3324b4b2d\cov-Emre\46a8d2b4ef4408388004dd5d83baf205\short_align_3.cpp:7:46: error: size of array 'x' is negative
 int x[sizeof(struct X)==sizeof(struct Y)?1:-1];
                                              ^

**** END FILE stderr ***
Test failed
**** BEGIN FILE source file: C:/Users/Emre/AppData/Local/Temp/cov-Emre/4bc967f42c34f14a407cedf3324b4b2d/cov-Emre/46a8d2b4ef4408388004dd5d83baf205/short_align_2.cpp
struct X { char a; short b; };
struct Y {
char a1;
char a2;
short b; };
int x[sizeof(struct X)==sizeof(struct Y)?1:-1];


**** END FILE source file ***
pipe_command: c:\mingw64\bin\gcc.exe -c C:\Users\Emre\AppData\Local\Temp\cov-Emre\4bc967f42c34f14a407cedf3324b4b2d\cov-Emre\46a8d2b4ef4408388004dd5d83baf205\short_align_2.cpp 
pipe_commands starting: c:\mingw64\bin\gcc.exe -c C:\Users\Emre\AppData\Local\Temp\cov-Emre\4bc967f42c34f14a407cedf3324b4b2d\cov-Emre\46a8d2b4ef4408388004dd5d83baf205\short_align_2.cpp 
**** BEGIN FILE stdout: 

**** END FILE stdout ***
**** BEGIN FILE stderr: 

**** END FILE stderr ***
Test succeded
Detecting size and alignment of long double
**** BEGIN PROBE run_type_size_test ****
**** BEGIN FILE source file: C:/Users/Emre/AppData/Local/Temp/cov-Emre/4bc967f42c34f14a407cedf3324b4b2d/cov-Emre/46a8d2b4ef4408388004dd5d83baf205/keyword_long_double.cpp
long double x;

**** END FILE source file ***
pipe_command: c:\mingw64\bin\gcc.exe -c C:\Users\Emre\AppData\Local\Temp\cov-Emre\4bc967f42c34f14a407cedf3324b4b2d\cov-Emre\46a8d2b4ef4408388004dd5d83baf205\keyword_long_double.cpp 
pipe_commands starting: c:\mingw64\bin\gcc.exe -c C:\Users\Emre\AppData\Local\Temp\cov-Emre\4bc967f42c34f14a407cedf3324b4b2d\cov-Emre\46a8d2b4ef4408388004dd5d83baf205\keyword_long_double.cpp 
**** BEGIN FILE stdout: 

**** END FILE stdout ***
**** BEGIN FILE stderr: 

**** END FILE stderr ***
Test succeded
**** BEGIN FILE source file: C:/Users/Emre/AppData/Local/Temp/cov-Emre/4bc967f42c34f14a407cedf3324b4b2d/cov-Emre/46a8d2b4ef4408388004dd5d83baf205/long_double_size_16.cpp
int x [((int)sizeof (long double)) -16];

**** END FILE source file ***
pipe_command: c:\mingw64\bin\gcc.exe -c C:\Users\Emre\AppData\Local\Temp\cov-Emre\4bc967f42c34f14a407cedf3324b4b2d\cov-Emre\46a8d2b4ef4408388004dd5d83baf205\long_double_size_16.cpp 
pipe_commands starting: c:\mingw64\bin\gcc.exe -c C:\Users\Emre\AppData\Local\Temp\cov-Emre\4bc967f42c34f14a407cedf3324b4b2d\cov-Emre\46a8d2b4ef4408388004dd5d83baf205\long_double_size_16.cpp 
**** BEGIN FILE stdout: 

**** END FILE stdout ***
**** BEGIN FILE stderr: 

**** END FILE stderr ***
Test succeded
**** END PROBE run_type_size_test ****
**** BEGIN FILE source file: C:/Users/Emre/AppData/Local/Temp/cov-Emre/4bc967f42c34f14a407cedf3324b4b2d/cov-Emre/46a8d2b4ef4408388004dd5d83baf205/long_double_align_16.cpp
struct X { char a; long double b; };
struct Y {
char a1;
char a2;
char a3;
char a4;
char a5;
char a6;
char a7;
char a8;
char a9;
char a10;
char a11;
char a12;
char a13;
char a14;
char a15;
char a16;
long double b; };
int x[sizeof(struct X)==sizeof(struct Y)?1:-1];


**** END FILE source file ***
pipe_command: c:\mingw64\bin\gcc.exe -c C:\Users\Emre\AppData\Local\Temp\cov-Emre\4bc967f42c34f14a407cedf3324b4b2d\cov-Emre\46a8d2b4ef4408388004dd5d83baf205\long_double_align_16.cpp 
pipe_commands starting: c:\mingw64\bin\gcc.exe -c C:\Users\Emre\AppData\Local\Temp\cov-Emre\4bc967f42c34f14a407cedf3324b4b2d\cov-Emre\46a8d2b4ef4408388004dd5d83baf205\long_double_align_16.cpp 
**** BEGIN FILE stdout: 

**** END FILE stdout ***
**** BEGIN FILE stderr: 

**** END FILE stderr ***
Test succeded
Detecting size and alignment of double
**** BEGIN PROBE run_type_size_test ****
**** BEGIN FILE source file: C:/Users/Emre/AppData/Local/Temp/cov-Emre/4bc967f42c34f14a407cedf3324b4b2d/cov-Emre/46a8d2b4ef4408388004dd5d83baf205/keyword_double.cpp
double x;

**** END FILE source file ***
pipe_command: c:\mingw64\bin\gcc.exe -c C:\Users\Emre\AppData\Local\Temp\cov-Emre\4bc967f42c34f14a407cedf3324b4b2d\cov-Emre\46a8d2b4ef4408388004dd5d83baf205\keyword_double.cpp 
pipe_commands starting: c:\mingw64\bin\gcc.exe -c C:\Users\Emre\AppData\Local\Temp\cov-Emre\4bc967f42c34f14a407cedf3324b4b2d\cov-Emre\46a8d2b4ef4408388004dd5d83baf205\keyword_double.cpp 
**** BEGIN FILE stdout: 

**** END FILE stdout ***
**** BEGIN FILE stderr: 

**** END FILE stderr ***
Test succeded
**** BEGIN FILE source file: C:/Users/Emre/AppData/Local/Temp/cov-Emre/4bc967f42c34f14a407cedf3324b4b2d/cov-Emre/46a8d2b4ef4408388004dd5d83baf205/double_size_16.cpp
int x [((int)sizeof (double)) -16];

**** END FILE source file ***
pipe_command: c:\mingw64\bin\gcc.exe -c C:\Users\Emre\AppData\Local\Temp\cov-Emre\4bc967f42c34f14a407cedf3324b4b2d\cov-Emre\46a8d2b4ef4408388004dd5d83baf205\double_size_16.cpp 
pipe_commands starting: c:\mingw64\bin\gcc.exe -c C:\Users\Emre\AppData\Local\Temp\cov-Emre\4bc967f42c34f14a407cedf3324b4b2d\cov-Emre\46a8d2b4ef4408388004dd5d83baf205\double_size_16.cpp 
**** BEGIN FILE stdout: 

**** END FILE stdout ***
**** BEGIN FILE stderr: 
C:\Users\Emre\AppData\Local\Temp\cov-Emre\4bc967f42c34f14a407cedf3324b4b2d\cov-Emre\46a8d2b4ef4408388004dd5d83baf205\double_size_16.cpp:1:34: error: size of array 'x' is negative
 int x [((int)sizeof (double)) -16];
                                  ^

**** END FILE stderr ***
Test failed
**** BEGIN FILE source file: C:/Users/Emre/AppData/Local/Temp/cov-Emre/4bc967f42c34f14a407cedf3324b4b2d/cov-Emre/46a8d2b4ef4408388004dd5d83baf205/double_size_15.cpp
int x [((int)sizeof (double)) -15];

**** END FILE source file ***
pipe_command: c:\mingw64\bin\gcc.exe -c C:\Users\Emre\AppData\Local\Temp\cov-Emre\4bc967f42c34f14a407cedf3324b4b2d\cov-Emre\46a8d2b4ef4408388004dd5d83baf205\double_size_15.cpp 
pipe_commands starting: c:\mingw64\bin\gcc.exe -c C:\Users\Emre\AppData\Local\Temp\cov-Emre\4bc967f42c34f14a407cedf3324b4b2d\cov-Emre\46a8d2b4ef4408388004dd5d83baf205\double_size_15.cpp 
**** BEGIN FILE stdout: 

**** END FILE stdout ***
**** BEGIN FILE stderr: 
C:\Users\Emre\AppData\Local\Temp\cov-Emre\4bc967f42c34f14a407cedf3324b4b2d\cov-Emre\46a8d2b4ef4408388004dd5d83baf205\double_size_15.cpp:1:34: error: size of array 'x' is negative
 int x [((int)sizeof (double)) -15];
                                  ^

**** END FILE stderr ***
Test failed
**** BEGIN FILE source file: C:/Users/Emre/AppData/Local/Temp/cov-Emre/4bc967f42c34f14a407cedf3324b4b2d/cov-Emre/46a8d2b4ef4408388004dd5d83baf205/double_size_14.cpp
int x [((int)sizeof (double)) -14];

**** END FILE source file ***
pipe_command: c:\mingw64\bin\gcc.exe -c C:\Users\Emre\AppData\Local\Temp\cov-Emre\4bc967f42c34f14a407cedf3324b4b2d\cov-Emre\46a8d2b4ef4408388004dd5d83baf205\double_size_14.cpp 
pipe_commands starting: c:\mingw64\bin\gcc.exe -c C:\Users\Emre\AppData\Local\Temp\cov-Emre\4bc967f42c34f14a407cedf3324b4b2d\cov-Emre\46a8d2b4ef4408388004dd5d83baf205\double_size_14.cpp 
**** BEGIN FILE stdout: 

**** END FILE stdout ***
**** BEGIN FILE stderr: 
C:\Users\Emre\AppData\Local\Temp\cov-Emre\4bc967f42c34f14a407cedf3324b4b2d\cov-Emre\46a8d2b4ef4408388004dd5d83baf205\double_size_14.cpp:1:34: error: size of array 'x' is negative
 int x [((int)sizeof (double)) -14];
                                  ^

**** END FILE stderr ***
Test failed
**** BEGIN FILE source file: C:/Users/Emre/AppData/Local/Temp/cov-Emre/4bc967f42c34f14a407cedf3324b4b2d/cov-Emre/46a8d2b4ef4408388004dd5d83baf205/double_size_13.cpp
int x [((int)sizeof (double)) -13];

**** END FILE source file ***
pipe_command: c:\mingw64\bin\gcc.exe -c C:\Users\Emre\AppData\Local\Temp\cov-Emre\4bc967f42c34f14a407cedf3324b4b2d\cov-Emre\46a8d2b4ef4408388004dd5d83baf205\double_size_13.cpp 
pipe_commands starting: c:\mingw64\bin\gcc.exe -c C:\Users\Emre\AppData\Local\Temp\cov-Emre\4bc967f42c34f14a407cedf3324b4b2d\cov-Emre\46a8d2b4ef4408388004dd5d83baf205\double_size_13.cpp 
**** BEGIN FILE stdout: 

**** END FILE stdout ***
**** BEGIN FILE stderr: 
C:\Users\Emre\AppData\Local\Temp\cov-Emre\4bc967f42c34f14a407cedf3324b4b2d\cov-Emre\46a8d2b4ef4408388004dd5d83baf205\double_size_13.cpp:1:34: error: size of array 'x' is negative
 int x [((int)sizeof (double)) -13];
                                  ^

**** END FILE stderr ***
Test failed
**** BEGIN FILE source file: C:/Users/Emre/AppData/Local/Temp/cov-Emre/4bc967f42c34f14a407cedf3324b4b2d/cov-Emre/46a8d2b4ef4408388004dd5d83baf205/double_size_12.cpp
int x [((int)sizeof (double)) -12];

**** END FILE source file ***
pipe_command: c:\mingw64\bin\gcc.exe -c C:\Users\Emre\AppData\Local\Temp\cov-Emre\4bc967f42c34f14a407cedf3324b4b2d\cov-Emre\46a8d2b4ef4408388004dd5d83baf205\double_size_12.cpp 
pipe_commands starting: c:\mingw64\bin\gcc.exe -c C:\Users\Emre\AppData\Local\Temp\cov-Emre\4bc967f42c34f14a407cedf3324b4b2d\cov-Emre\46a8d2b4ef4408388004dd5d83baf205\double_size_12.cpp 
**** BEGIN FILE stdout: 

**** END FILE stdout ***
**** BEGIN FILE stderr: 
C:\Users\Emre\AppData\Local\Temp\cov-Emre\4bc967f42c34f14a407cedf3324b4b2d\cov-Emre\46a8d2b4ef4408388004dd5d83baf205\double_size_12.cpp:1:34: error: size of array 'x' is negative
 int x [((int)sizeof (double)) -12];
                                  ^

**** END FILE stderr ***
Test failed
**** BEGIN FILE source file: C:/Users/Emre/AppData/Local/Temp/cov-Emre/4bc967f42c34f14a407cedf3324b4b2d/cov-Emre/46a8d2b4ef4408388004dd5d83baf205/double_size_11.cpp
int x [((int)sizeof (double)) -11];

**** END FILE source file ***
pipe_command: c:\mingw64\bin\gcc.exe -c C:\Users\Emre\AppData\Local\Temp\cov-Emre\4bc967f42c34f14a407cedf3324b4b2d\cov-Emre\46a8d2b4ef4408388004dd5d83baf205\double_size_11.cpp 
pipe_commands starting: c:\mingw64\bin\gcc.exe -c C:\Users\Emre\AppData\Local\Temp\cov-Emre\4bc967f42c34f14a407cedf3324b4b2d\cov-Emre\46a8d2b4ef4408388004dd5d83baf205\double_size_11.cpp 
**** BEGIN FILE stdout: 

**** END FILE stdout ***
**** BEGIN FILE stderr: 
C:\Users\Emre\AppData\Local\Temp\cov-Emre\4bc967f42c34f14a407cedf3324b4b2d\cov-Emre\46a8d2b4ef4408388004dd5d83baf205\double_size_11.cpp:1:34: error: size of array 'x' is negative
 int x [((int)sizeof (double)) -11];
                                  ^

**** END FILE stderr ***
Test failed
**** BEGIN FILE source file: C:/Users/Emre/AppData/Local/Temp/cov-Emre/4bc967f42c34f14a407cedf3324b4b2d/cov-Emre/46a8d2b4ef4408388004dd5d83baf205/double_size_10.cpp
int x [((int)sizeof (double)) -10];

**** END FILE source file ***
pipe_command: c:\mingw64\bin\gcc.exe -c C:\Users\Emre\AppData\Local\Temp\cov-Emre\4bc967f42c34f14a407cedf3324b4b2d\cov-Emre\46a8d2b4ef4408388004dd5d83baf205\double_size_10.cpp 
pipe_commands starting: c:\mingw64\bin\gcc.exe -c C:\Users\Emre\AppData\Local\Temp\cov-Emre\4bc967f42c34f14a407cedf3324b4b2d\cov-Emre\46a8d2b4ef4408388004dd5d83baf205\double_size_10.cpp 
**** BEGIN FILE stdout: 

**** END FILE stdout ***
**** BEGIN FILE stderr: 
C:\Users\Emre\AppData\Local\Temp\cov-Emre\4bc967f42c34f14a407cedf3324b4b2d\cov-Emre\46a8d2b4ef4408388004dd5d83baf205\double_size_10.cpp:1:34: error: size of array 'x' is negative
 int x [((int)sizeof (double)) -10];
                                  ^

**** END FILE stderr ***
Test failed
**** BEGIN FILE source file: C:/Users/Emre/AppData/Local/Temp/cov-Emre/4bc967f42c34f14a407cedf3324b4b2d/cov-Emre/46a8d2b4ef4408388004dd5d83baf205/double_size_9.cpp
int x [((int)sizeof (double)) -9];

**** END FILE source file ***
pipe_command: c:\mingw64\bin\gcc.exe -c C:\Users\Emre\AppData\Local\Temp\cov-Emre\4bc967f42c34f14a407cedf3324b4b2d\cov-Emre\46a8d2b4ef4408388004dd5d83baf205\double_size_9.cpp 
pipe_commands starting: c:\mingw64\bin\gcc.exe -c C:\Users\Emre\AppData\Local\Temp\cov-Emre\4bc967f42c34f14a407cedf3324b4b2d\cov-Emre\46a8d2b4ef4408388004dd5d83baf205\double_size_9.cpp 
**** BEGIN FILE stdout: 

**** END FILE stdout ***
**** BEGIN FILE stderr: 
C:\Users\Emre\AppData\Local\Temp\cov-Emre\4bc967f42c34f14a407cedf3324b4b2d\cov-Emre\46a8d2b4ef4408388004dd5d83baf205\double_size_9.cpp:1:33: error: size of array 'x' is negative
 int x [((int)sizeof (double)) -9];
                                 ^

**** END FILE stderr ***
Test failed
**** BEGIN FILE source file: C:/Users/Emre/AppData/Local/Temp/cov-Emre/4bc967f42c34f14a407cedf3324b4b2d/cov-Emre/46a8d2b4ef4408388004dd5d83baf205/double_size_8.cpp
int x [((int)sizeof (double)) -8];

**** END FILE source file ***
pipe_command: c:\mingw64\bin\gcc.exe -c C:\Users\Emre\AppData\Local\Temp\cov-Emre\4bc967f42c34f14a407cedf3324b4b2d\cov-Emre\46a8d2b4ef4408388004dd5d83baf205\double_size_8.cpp 
pipe_commands starting: c:\mingw64\bin\gcc.exe -c C:\Users\Emre\AppData\Local\Temp\cov-Emre\4bc967f42c34f14a407cedf3324b4b2d\cov-Emre\46a8d2b4ef4408388004dd5d83baf205\double_size_8.cpp 
**** BEGIN FILE stdout: 

**** END FILE stdout ***
**** BEGIN FILE stderr: 

**** END FILE stderr ***
Test succeded
**** END PROBE run_type_size_test ****
**** BEGIN FILE source file: C:/Users/Emre/AppData/Local/Temp/cov-Emre/4bc967f42c34f14a407cedf3324b4b2d/cov-Emre/46a8d2b4ef4408388004dd5d83baf205/double_align_16.cpp
struct X { char a; double b; };
struct Y {
char a1;
char a2;
char a3;
char a4;
char a5;
char a6;
char a7;
char a8;
char a9;
char a10;
char a11;
char a12;
char a13;
char a14;
char a15;
char a16;
double b; };
int x[sizeof(struct X)==sizeof(struct Y)?1:-1];


**** END FILE source file ***
pipe_command: c:\mingw64\bin\gcc.exe -c C:\Users\Emre\AppData\Local\Temp\cov-Emre\4bc967f42c34f14a407cedf3324b4b2d\cov-Emre\46a8d2b4ef4408388004dd5d83baf205\double_align_16.cpp 
pipe_commands starting: c:\mingw64\bin\gcc.exe -c C:\Users\Emre\AppData\Local\Temp\cov-Emre\4bc967f42c34f14a407cedf3324b4b2d\cov-Emre\46a8d2b4ef4408388004dd5d83baf205\double_align_16.cpp 
**** BEGIN FILE stdout: 

**** END FILE stdout ***
**** BEGIN FILE stderr: 
C:\Users\Emre\AppData\Local\Temp\cov-Emre\4bc967f42c34f14a407cedf3324b4b2d\cov-Emre\46a8d2b4ef4408388004dd5d83baf205\double_align_16.cpp:20:46: error: size of array 'x' is negative
 int x[sizeof(struct X)==sizeof(struct Y)?1:-1];
                                              ^

**** END FILE stderr ***
Test failed
**** BEGIN FILE source file: C:/Users/Emre/AppData/Local/Temp/cov-Emre/4bc967f42c34f14a407cedf3324b4b2d/cov-Emre/46a8d2b4ef4408388004dd5d83baf205/double_align_15.cpp
struct X { char a; double b; };
struct Y {
char a1;
char a2;
char a3;
char a4;
char a5;
char a6;
char a7;
char a8;
char a9;
char a10;
char a11;
char a12;
char a13;
char a14;
char a15;
double b; };
int x[sizeof(struct X)==sizeof(struct Y)?1:-1];


**** END FILE source file ***
pipe_command: c:\mingw64\bin\gcc.exe -c C:\Users\Emre\AppData\Local\Temp\cov-Emre\4bc967f42c34f14a407cedf3324b4b2d\cov-Emre\46a8d2b4ef4408388004dd5d83baf205\double_align_15.cpp 
pipe_commands starting: c:\mingw64\bin\gcc.exe -c C:\Users\Emre\AppData\Local\Temp\cov-Emre\4bc967f42c34f14a407cedf3324b4b2d\cov-Emre\46a8d2b4ef4408388004dd5d83baf205\double_align_15.cpp 
**** BEGIN FILE stdout: 

**** END FILE stdout ***
**** BEGIN FILE stderr: 
C:\Users\Emre\AppData\Local\Temp\cov-Emre\4bc967f42c34f14a407cedf3324b4b2d\cov-Emre\46a8d2b4ef4408388004dd5d83baf205\double_align_15.cpp:19:46: error: size of array 'x' is negative
 int x[sizeof(struct X)==sizeof(struct Y)?1:-1];
                                              ^

**** END FILE stderr ***
Test failed
**** BEGIN FILE source file: C:/Users/Emre/AppData/Local/Temp/cov-Emre/4bc967f42c34f14a407cedf3324b4b2d/cov-Emre/46a8d2b4ef4408388004dd5d83baf205/double_align_14.cpp
struct X { char a; double b; };
struct Y {
char a1;
char a2;
char a3;
char a4;
char a5;
char a6;
char a7;
char a8;
char a9;
char a10;
char a11;
char a12;
char a13;
char a14;
double b; };
int x[sizeof(struct X)==sizeof(struct Y)?1:-1];


**** END FILE source file ***
pipe_command: c:\mingw64\bin\gcc.exe -c C:\Users\Emre\AppData\Local\Temp\cov-Emre\4bc967f42c34f14a407cedf3324b4b2d\cov-Emre\46a8d2b4ef4408388004dd5d83baf205\double_align_14.cpp 
pipe_commands starting: c:\mingw64\bin\gcc.exe -c C:\Users\Emre\AppData\Local\Temp\cov-Emre\4bc967f42c34f14a407cedf3324b4b2d\cov-Emre\46a8d2b4ef4408388004dd5d83baf205\double_align_14.cpp 
**** BEGIN FILE stdout: 

**** END FILE stdout ***
**** BEGIN FILE stderr: 
C:\Users\Emre\AppData\Local\Temp\cov-Emre\4bc967f42c34f14a407cedf3324b4b2d\cov-Emre\46a8d2b4ef4408388004dd5d83baf205\double_align_14.cpp:18:46: error: size of array 'x' is negative
 int x[sizeof(struct X)==sizeof(struct Y)?1:-1];
                                              ^

**** END FILE stderr ***
Test failed
**** BEGIN FILE source file: C:/Users/Emre/AppData/Local/Temp/cov-Emre/4bc967f42c34f14a407cedf3324b4b2d/cov-Emre/46a8d2b4ef4408388004dd5d83baf205/double_align_13.cpp
struct X { char a; double b; };
struct Y {
char a1;
char a2;
char a3;
char a4;
char a5;
char a6;
char a7;
char a8;
char a9;
char a10;
char a11;
char a12;
char a13;
double b; };
int x[sizeof(struct X)==sizeof(struct Y)?1:-1];


**** END FILE source file ***
pipe_command: c:\mingw64\bin\gcc.exe -c C:\Users\Emre\AppData\Local\Temp\cov-Emre\4bc967f42c34f14a407cedf3324b4b2d\cov-Emre\46a8d2b4ef4408388004dd5d83baf205\double_align_13.cpp 
pipe_commands starting: c:\mingw64\bin\gcc.exe -c C:\Users\Emre\AppData\Local\Temp\cov-Emre\4bc967f42c34f14a407cedf3324b4b2d\cov-Emre\46a8d2b4ef4408388004dd5d83baf205\double_align_13.cpp 
**** BEGIN FILE stdout: 

**** END FILE stdout ***
**** BEGIN FILE stderr: 
C:\Users\Emre\AppData\Local\Temp\cov-Emre\4bc967f42c34f14a407cedf3324b4b2d\cov-Emre\46a8d2b4ef4408388004dd5d83baf205\double_align_13.cpp:17:46: error: size of array 'x' is negative
 int x[sizeof(struct X)==sizeof(struct Y)?1:-1];
                                              ^

**** END FILE stderr ***
Test failed
**** BEGIN FILE source file: C:/Users/Emre/AppData/Local/Temp/cov-Emre/4bc967f42c34f14a407cedf3324b4b2d/cov-Emre/46a8d2b4ef4408388004dd5d83baf205/double_align_12.cpp
struct X { char a; double b; };
struct Y {
char a1;
char a2;
char a3;
char a4;
char a5;
char a6;
char a7;
char a8;
char a9;
char a10;
char a11;
char a12;
double b; };
int x[sizeof(struct X)==sizeof(struct Y)?1:-1];


**** END FILE source file ***
pipe_command: c:\mingw64\bin\gcc.exe -c C:\Users\Emre\AppData\Local\Temp\cov-Emre\4bc967f42c34f14a407cedf3324b4b2d\cov-Emre\46a8d2b4ef4408388004dd5d83baf205\double_align_12.cpp 
pipe_commands starting: c:\mingw64\bin\gcc.exe -c C:\Users\Emre\AppData\Local\Temp\cov-Emre\4bc967f42c34f14a407cedf3324b4b2d\cov-Emre\46a8d2b4ef4408388004dd5d83baf205\double_align_12.cpp 
**** BEGIN FILE stdout: 

**** END FILE stdout ***
**** BEGIN FILE stderr: 
C:\Users\Emre\AppData\Local\Temp\cov-Emre\4bc967f42c34f14a407cedf3324b4b2d\cov-Emre\46a8d2b4ef4408388004dd5d83baf205\double_align_12.cpp:16:46: error: size of array 'x' is negative
 int x[sizeof(struct X)==sizeof(struct Y)?1:-1];
                                              ^

**** END FILE stderr ***
Test failed
**** BEGIN FILE source file: C:/Users/Emre/AppData/Local/Temp/cov-Emre/4bc967f42c34f14a407cedf3324b4b2d/cov-Emre/46a8d2b4ef4408388004dd5d83baf205/double_align_11.cpp
struct X { char a; double b; };
struct Y {
char a1;
char a2;
char a3;
char a4;
char a5;
char a6;
char a7;
char a8;
char a9;
char a10;
char a11;
double b; };
int x[sizeof(struct X)==sizeof(struct Y)?1:-1];


**** END FILE source file ***
pipe_command: c:\mingw64\bin\gcc.exe -c C:\Users\Emre\AppData\Local\Temp\cov-Emre\4bc967f42c34f14a407cedf3324b4b2d\cov-Emre\46a8d2b4ef4408388004dd5d83baf205\double_align_11.cpp 
pipe_commands starting: c:\mingw64\bin\gcc.exe -c C:\Users\Emre\AppData\Local\Temp\cov-Emre\4bc967f42c34f14a407cedf3324b4b2d\cov-Emre\46a8d2b4ef4408388004dd5d83baf205\double_align_11.cpp 
**** BEGIN FILE stdout: 

**** END FILE stdout ***
**** BEGIN FILE stderr: 
C:\Users\Emre\AppData\Local\Temp\cov-Emre\4bc967f42c34f14a407cedf3324b4b2d\cov-Emre\46a8d2b4ef4408388004dd5d83baf205\double_align_11.cpp:15:46: error: size of array 'x' is negative
 int x[sizeof(struct X)==sizeof(struct Y)?1:-1];
                                              ^

**** END FILE stderr ***
Test failed
**** BEGIN FILE source file: C:/Users/Emre/AppData/Local/Temp/cov-Emre/4bc967f42c34f14a407cedf3324b4b2d/cov-Emre/46a8d2b4ef4408388004dd5d83baf205/double_align_10.cpp
struct X { char a; double b; };
struct Y {
char a1;
char a2;
char a3;
char a4;
char a5;
char a6;
char a7;
char a8;
char a9;
char a10;
double b; };
int x[sizeof(struct X)==sizeof(struct Y)?1:-1];


**** END FILE source file ***
pipe_command: c:\mingw64\bin\gcc.exe -c C:\Users\Emre\AppData\Local\Temp\cov-Emre\4bc967f42c34f14a407cedf3324b4b2d\cov-Emre\46a8d2b4ef4408388004dd5d83baf205\double_align_10.cpp 
pipe_commands starting: c:\mingw64\bin\gcc.exe -c C:\Users\Emre\AppData\Local\Temp\cov-Emre\4bc967f42c34f14a407cedf3324b4b2d\cov-Emre\46a8d2b4ef4408388004dd5d83baf205\double_align_10.cpp 
**** BEGIN FILE stdout: 

**** END FILE stdout ***
**** BEGIN FILE stderr: 
C:\Users\Emre\AppData\Local\Temp\cov-Emre\4bc967f42c34f14a407cedf3324b4b2d\cov-Emre\46a8d2b4ef4408388004dd5d83baf205\double_align_10.cpp:14:46: error: size of array 'x' is negative
 int x[sizeof(struct X)==sizeof(struct Y)?1:-1];
                                              ^

**** END FILE stderr ***
Test failed
**** BEGIN FILE source file: C:/Users/Emre/AppData/Local/Temp/cov-Emre/4bc967f42c34f14a407cedf3324b4b2d/cov-Emre/46a8d2b4ef4408388004dd5d83baf205/double_align_9.cpp
struct X { char a; double b; };
struct Y {
char a1;
char a2;
char a3;
char a4;
char a5;
char a6;
char a7;
char a8;
char a9;
double b; };
int x[sizeof(struct X)==sizeof(struct Y)?1:-1];


**** END FILE source file ***
pipe_command: c:\mingw64\bin\gcc.exe -c C:\Users\Emre\AppData\Local\Temp\cov-Emre\4bc967f42c34f14a407cedf3324b4b2d\cov-Emre\46a8d2b4ef4408388004dd5d83baf205\double_align_9.cpp 
pipe_commands starting: c:\mingw64\bin\gcc.exe -c C:\Users\Emre\AppData\Local\Temp\cov-Emre\4bc967f42c34f14a407cedf3324b4b2d\cov-Emre\46a8d2b4ef4408388004dd5d83baf205\double_align_9.cpp 
**** BEGIN FILE stdout: 

**** END FILE stdout ***
**** BEGIN FILE stderr: 
C:\Users\Emre\AppData\Local\Temp\cov-Emre\4bc967f42c34f14a407cedf3324b4b2d\cov-Emre\46a8d2b4ef4408388004dd5d83baf205\double_align_9.cpp:13:46: error: size of array 'x' is negative
 int x[sizeof(struct X)==sizeof(struct Y)?1:-1];
                                              ^

**** END FILE stderr ***
Test failed
**** BEGIN FILE source file: C:/Users/Emre/AppData/Local/Temp/cov-Emre/4bc967f42c34f14a407cedf3324b4b2d/cov-Emre/46a8d2b4ef4408388004dd5d83baf205/double_align_8.cpp
struct X { char a; double b; };
struct Y {
char a1;
char a2;
char a3;
char a4;
char a5;
char a6;
char a7;
char a8;
double b; };
int x[sizeof(struct X)==sizeof(struct Y)?1:-1];


**** END FILE source file ***
pipe_command: c:\mingw64\bin\gcc.exe -c C:\Users\Emre\AppData\Local\Temp\cov-Emre\4bc967f42c34f14a407cedf3324b4b2d\cov-Emre\46a8d2b4ef4408388004dd5d83baf205\double_align_8.cpp 
pipe_commands starting: c:\mingw64\bin\gcc.exe -c C:\Users\Emre\AppData\Local\Temp\cov-Emre\4bc967f42c34f14a407cedf3324b4b2d\cov-Emre\46a8d2b4ef4408388004dd5d83baf205\double_align_8.cpp 
**** BEGIN FILE stdout: 

**** END FILE stdout ***
**** BEGIN FILE stderr: 

**** END FILE stderr ***
Test succeded
Detecting size and alignment of float
**** BEGIN PROBE run_type_size_test ****
**** BEGIN FILE source file: C:/Users/Emre/AppData/Local/Temp/cov-Emre/4bc967f42c34f14a407cedf3324b4b2d/cov-Emre/46a8d2b4ef4408388004dd5d83baf205/keyword_float.cpp
float x;

**** END FILE source file ***
pipe_command: c:\mingw64\bin\gcc.exe -c C:\Users\Emre\AppData\Local\Temp\cov-Emre\4bc967f42c34f14a407cedf3324b4b2d\cov-Emre\46a8d2b4ef4408388004dd5d83baf205\keyword_float.cpp 
pipe_commands starting: c:\mingw64\bin\gcc.exe -c C:\Users\Emre\AppData\Local\Temp\cov-Emre\4bc967f42c34f14a407cedf3324b4b2d\cov-Emre\46a8d2b4ef4408388004dd5d83baf205\keyword_float.cpp 
**** BEGIN FILE stdout: 

**** END FILE stdout ***
**** BEGIN FILE stderr: 

**** END FILE stderr ***
Test succeded
**** BEGIN FILE source file: C:/Users/Emre/AppData/Local/Temp/cov-Emre/4bc967f42c34f14a407cedf3324b4b2d/cov-Emre/46a8d2b4ef4408388004dd5d83baf205/float_size_8.cpp
int x [((int)sizeof (float)) -8];

**** END FILE source file ***
pipe_command: c:\mingw64\bin\gcc.exe -c C:\Users\Emre\AppData\Local\Temp\cov-Emre\4bc967f42c34f14a407cedf3324b4b2d\cov-Emre\46a8d2b4ef4408388004dd5d83baf205\float_size_8.cpp 
pipe_commands starting: c:\mingw64\bin\gcc.exe -c C:\Users\Emre\AppData\Local\Temp\cov-Emre\4bc967f42c34f14a407cedf3324b4b2d\cov-Emre\46a8d2b4ef4408388004dd5d83baf205\float_size_8.cpp 
**** BEGIN FILE stdout: 

**** END FILE stdout ***
**** BEGIN FILE stderr: 
C:\Users\Emre\AppData\Local\Temp\cov-Emre\4bc967f42c34f14a407cedf3324b4b2d\cov-Emre\46a8d2b4ef4408388004dd5d83baf205\float_size_8.cpp:1:32: error: size of array 'x' is negative
 int x [((int)sizeof (float)) -8];
                                ^

**** END FILE stderr ***
Test failed
**** BEGIN FILE source file: C:/Users/Emre/AppData/Local/Temp/cov-Emre/4bc967f42c34f14a407cedf3324b4b2d/cov-Emre/46a8d2b4ef4408388004dd5d83baf205/float_size_7.cpp
int x [((int)sizeof (float)) -7];

**** END FILE source file ***
pipe_command: c:\mingw64\bin\gcc.exe -c C:\Users\Emre\AppData\Local\Temp\cov-Emre\4bc967f42c34f14a407cedf3324b4b2d\cov-Emre\46a8d2b4ef4408388004dd5d83baf205\float_size_7.cpp 
pipe_commands starting: c:\mingw64\bin\gcc.exe -c C:\Users\Emre\AppData\Local\Temp\cov-Emre\4bc967f42c34f14a407cedf3324b4b2d\cov-Emre\46a8d2b4ef4408388004dd5d83baf205\float_size_7.cpp 
**** BEGIN FILE stdout: 

**** END FILE stdout ***
**** BEGIN FILE stderr: 
C:\Users\Emre\AppData\Local\Temp\cov-Emre\4bc967f42c34f14a407cedf3324b4b2d\cov-Emre\46a8d2b4ef4408388004dd5d83baf205\float_size_7.cpp:1:32: error: size of array 'x' is negative
 int x [((int)sizeof (float)) -7];
                                ^

**** END FILE stderr ***
Test failed
**** BEGIN FILE source file: C:/Users/Emre/AppData/Local/Temp/cov-Emre/4bc967f42c34f14a407cedf3324b4b2d/cov-Emre/46a8d2b4ef4408388004dd5d83baf205/float_size_6.cpp
int x [((int)sizeof (float)) -6];

**** END FILE source file ***
pipe_command: c:\mingw64\bin\gcc.exe -c C:\Users\Emre\AppData\Local\Temp\cov-Emre\4bc967f42c34f14a407cedf3324b4b2d\cov-Emre\46a8d2b4ef4408388004dd5d83baf205\float_size_6.cpp 
pipe_commands starting: c:\mingw64\bin\gcc.exe -c C:\Users\Emre\AppData\Local\Temp\cov-Emre\4bc967f42c34f14a407cedf3324b4b2d\cov-Emre\46a8d2b4ef4408388004dd5d83baf205\float_size_6.cpp 
**** BEGIN FILE stdout: 

**** END FILE stdout ***
**** BEGIN FILE stderr: 
C:\Users\Emre\AppData\Local\Temp\cov-Emre\4bc967f42c34f14a407cedf3324b4b2d\cov-Emre\46a8d2b4ef4408388004dd5d83baf205\float_size_6.cpp:1:32: error: size of array 'x' is negative
 int x [((int)sizeof (float)) -6];
                                ^

**** END FILE stderr ***
Test failed
**** BEGIN FILE source file: C:/Users/Emre/AppData/Local/Temp/cov-Emre/4bc967f42c34f14a407cedf3324b4b2d/cov-Emre/46a8d2b4ef4408388004dd5d83baf205/float_size_5.cpp
int x [((int)sizeof (float)) -5];

**** END FILE source file ***
pipe_command: c:\mingw64\bin\gcc.exe -c C:\Users\Emre\AppData\Local\Temp\cov-Emre\4bc967f42c34f14a407cedf3324b4b2d\cov-Emre\46a8d2b4ef4408388004dd5d83baf205\float_size_5.cpp 
pipe_commands starting: c:\mingw64\bin\gcc.exe -c C:\Users\Emre\AppData\Local\Temp\cov-Emre\4bc967f42c34f14a407cedf3324b4b2d\cov-Emre\46a8d2b4ef4408388004dd5d83baf205\float_size_5.cpp 
**** BEGIN FILE stdout: 

**** END FILE stdout ***
**** BEGIN FILE stderr: 
C:\Users\Emre\AppData\Local\Temp\cov-Emre\4bc967f42c34f14a407cedf3324b4b2d\cov-Emre\46a8d2b4ef4408388004dd5d83baf205\float_size_5.cpp:1:32: error: size of array 'x' is negative
 int x [((int)sizeof (float)) -5];
                                ^

**** END FILE stderr ***
Test failed
**** BEGIN FILE source file: C:/Users/Emre/AppData/Local/Temp/cov-Emre/4bc967f42c34f14a407cedf3324b4b2d/cov-Emre/46a8d2b4ef4408388004dd5d83baf205/float_size_4.cpp
int x [((int)sizeof (float)) -4];

**** END FILE source file ***
pipe_command: c:\mingw64\bin\gcc.exe -c C:\Users\Emre\AppData\Local\Temp\cov-Emre\4bc967f42c34f14a407cedf3324b4b2d\cov-Emre\46a8d2b4ef4408388004dd5d83baf205\float_size_4.cpp 
pipe_commands starting: c:\mingw64\bin\gcc.exe -c C:\Users\Emre\AppData\Local\Temp\cov-Emre\4bc967f42c34f14a407cedf3324b4b2d\cov-Emre\46a8d2b4ef4408388004dd5d83baf205\float_size_4.cpp 
**** BEGIN FILE stdout: 

**** END FILE stdout ***
**** BEGIN FILE stderr: 

**** END FILE stderr ***
Test succeded
**** END PROBE run_type_size_test ****
**** BEGIN FILE source file: C:/Users/Emre/AppData/Local/Temp/cov-Emre/4bc967f42c34f14a407cedf3324b4b2d/cov-Emre/46a8d2b4ef4408388004dd5d83baf205/float_align_8.cpp
struct X { char a; float b; };
struct Y {
char a1;
char a2;
char a3;
char a4;
char a5;
char a6;
char a7;
char a8;
float b; };
int x[sizeof(struct X)==sizeof(struct Y)?1:-1];


**** END FILE source file ***
pipe_command: c:\mingw64\bin\gcc.exe -c C:\Users\Emre\AppData\Local\Temp\cov-Emre\4bc967f42c34f14a407cedf3324b4b2d\cov-Emre\46a8d2b4ef4408388004dd5d83baf205\float_align_8.cpp 
pipe_commands starting: c:\mingw64\bin\gcc.exe -c C:\Users\Emre\AppData\Local\Temp\cov-Emre\4bc967f42c34f14a407cedf3324b4b2d\cov-Emre\46a8d2b4ef4408388004dd5d83baf205\float_align_8.cpp 
**** BEGIN FILE stdout: 

**** END FILE stdout ***
**** BEGIN FILE stderr: 
C:\Users\Emre\AppData\Local\Temp\cov-Emre\4bc967f42c34f14a407cedf3324b4b2d\cov-Emre\46a8d2b4ef4408388004dd5d83baf205\float_align_8.cpp:12:46: error: size of array 'x' is negative
 int x[sizeof(struct X)==sizeof(struct Y)?1:-1];
                                              ^

**** END FILE stderr ***
Test failed
**** BEGIN FILE source file: C:/Users/Emre/AppData/Local/Temp/cov-Emre/4bc967f42c34f14a407cedf3324b4b2d/cov-Emre/46a8d2b4ef4408388004dd5d83baf205/float_align_7.cpp
struct X { char a; float b; };
struct Y {
char a1;
char a2;
char a3;
char a4;
char a5;
char a6;
char a7;
float b; };
int x[sizeof(struct X)==sizeof(struct Y)?1:-1];


**** END FILE source file ***
pipe_command: c:\mingw64\bin\gcc.exe -c C:\Users\Emre\AppData\Local\Temp\cov-Emre\4bc967f42c34f14a407cedf3324b4b2d\cov-Emre\46a8d2b4ef4408388004dd5d83baf205\float_align_7.cpp 
pipe_commands starting: c:\mingw64\bin\gcc.exe -c C:\Users\Emre\AppData\Local\Temp\cov-Emre\4bc967f42c34f14a407cedf3324b4b2d\cov-Emre\46a8d2b4ef4408388004dd5d83baf205\float_align_7.cpp 
**** BEGIN FILE stdout: 

**** END FILE stdout ***
**** BEGIN FILE stderr: 
C:\Users\Emre\AppData\Local\Temp\cov-Emre\4bc967f42c34f14a407cedf3324b4b2d\cov-Emre\46a8d2b4ef4408388004dd5d83baf205\float_align_7.cpp:11:46: error: size of array 'x' is negative
 int x[sizeof(struct X)==sizeof(struct Y)?1:-1];
                                              ^

**** END FILE stderr ***
Test failed
**** BEGIN FILE source file: C:/Users/Emre/AppData/Local/Temp/cov-Emre/4bc967f42c34f14a407cedf3324b4b2d/cov-Emre/46a8d2b4ef4408388004dd5d83baf205/float_align_6.cpp
struct X { char a; float b; };
struct Y {
char a1;
char a2;
char a3;
char a4;
char a5;
char a6;
float b; };
int x[sizeof(struct X)==sizeof(struct Y)?1:-1];


**** END FILE source file ***
pipe_command: c:\mingw64\bin\gcc.exe -c C:\Users\Emre\AppData\Local\Temp\cov-Emre\4bc967f42c34f14a407cedf3324b4b2d\cov-Emre\46a8d2b4ef4408388004dd5d83baf205\float_align_6.cpp 
pipe_commands starting: c:\mingw64\bin\gcc.exe -c C:\Users\Emre\AppData\Local\Temp\cov-Emre\4bc967f42c34f14a407cedf3324b4b2d\cov-Emre\46a8d2b4ef4408388004dd5d83baf205\float_align_6.cpp 
**** BEGIN FILE stdout: 

**** END FILE stdout ***
**** BEGIN FILE stderr: 
C:\Users\Emre\AppData\Local\Temp\cov-Emre\4bc967f42c34f14a407cedf3324b4b2d\cov-Emre\46a8d2b4ef4408388004dd5d83baf205\float_align_6.cpp:10:46: error: size of array 'x' is negative
 int x[sizeof(struct X)==sizeof(struct Y)?1:-1];
                                              ^

**** END FILE stderr ***
Test failed
**** BEGIN FILE source file: C:/Users/Emre/AppData/Local/Temp/cov-Emre/4bc967f42c34f14a407cedf3324b4b2d/cov-Emre/46a8d2b4ef4408388004dd5d83baf205/float_align_5.cpp
struct X { char a; float b; };
struct Y {
char a1;
char a2;
char a3;
char a4;
char a5;
float b; };
int x[sizeof(struct X)==sizeof(struct Y)?1:-1];


**** END FILE source file ***
pipe_command: c:\mingw64\bin\gcc.exe -c C:\Users\Emre\AppData\Local\Temp\cov-Emre\4bc967f42c34f14a407cedf3324b4b2d\cov-Emre\46a8d2b4ef4408388004dd5d83baf205\float_align_5.cpp 
pipe_commands starting: c:\mingw64\bin\gcc.exe -c C:\Users\Emre\AppData\Local\Temp\cov-Emre\4bc967f42c34f14a407cedf3324b4b2d\cov-Emre\46a8d2b4ef4408388004dd5d83baf205\float_align_5.cpp 
**** BEGIN FILE stdout: 

**** END FILE stdout ***
**** BEGIN FILE stderr: 
C:\Users\Emre\AppData\Local\Temp\cov-Emre\4bc967f42c34f14a407cedf3324b4b2d\cov-Emre\46a8d2b4ef4408388004dd5d83baf205\float_align_5.cpp:9:46: error: size of array 'x' is negative
 int x[sizeof(struct X)==sizeof(struct Y)?1:-1];
                                              ^

**** END FILE stderr ***
Test failed
**** BEGIN FILE source file: C:/Users/Emre/AppData/Local/Temp/cov-Emre/4bc967f42c34f14a407cedf3324b4b2d/cov-Emre/46a8d2b4ef4408388004dd5d83baf205/float_align_4.cpp
struct X { char a; float b; };
struct Y {
char a1;
char a2;
char a3;
char a4;
float b; };
int x[sizeof(struct X)==sizeof(struct Y)?1:-1];


**** END FILE source file ***
pipe_command: c:\mingw64\bin\gcc.exe -c C:\Users\Emre\AppData\Local\Temp\cov-Emre\4bc967f42c34f14a407cedf3324b4b2d\cov-Emre\46a8d2b4ef4408388004dd5d83baf205\float_align_4.cpp 
pipe_commands starting: c:\mingw64\bin\gcc.exe -c C:\Users\Emre\AppData\Local\Temp\cov-Emre\4bc967f42c34f14a407cedf3324b4b2d\cov-Emre\46a8d2b4ef4408388004dd5d83baf205\float_align_4.cpp 
**** BEGIN FILE stdout: 

**** END FILE stdout ***
**** BEGIN FILE stderr: 

**** END FILE stderr ***
Test succeded
Detecting size and alignment of int *
**** BEGIN PROBE run_type_size_test ****
**** BEGIN FILE source file: C:/Users/Emre/AppData/Local/Temp/cov-Emre/4bc967f42c34f14a407cedf3324b4b2d/cov-Emre/46a8d2b4ef4408388004dd5d83baf205/keyword_int__ptr_.cpp
int * x;

**** END FILE source file ***
pipe_command: c:\mingw64\bin\gcc.exe -c C:\Users\Emre\AppData\Local\Temp\cov-Emre\4bc967f42c34f14a407cedf3324b4b2d\cov-Emre\46a8d2b4ef4408388004dd5d83baf205\keyword_int__ptr_.cpp 
pipe_commands starting: c:\mingw64\bin\gcc.exe -c C:\Users\Emre\AppData\Local\Temp\cov-Emre\4bc967f42c34f14a407cedf3324b4b2d\cov-Emre\46a8d2b4ef4408388004dd5d83baf205\keyword_int__ptr_.cpp 
**** BEGIN FILE stdout: 

**** END FILE stdout ***
**** BEGIN FILE stderr: 

**** END FILE stderr ***
Test succeded
**** BEGIN FILE source file: C:/Users/Emre/AppData/Local/Temp/cov-Emre/4bc967f42c34f14a407cedf3324b4b2d/cov-Emre/46a8d2b4ef4408388004dd5d83baf205/int__ptr__size_8.cpp
int x [((int)sizeof (int *)) -8];

**** END FILE source file ***
pipe_command: c:\mingw64\bin\gcc.exe -c C:\Users\Emre\AppData\Local\Temp\cov-Emre\4bc967f42c34f14a407cedf3324b4b2d\cov-Emre\46a8d2b4ef4408388004dd5d83baf205\int__ptr__size_8.cpp 
pipe_commands starting: c:\mingw64\bin\gcc.exe -c C:\Users\Emre\AppData\Local\Temp\cov-Emre\4bc967f42c34f14a407cedf3324b4b2d\cov-Emre\46a8d2b4ef4408388004dd5d83baf205\int__ptr__size_8.cpp 
**** BEGIN FILE stdout: 

**** END FILE stdout ***
**** BEGIN FILE stderr: 

**** END FILE stderr ***
Test succeded
**** END PROBE run_type_size_test ****
**** BEGIN FILE source file: C:/Users/Emre/AppData/Local/Temp/cov-Emre/4bc967f42c34f14a407cedf3324b4b2d/cov-Emre/46a8d2b4ef4408388004dd5d83baf205/int__ptr__align_8.cpp
struct X { char a; int * b; };
struct Y {
char a1;
char a2;
char a3;
char a4;
char a5;
char a6;
char a7;
char a8;
int * b; };
int x[sizeof(struct X)==sizeof(struct Y)?1:-1];


**** END FILE source file ***
pipe_command: c:\mingw64\bin\gcc.exe -c C:\Users\Emre\AppData\Local\Temp\cov-Emre\4bc967f42c34f14a407cedf3324b4b2d\cov-Emre\46a8d2b4ef4408388004dd5d83baf205\int__ptr__align_8.cpp 
pipe_commands starting: c:\mingw64\bin\gcc.exe -c C:\Users\Emre\AppData\Local\Temp\cov-Emre\4bc967f42c34f14a407cedf3324b4b2d\cov-Emre\46a8d2b4ef4408388004dd5d83baf205\int__ptr__align_8.cpp 
**** BEGIN FILE stdout: 

**** END FILE stdout ***
**** BEGIN FILE stderr: 

**** END FILE stderr ***
Test succeded
**** END PROBE add_appropriate_type_size_and_alignment_switch ****
**** BEGIN PROBE run_char_bit_size_test ****
**** BEGIN FILE source file: C:/Users/Emre/AppData/Local/Temp/cov-Emre/4bc967f42c34f14a407cedf3324b4b2d/cov-Emre/46a8d2b4ef4408388004dd5d83baf205/char_bit_1.cpp
#define N 1
#define SHIFT(VALUE,AMOUNT)            \
  ((VALUE) << ((AMOUNT) >= 63 ? 7 : 0) \
           << ((AMOUNT) >= 56 ? 7 : 0) \
           << ((AMOUNT) >= 49 ? 7 : 0) \
           << ((AMOUNT) >= 42 ? 7 : 0) \
           << ((AMOUNT) >= 35 ? 7 : 0) \
           << ((AMOUNT) >= 28 ? 7 : 0) \
           << ((AMOUNT) >= 21 ? 7 : 0) \
           << ((AMOUNT) >= 14 ? 7 : 0) \
           << ((AMOUNT) >=  7 ? 7 : 0) \
           << ((AMOUNT) % 7))
typedef unsigned char UC;
void foo() {
  static int check_char_bit[(UC)SHIFT(1U,N-1U) != 0 ? 1 : -1];
}


**** END FILE source file ***
pipe_command: c:\mingw64\bin\gcc.exe -c C:\Users\Emre\AppData\Local\Temp\cov-Emre\4bc967f42c34f14a407cedf3324b4b2d\cov-Emre\46a8d2b4ef4408388004dd5d83baf205\char_bit_1.cpp 
pipe_commands starting: c:\mingw64\bin\gcc.exe -c C:\Users\Emre\AppData\Local\Temp\cov-Emre\4bc967f42c34f14a407cedf3324b4b2d\cov-Emre\46a8d2b4ef4408388004dd5d83baf205\char_bit_1.cpp 
**** BEGIN FILE stdout: 

**** END FILE stdout ***
**** BEGIN FILE stderr: 

**** END FILE stderr ***
Test succeded
**** BEGIN FILE source file: C:/Users/Emre/AppData/Local/Temp/cov-Emre/4bc967f42c34f14a407cedf3324b4b2d/cov-Emre/46a8d2b4ef4408388004dd5d83baf205/char_bit_9.cpp
#define N 9
#define SHIFT(VALUE,AMOUNT)            \
  ((VALUE) << ((AMOUNT) >= 63 ? 7 : 0) \
           << ((AMOUNT) >= 56 ? 7 : 0) \
           << ((AMOUNT) >= 49 ? 7 : 0) \
           << ((AMOUNT) >= 42 ? 7 : 0) \
           << ((AMOUNT) >= 35 ? 7 : 0) \
           << ((AMOUNT) >= 28 ? 7 : 0) \
           << ((AMOUNT) >= 21 ? 7 : 0) \
           << ((AMOUNT) >= 14 ? 7 : 0) \
           << ((AMOUNT) >=  7 ? 7 : 0) \
           << ((AMOUNT) % 7))
typedef unsigned char UC;
void foo() {
  static int check_char_bit[(UC)SHIFT(1U,N-1U) != 0 ? 1 : -1];
}


**** END FILE source file ***
pipe_command: c:\mingw64\bin\gcc.exe -c C:\Users\Emre\AppData\Local\Temp\cov-Emre\4bc967f42c34f14a407cedf3324b4b2d\cov-Emre\46a8d2b4ef4408388004dd5d83baf205\char_bit_9.cpp 
pipe_commands starting: c:\mingw64\bin\gcc.exe -c C:\Users\Emre\AppData\Local\Temp\cov-Emre\4bc967f42c34f14a407cedf3324b4b2d\cov-Emre\46a8d2b4ef4408388004dd5d83baf205\char_bit_9.cpp 
**** BEGIN FILE stdout: 

**** END FILE stdout ***
**** BEGIN FILE stderr: 
C:\Users\Emre\AppData\Local\Temp\cov-Emre\4bc967f42c34f14a407cedf3324b4b2d\cov-Emre\46a8d2b4ef4408388004dd5d83baf205\char_bit_9.cpp: In function 'void foo()':
C:\Users\Emre\AppData\Local\Temp\cov-Emre\4bc967f42c34f14a407cedf3324b4b2d\cov-Emre\46a8d2b4ef4408388004dd5d83baf205\char_bit_9.cpp:15:61: error: size of array 'check_char_bit' is negative
   static int check_char_bit[(UC)SHIFT(1U,N-1U) != 0 ? 1 : -1];
                                                             ^

**** END FILE stderr ***
Test failed
**** BEGIN FILE source file: C:/Users/Emre/AppData/Local/Temp/cov-Emre/4bc967f42c34f14a407cedf3324b4b2d/cov-Emre/46a8d2b4ef4408388004dd5d83baf205/char_bit_8.cpp
#define N 8
#define SHIFT(VALUE,AMOUNT)            \
  ((VALUE) << ((AMOUNT) >= 63 ? 7 : 0) \
           << ((AMOUNT) >= 56 ? 7 : 0) \
           << ((AMOUNT) >= 49 ? 7 : 0) \
           << ((AMOUNT) >= 42 ? 7 : 0) \
           << ((AMOUNT) >= 35 ? 7 : 0) \
           << ((AMOUNT) >= 28 ? 7 : 0) \
           << ((AMOUNT) >= 21 ? 7 : 0) \
           << ((AMOUNT) >= 14 ? 7 : 0) \
           << ((AMOUNT) >=  7 ? 7 : 0) \
           << ((AMOUNT) % 7))
typedef unsigned char UC;
void foo() {
  static int check_char_bit[(UC)SHIFT(1U,N-1U) != 0 ? 1 : -1];
}


**** END FILE source file ***
pipe_command: c:\mingw64\bin\gcc.exe -c C:\Users\Emre\AppData\Local\Temp\cov-Emre\4bc967f42c34f14a407cedf3324b4b2d\cov-Emre\46a8d2b4ef4408388004dd5d83baf205\char_bit_8.cpp 
pipe_commands starting: c:\mingw64\bin\gcc.exe -c C:\Users\Emre\AppData\Local\Temp\cov-Emre\4bc967f42c34f14a407cedf3324b4b2d\cov-Emre\46a8d2b4ef4408388004dd5d83baf205\char_bit_8.cpp 
**** BEGIN FILE stdout: 

**** END FILE stdout ***
**** BEGIN FILE stderr: 

**** END FILE stderr ***
Test succeded
**** END PROBE run_char_bit_size_test ****
**** END PROBE run_type_size_and_alignment_tests ****
**** BEGIN PROBE add_appropriate_restrict_switch_if_needed ****
**** BEGIN FILE source file: C:/Users/Emre/AppData/Local/Temp/cov-Emre/4bc967f42c34f14a407cedf3324b4b2d/cov-Emre/46a8d2b4ef4408388004dd5d83baf205/restrict.cpp
int * restrict i;

**** END FILE source file ***
pipe_command: c:\mingw64\bin\gcc.exe -c C:\Users\Emre\AppData\Local\Temp\cov-Emre\4bc967f42c34f14a407cedf3324b4b2d\cov-Emre\46a8d2b4ef4408388004dd5d83baf205\restrict.cpp 
pipe_commands starting: c:\mingw64\bin\gcc.exe -c C:\Users\Emre\AppData\Local\Temp\cov-Emre\4bc967f42c34f14a407cedf3324b4b2d\cov-Emre\46a8d2b4ef4408388004dd5d83baf205\restrict.cpp 
**** BEGIN FILE stdout: 

**** END FILE stdout ***
**** BEGIN FILE stderr: 
C:\Users\Emre\AppData\Local\Temp\cov-Emre\4bc967f42c34f14a407cedf3324b4b2d\cov-Emre\46a8d2b4ef4408388004dd5d83baf205\restrict.cpp:1:16: error: expected initializer before 'i'
 int * restrict i;
                ^

**** END FILE stderr ***
Test failed
**** END PROBE add_appropriate_restrict_switch_if_needed ****
**** BEGIN PROBE add_appropriate_cr_term_switch_if_needed ****
**** BEGIN FILE source file: C:/Users/Emre/AppData/Local/Temp/cov-Emre/4bc967f42c34f14a407cedf3324b4b2d/cov-Emre/46a8d2b4ef4408388004dd5d83baf205/cr_term.cpp
int i;#define foo \ bar void foo() { };

**** END FILE source file ***
pipe_command: c:\mingw64\bin\gcc.exe -c C:\Users\Emre\AppData\Local\Temp\cov-Emre\4bc967f42c34f14a407cedf3324b4b2d\cov-Emre\46a8d2b4ef4408388004dd5d83baf205\cr_term.cpp 
pipe_commands starting: c:\mingw64\bin\gcc.exe -c C:\Users\Emre\AppData\Local\Temp\cov-Emre\4bc967f42c34f14a407cedf3324b4b2d\cov-Emre\46a8d2b4ef4408388004dd5d83baf205\cr_term.cpp 
**** BEGIN FILE stdout: 

**** END FILE stdout ***
**** BEGIN FILE stderr: 

**** END FILE stderr ***
Test succeded
**** END PROBE add_appropriate_cr_term_switch_if_needed ****
**** BEGIN PROBE add_enable_declspec_switch_if_needed ****
__declspec macro definition test.
**** BEGIN FILE source file: C:/Users/Emre/AppData/Local/Temp/cov-Emre/4bc967f42c34f14a407cedf3324b4b2d/cov-Emre/46a8d2b4ef4408388004dd5d83baf205/declspec.cpp
#ifndef __declspec
#error __declspec not defined
#endif


**** END FILE source file ***
pipe_command: c:\mingw64\bin\gcc.exe -c C:\Users\Emre\AppData\Local\Temp\cov-Emre\4bc967f42c34f14a407cedf3324b4b2d\cov-Emre\46a8d2b4ef4408388004dd5d83baf205\declspec.cpp 
pipe_commands starting: c:\mingw64\bin\gcc.exe -c C:\Users\Emre\AppData\Local\Temp\cov-Emre\4bc967f42c34f14a407cedf3324b4b2d\cov-Emre\46a8d2b4ef4408388004dd5d83baf205\declspec.cpp 
**** BEGIN FILE stdout: 

**** END FILE stdout ***
**** BEGIN FILE stderr: 

**** END FILE stderr ***
Test succeded
**** END PROBE add_enable_declspec_switch_if_needed ****
**** BEGIN PROBE add_appropriate_wchar_t_switch ****
**** BEGIN FILE source file: C:/Users/Emre/AppData/Local/Temp/cov-Emre/4bc967f42c34f14a407cedf3324b4b2d/cov-Emre/46a8d2b4ef4408388004dd5d83baf205/wchar_t.cpp
wchar_t x;

**** END FILE source file ***
pipe_command: c:\mingw64\bin\gcc.exe -c C:\Users\Emre\AppData\Local\Temp\cov-Emre\4bc967f42c34f14a407cedf3324b4b2d\cov-Emre\46a8d2b4ef4408388004dd5d83baf205\wchar_t.cpp 
pipe_commands starting: c:\mingw64\bin\gcc.exe -c C:\Users\Emre\AppData\Local\Temp\cov-Emre\4bc967f42c34f14a407cedf3324b4b2d\cov-Emre\46a8d2b4ef4408388004dd5d83baf205\wchar_t.cpp 
**** BEGIN FILE stdout: 

**** END FILE stdout ***
**** BEGIN FILE stderr: 

**** END FILE stderr ***
Test succeded
**** BEGIN FILE source file: C:/Users/Emre/AppData/Local/Temp/cov-Emre/4bc967f42c34f14a407cedf3324b4b2d/cov-Emre/46a8d2b4ef4408388004dd5d83baf205/wchar_t2.cpp
struct foo { int wchar_t; };

**** END FILE source file ***
pipe_command: c:\mingw64\bin\gcc.exe -c C:\Users\Emre\AppData\Local\Temp\cov-Emre\4bc967f42c34f14a407cedf3324b4b2d\cov-Emre\46a8d2b4ef4408388004dd5d83baf205\wchar_t2.cpp 
pipe_commands starting: c:\mingw64\bin\gcc.exe -c C:\Users\Emre\AppData\Local\Temp\cov-Emre\4bc967f42c34f14a407cedf3324b4b2d\cov-Emre\46a8d2b4ef4408388004dd5d83baf205\wchar_t2.cpp 
**** BEGIN FILE stdout: 

**** END FILE stdout ***
**** BEGIN FILE stderr: 
C:\Users\Emre\AppData\Local\Temp\cov-Emre\4bc967f42c34f14a407cedf3324b4b2d\cov-Emre\46a8d2b4ef4408388004dd5d83baf205\wchar_t2.cpp:1:18: error: multiple types in one declaration
 struct foo { int wchar_t; };
                  ^~~~~~~
C:\Users\Emre\AppData\Local\Temp\cov-Emre\4bc967f42c34f14a407cedf3324b4b2d\cov-Emre\46a8d2b4ef4408388004dd5d83baf205\wchar_t2.cpp:1:18: error: declaration does not declare anything [-fpermissive]

**** END FILE stderr ***
Test failed
**** END PROBE add_appropriate_wchar_t_switch ****
**** BEGIN PROBE add_ignore_std_switch ****
Test test_ignore_std **** BEGIN FILE source file: C:/Users/Emre/AppData/Local/Temp/cov-Emre/4bc967f42c34f14a407cedf3324b4b2d/cov-Emre/46a8d2b4ef4408388004dd5d83baf205/implicit_std.cpp
namespace std
{
                                  int foo;
}

void bar () { int x = foo; }

**** END FILE source file ***
pipe_command: c:\mingw64\bin\gcc.exe -c C:\Users\Emre\AppData\Local\Temp\cov-Emre\4bc967f42c34f14a407cedf3324b4b2d\cov-Emre\46a8d2b4ef4408388004dd5d83baf205\implicit_std.cpp 
pipe_commands starting: c:\mingw64\bin\gcc.exe -c C:\Users\Emre\AppData\Local\Temp\cov-Emre\4bc967f42c34f14a407cedf3324b4b2d\cov-Emre\46a8d2b4ef4408388004dd5d83baf205\implicit_std.cpp 
**** BEGIN FILE stdout: 

**** END FILE stdout ***
**** BEGIN FILE stderr: 
C:\Users\Emre\AppData\Local\Temp\cov-Emre\4bc967f42c34f14a407cedf3324b4b2d\cov-Emre\46a8d2b4ef4408388004dd5d83baf205\implicit_std.cpp: In function 'void bar()':
C:\Users\Emre\AppData\Local\Temp\cov-Emre\4bc967f42c34f14a407cedf3324b4b2d\cov-Emre\46a8d2b4ef4408388004dd5d83baf205\implicit_std.cpp:6:23: error: 'foo' was not declared in this scope
 void bar () { int x = foo; }
                       ^~~
C:\Users\Emre\AppData\Local\Temp\cov-Emre\4bc967f42c34f14a407cedf3324b4b2d\cov-Emre\46a8d2b4ef4408388004dd5d83baf205\implicit_std.cpp:6:23: note: suggested alternative:
C:\Users\Emre\AppData\Local\Temp\cov-Emre\4bc967f42c34f14a407cedf3324b4b2d\cov-Emre\46a8d2b4ef4408388004dd5d83baf205\implicit_std.cpp:3:39: note:   'std::foo'
                                   int foo;
                                       ^~~

**** END FILE stderr ***
Test failed
**** END PROBE add_ignore_std_switch ****
**** BEGIN PROBE add_appropriate_cygwin_option ****
pipe_command: c:\mingw64\bin\gcc.exe -c qqq\test.cpp 
pipe_commands starting: c:\mingw64\bin\gcc.exe -c qqq\test.cpp 
**** END PROBE add_appropriate_cygwin_option ****
**** BEGIN PROBE add_multiline_string_switch_if_needed ****
**** BEGIN FILE source file: C:/Users/Emre/AppData/Local/Temp/cov-Emre/4bc967f42c34f14a407cedf3324b4b2d/cov-Emre/46a8d2b4ef4408388004dd5d83baf205/multiline_string.cpp
char* str = "Hello
World";

**** END FILE source file ***
pipe_command: c:\mingw64\bin\gcc.exe -c C:\Users\Emre\AppData\Local\Temp\cov-Emre\4bc967f42c34f14a407cedf3324b4b2d\cov-Emre\46a8d2b4ef4408388004dd5d83baf205\multiline_string.cpp 
pipe_commands starting: c:\mingw64\bin\gcc.exe -c C:\Users\Emre\AppData\Local\Temp\cov-Emre\4bc967f42c34f14a407cedf3324b4b2d\cov-Emre\46a8d2b4ef4408388004dd5d83baf205\multiline_string.cpp 
**** BEGIN FILE stdout: 

**** END FILE stdout ***
**** BEGIN FILE stderr: 
C:\Users\Emre\AppData\Local\Temp\cov-Emre\4bc967f42c34f14a407cedf3324b4b2d\cov-Emre\46a8d2b4ef4408388004dd5d83baf205\multiline_string.cpp:1:13: warning: missing terminating " character
 char* str = "Hello
             ^
C:\Users\Emre\AppData\Local\Temp\cov-Emre\4bc967f42c34f14a407cedf3324b4b2d\cov-Emre\46a8d2b4ef4408388004dd5d83baf205\multiline_string.cpp:1:13: error: missing terminating " character
 char* str = "Hello
             ^~~~~~
C:\Users\Emre\AppData\Local\Temp\cov-Emre\4bc967f42c34f14a407cedf3324b4b2d\cov-Emre\46a8d2b4ef4408388004dd5d83baf205\multiline_string.cpp:2:6: warning: missing terminating " character
 World";
      ^
C:\Users\Emre\AppData\Local\Temp\cov-Emre\4bc967f42c34f14a407cedf3324b4b2d\cov-Emre\46a8d2b4ef4408388004dd5d83baf205\multiline_string.cpp:2:6: error: missing terminating " character
 World";
      ^~
C:\Users\Emre\AppData\Local\Temp\cov-Emre\4bc967f42c34f14a407cedf3324b4b2d\cov-Emre\46a8d2b4ef4408388004dd5d83baf205\multiline_string.cpp:2:1: error: 'World' was not declared in this scope
 World";
 ^~~~~

**** END FILE stderr ***
Test failed
**** END PROBE add_multiline_string_switch_if_needed ****
**** BEGIN PROBE add_appropriate_trigraphs_switch ****
**** BEGIN FILE source file: C:/Users/Emre/AppData/Local/Temp/cov-Emre/4bc967f42c34f14a407cedf3324b4b2d/cov-Emre/46a8d2b4ef4408388004dd5d83baf205/trigraphs.cpp
char x ??( 3 ??) = "Hi";

**** END FILE source file ***
pipe_command: c:\mingw64\bin\gcc.exe -c C:\Users\Emre\AppData\Local\Temp\cov-Emre\4bc967f42c34f14a407cedf3324b4b2d\cov-Emre\46a8d2b4ef4408388004dd5d83baf205\trigraphs.cpp 
pipe_commands starting: c:\mingw64\bin\gcc.exe -c C:\Users\Emre\AppData\Local\Temp\cov-Emre\4bc967f42c34f14a407cedf3324b4b2d\cov-Emre\46a8d2b4ef4408388004dd5d83baf205\trigraphs.cpp 
**** BEGIN FILE stdout: 

**** END FILE stdout ***
**** BEGIN FILE stderr: 
C:\Users\Emre\AppData\Local\Temp\cov-Emre\4bc967f42c34f14a407cedf3324b4b2d\cov-Emre\46a8d2b4ef4408388004dd5d83baf205\trigraphs.cpp:1:8: warning: trigraph ??( ignored, use -trigraphs to enable [-Wtrigraphs]
 char x ??( 3 ??) = "Hi";
         
C:\Users\Emre\AppData\Local\Temp\cov-Emre\4bc967f42c34f14a407cedf3324b4b2d\cov-Emre\46a8d2b4ef4408388004dd5d83baf205\trigraphs.cpp:1:14: warning: trigraph ??) ignored, use -trigraphs to enable [-Wtrigraphs]
C:\Users\Emre\AppData\Local\Temp\cov-Emre\4bc967f42c34f14a407cedf3324b4b2d\cov-Emre\46a8d2b4ef4408388004dd5d83baf205\trigraphs.cpp:1:8: error: expected initializer before '?' token
 char x ??( 3 ??) = "Hi";
        ^

**** END FILE stderr ***
Test failed
**** END PROBE add_appropriate_trigraphs_switch ****
**** BEGIN PROBE run_x86_calling_conventions_test ****
**** BEGIN FILE source file: C:/Users/Emre/AppData/Local/Temp/cov-Emre/4bc967f42c34f14a407cedf3324b4b2d/cov-Emre/46a8d2b4ef4408388004dd5d83baf205/supports_gnu_cc_attr.cpp
void foo(void) __attribute__((__stdcall__));

**** END FILE source file ***
pipe_command: c:\mingw64\bin\gcc.exe -c C:\Users\Emre\AppData\Local\Temp\cov-Emre\4bc967f42c34f14a407cedf3324b4b2d\cov-Emre\46a8d2b4ef4408388004dd5d83baf205\supports_gnu_cc_attr.cpp 
pipe_commands starting: c:\mingw64\bin\gcc.exe -c C:\Users\Emre\AppData\Local\Temp\cov-Emre\4bc967f42c34f14a407cedf3324b4b2d\cov-Emre\46a8d2b4ef4408388004dd5d83baf205\supports_gnu_cc_attr.cpp 
**** BEGIN FILE stdout: 

**** END FILE stdout ***
**** BEGIN FILE stderr: 

**** END FILE stderr ***
Test succeded
**** BEGIN FILE source file: C:/Users/Emre/AppData/Local/Temp/cov-Emre/4bc967f42c34f14a407cedf3324b4b2d/cov-Emre/46a8d2b4ef4408388004dd5d83baf205/_stdcall.cpp
void f(void) ;
void (*p)() __attribute__((__stdcall__))  = &f;


**** END FILE source file ***
pipe_command: c:\mingw64\bin\gcc.exe -c C:\Users\Emre\AppData\Local\Temp\cov-Emre\4bc967f42c34f14a407cedf3324b4b2d\cov-Emre\46a8d2b4ef4408388004dd5d83baf205\_stdcall.cpp 
pipe_commands starting: c:\mingw64\bin\gcc.exe -c C:\Users\Emre\AppData\Local\Temp\cov-Emre\4bc967f42c34f14a407cedf3324b4b2d\cov-Emre\46a8d2b4ef4408388004dd5d83baf205\_stdcall.cpp 
**** BEGIN FILE stdout: 

**** END FILE stdout ***
**** BEGIN FILE stderr: 

**** END FILE stderr ***
Test succeded
**** BEGIN FILE source file: C:/Users/Emre/AppData/Local/Temp/cov-Emre/4bc967f42c34f14a407cedf3324b4b2d/cov-Emre/46a8d2b4ef4408388004dd5d83baf205/_cdecl.cpp
void f(void) ;
void (*p)() __attribute__((__cdecl__))  = &f;


**** END FILE source file ***
pipe_command: c:\mingw64\bin\gcc.exe -c C:\Users\Emre\AppData\Local\Temp\cov-Emre\4bc967f42c34f14a407cedf3324b4b2d\cov-Emre\46a8d2b4ef4408388004dd5d83baf205\_cdecl.cpp 
pipe_commands starting: c:\mingw64\bin\gcc.exe -c C:\Users\Emre\AppData\Local\Temp\cov-Emre\4bc967f42c34f14a407cedf3324b4b2d\cov-Emre\46a8d2b4ef4408388004dd5d83baf205\_cdecl.cpp 
**** BEGIN FILE stdout: 

**** END FILE stdout ***
**** BEGIN FILE stderr: 

**** END FILE stderr ***
Test succeded
**** BEGIN FILE source file: C:/Users/Emre/AppData/Local/Temp/cov-Emre/4bc967f42c34f14a407cedf3324b4b2d/cov-Emre/46a8d2b4ef4408388004dd5d83baf205/_fastcall.cpp
void f(void) ;
void (*p)() __attribute__((__fastcall__))  = &f;


**** END FILE source file ***
pipe_command: c:\mingw64\bin\gcc.exe -c C:\Users\Emre\AppData\Local\Temp\cov-Emre\4bc967f42c34f14a407cedf3324b4b2d\cov-Emre\46a8d2b4ef4408388004dd5d83baf205\_fastcall.cpp 
pipe_commands starting: c:\mingw64\bin\gcc.exe -c C:\Users\Emre\AppData\Local\Temp\cov-Emre\4bc967f42c34f14a407cedf3324b4b2d\cov-Emre\46a8d2b4ef4408388004dd5d83baf205\_fastcall.cpp 
**** BEGIN FILE stdout: 

**** END FILE stdout ***
**** BEGIN FILE stderr: 

**** END FILE stderr ***
Test succeded
**** BEGIN FILE source file: C:/Users/Emre/AppData/Local/Temp/cov-Emre/4bc967f42c34f14a407cedf3324b4b2d/cov-Emre/46a8d2b4ef4408388004dd5d83baf205/_vectorcall.cpp
void f(void) ;
void (*p)() __attribute__((__vectorcall__))  = &f;


**** END FILE source file ***
pipe_command: c:\mingw64\bin\gcc.exe -c C:\Users\Emre\AppData\Local\Temp\cov-Emre\4bc967f42c34f14a407cedf3324b4b2d\cov-Emre\46a8d2b4ef4408388004dd5d83baf205\_vectorcall.cpp 
pipe_commands starting: c:\mingw64\bin\gcc.exe -c C:\Users\Emre\AppData\Local\Temp\cov-Emre\4bc967f42c34f14a407cedf3324b4b2d\cov-Emre\46a8d2b4ef4408388004dd5d83baf205\_vectorcall.cpp 
**** BEGIN FILE stdout: 

**** END FILE stdout ***
**** BEGIN FILE stderr: 
C:\Users\Emre\AppData\Local\Temp\cov-Emre\4bc967f42c34f14a407cedf3324b4b2d\cov-Emre\46a8d2b4ef4408388004dd5d83baf205\_vectorcall.cpp:2:43: warning: 'vectorcall' attribute directive ignored [-Wattributes]
 void (*p)() __attribute__((__vectorcall__))  = &f;
                                           ^

**** END FILE stderr ***
Test succeded
**** BEGIN FILE source file: C:/Users/Emre/AppData/Local/Temp/cov-Emre/4bc967f42c34f14a407cedf3324b4b2d/cov-Emre/46a8d2b4ef4408388004dd5d83baf205/_thiscall.cpp
void f(void) ;
void (*p)() __attribute__((__thiscall__))  = &f;


**** END FILE source file ***
pipe_command: c:\mingw64\bin\gcc.exe -c C:\Users\Emre\AppData\Local\Temp\cov-Emre\4bc967f42c34f14a407cedf3324b4b2d\cov-Emre\46a8d2b4ef4408388004dd5d83baf205\_thiscall.cpp 
pipe_commands starting: c:\mingw64\bin\gcc.exe -c C:\Users\Emre\AppData\Local\Temp\cov-Emre\4bc967f42c34f14a407cedf3324b4b2d\cov-Emre\46a8d2b4ef4408388004dd5d83baf205\_thiscall.cpp 
**** BEGIN FILE stdout: 

**** END FILE stdout ***
**** BEGIN FILE stderr: 

**** END FILE stderr ***
Test succeded
**** END PROBE run_x86_calling_conventions_test ****
**** BEGIN PROBE add_appropriate_altivec_switch_if_needed ****
Detecting whether AltiVec is supported.
**** BEGIN FILE source file: C:/Users/Emre/AppData/Local/Temp/cov-Emre/4bc967f42c34f14a407cedf3324b4b2d/cov-Emre/46a8d2b4ef4408388004dd5d83baf205/altivec.cpp
__vector unsigned int a;

**** END FILE source file ***
pipe_command: c:\mingw64\bin\gcc.exe -c C:\Users\Emre\AppData\Local\Temp\cov-Emre\4bc967f42c34f14a407cedf3324b4b2d\cov-Emre\46a8d2b4ef4408388004dd5d83baf205\altivec.cpp 
pipe_commands starting: c:\mingw64\bin\gcc.exe -c C:\Users\Emre\AppData\Local\Temp\cov-Emre\4bc967f42c34f14a407cedf3324b4b2d\cov-Emre\46a8d2b4ef4408388004dd5d83baf205\altivec.cpp 
**** BEGIN FILE stdout: 

**** END FILE stdout ***
**** BEGIN FILE stderr: 
C:\Users\Emre\AppData\Local\Temp\cov-Emre\4bc967f42c34f14a407cedf3324b4b2d\cov-Emre\46a8d2b4ef4408388004dd5d83baf205\altivec.cpp:1:1: error: '__vector' does not name a type
 __vector unsigned int a;
 ^~~~~~~~

**** END FILE stderr ***
Test failed
AltiVec is implicitly disabled.
**** END PROBE add_appropriate_altivec_switch_if_needed ****
**** BEGIN PROBE add_float80_and_128_switch_if_needed ****
Detecting whether __float80, __float128 and _Float128 are supported.
**** BEGIN FILE source file: C:/Users/Emre/AppData/Local/Temp/cov-Emre/4bc967f42c34f14a407cedf3324b4b2d/cov-Emre/46a8d2b4ef4408388004dd5d83baf205/__float80.cpp
__float80 x;


**** END FILE source file ***
pipe_command: c:\mingw64\bin\gcc.exe -c C:\Users\Emre\AppData\Local\Temp\cov-Emre\4bc967f42c34f14a407cedf3324b4b2d\cov-Emre\46a8d2b4ef4408388004dd5d83baf205\__float80.cpp 
pipe_commands starting: c:\mingw64\bin\gcc.exe -c C:\Users\Emre\AppData\Local\Temp\cov-Emre\4bc967f42c34f14a407cedf3324b4b2d\cov-Emre\46a8d2b4ef4408388004dd5d83baf205\__float80.cpp 
**** BEGIN FILE stdout: 

**** END FILE stdout ***
**** BEGIN FILE stderr: 

**** END FILE stderr ***
Test succeded
__float80 appears to be enabled.
**** BEGIN FILE source file: C:/Users/Emre/AppData/Local/Temp/cov-Emre/4bc967f42c34f14a407cedf3324b4b2d/cov-Emre/46a8d2b4ef4408388004dd5d83baf205/__float128.cpp
__float128 x;


**** END FILE source file ***
pipe_command: c:\mingw64\bin\gcc.exe -c C:\Users\Emre\AppData\Local\Temp\cov-Emre\4bc967f42c34f14a407cedf3324b4b2d\cov-Emre\46a8d2b4ef4408388004dd5d83baf205\__float128.cpp 
pipe_commands starting: c:\mingw64\bin\gcc.exe -c C:\Users\Emre\AppData\Local\Temp\cov-Emre\4bc967f42c34f14a407cedf3324b4b2d\cov-Emre\46a8d2b4ef4408388004dd5d83baf205\__float128.cpp 
**** BEGIN FILE stdout: 

**** END FILE stdout ***
**** BEGIN FILE stderr: 

**** END FILE stderr ***
Test succeded
__float128 appears to be enabled.
**** END PROBE add_float80_and_128_switch_if_needed ****
**** BEGIN PROBE add_appropriate_macro_stack_pragma_switch ****
**** BEGIN FILE source file: C:/Users/Emre/AppData/Local/Temp/cov-Emre/4bc967f42c34f14a407cedf3324b4b2d/cov-Emre/46a8d2b4ef4408388004dd5d83baf205/macro_stack_sanity.cpp
#define TEST 1
#pragma push_macro("TEST")
#pragma pop_macro("TEST")


**** END FILE source file ***
pipe_command: c:\mingw64\bin\gcc.exe -c C:\Users\Emre\AppData\Local\Temp\cov-Emre\4bc967f42c34f14a407cedf3324b4b2d\cov-Emre\46a8d2b4ef4408388004dd5d83baf205\macro_stack_sanity.cpp 
pipe_commands starting: c:\mingw64\bin\gcc.exe -c C:\Users\Emre\AppData\Local\Temp\cov-Emre\4bc967f42c34f14a407cedf3324b4b2d\cov-Emre\46a8d2b4ef4408388004dd5d83baf205\macro_stack_sanity.cpp 
**** BEGIN FILE stdout: 

**** END FILE stdout ***
**** BEGIN FILE stderr: 

**** END FILE stderr ***
Test succeded
**** BEGIN FILE source file: C:/Users/Emre/AppData/Local/Temp/cov-Emre/4bc967f42c34f14a407cedf3324b4b2d/cov-Emre/46a8d2b4ef4408388004dd5d83baf205/macro_stack_pragmas.cpp
#define TEST 1
#pragma push_macro("TEST")
#undef TEST
#define TEST -1
#pragma pop_macro("TEST")
int arr[TEST];


**** END FILE source file ***
pipe_command: c:\mingw64\bin\gcc.exe -c C:\Users\Emre\AppData\Local\Temp\cov-Emre\4bc967f42c34f14a407cedf3324b4b2d\cov-Emre\46a8d2b4ef4408388004dd5d83baf205\macro_stack_pragmas.cpp 
pipe_commands starting: c:\mingw64\bin\gcc.exe -c C:\Users\Emre\AppData\Local\Temp\cov-Emre\4bc967f42c34f14a407cedf3324b4b2d\cov-Emre\46a8d2b4ef4408388004dd5d83baf205\macro_stack_pragmas.cpp 
**** BEGIN FILE stdout: 

**** END FILE stdout ***
**** BEGIN FILE stderr: 

**** END FILE stderr ***
Test succeded
**** BEGIN FILE source file: C:/Users/Emre/AppData/Local/Temp/cov-Emre/4bc967f42c34f14a407cedf3324b4b2d/cov-Emre/46a8d2b4ef4408388004dd5d83baf205/no_macro_stack_pragmas.cpp
#define TEST -1
#pragma push_macro("TEST")
#undef TEST
#define TEST 1
#pragma pop_macro("TEST")
int arr[TEST];


**** END FILE source file ***
pipe_command: c:\mingw64\bin\gcc.exe -c C:\Users\Emre\AppData\Local\Temp\cov-Emre\4bc967f42c34f14a407cedf3324b4b2d\cov-Emre\46a8d2b4ef4408388004dd5d83baf205\no_macro_stack_pragmas.cpp 
pipe_commands starting: c:\mingw64\bin\gcc.exe -c C:\Users\Emre\AppData\Local\Temp\cov-Emre\4bc967f42c34f14a407cedf3324b4b2d\cov-Emre\46a8d2b4ef4408388004dd5d83baf205\no_macro_stack_pragmas.cpp 
**** BEGIN FILE stdout: 

**** END FILE stdout ***
**** BEGIN FILE stderr: 
C:\Users\Emre\AppData\Local\Temp\cov-Emre\4bc967f42c34f14a407cedf3324b4b2d\cov-Emre\46a8d2b4ef4408388004dd5d83baf205\no_macro_stack_pragmas.cpp:6:13: error: size of array 'arr' is negative
 int arr[TEST];
             ^

**** END FILE stderr ***
Test failed
**** END PROBE add_appropriate_macro_stack_pragma_switch ****
**** BEGIN PROBE add_appropriate_exceptions_switch ****
**** BEGIN FILE source file: C:/Users/Emre/AppData/Local/Temp/cov-Emre/4bc967f42c34f14a407cedf3324b4b2d/cov-Emre/46a8d2b4ef4408388004dd5d83baf205/exceptions.cpp
class foo{}; void func(){try{}catch(foo &f){}}

**** END FILE source file ***
pipe_command: c:\mingw64\bin\gcc.exe -c C:\Users\Emre\AppData\Local\Temp\cov-Emre\4bc967f42c34f14a407cedf3324b4b2d\cov-Emre\46a8d2b4ef4408388004dd5d83baf205\exceptions.cpp 
pipe_commands starting: c:\mingw64\bin\gcc.exe -c C:\Users\Emre\AppData\Local\Temp\cov-Emre\4bc967f42c34f14a407cedf3324b4b2d\cov-Emre\46a8d2b4ef4408388004dd5d83baf205\exceptions.cpp 
**** BEGIN FILE stdout: 

**** END FILE stdout ***
**** BEGIN FILE stderr: 

**** END FILE stderr ***
Test succeded
**** END PROBE add_appropriate_exceptions_switch ****
**** BEGIN PROBE add_appropriate_arg_dependent_overload_switch ****
Detecting whether --arg_dependent_overload is needed.
**** BEGIN FILE source file: C:/Users/Emre/AppData/Local/Temp/cov-Emre/4bc967f42c34f14a407cedf3324b4b2d/cov-Emre/46a8d2b4ef4408388004dd5d83baf205/arg_dependent_overload.cpp
typedef unsigned short FIXED_FLOAT16;
typedef unsigned int FIXED_FLOAT32;

namespace Y {
typedef struct _VECTOR3F { } VECTOR3F;

float InnerProduct(const _VECTOR3F& v1, const _VECTOR3F& v2);
}

namespace fxutil {
  FIXED_FLOAT32 InnerProduct(const FIXED_FLOAT32& v1, const FIXED_FLOAT32& v2);
  FIXED_FLOAT32 InnerProduct(const FIXED_FLOAT16& v1, const FIXED_FLOAT16& v2);
}

namespace X {
    float Sqrt(float f);
    float Sqrt(FIXED_FLOAT32 f);
}
using namespace X;

void f(Y::VECTOR3F &scale)
{
  using fxutil::InnerProduct;
  Sqrt(InnerProduct(scale,scale));
}


**** END FILE source file ***
pipe_command: c:\mingw64\bin\gcc.exe -c C:\Users\Emre\AppData\Local\Temp\cov-Emre\4bc967f42c34f14a407cedf3324b4b2d\cov-Emre\46a8d2b4ef4408388004dd5d83baf205\arg_dependent_overload.cpp 
pipe_commands starting: c:\mingw64\bin\gcc.exe -c C:\Users\Emre\AppData\Local\Temp\cov-Emre\4bc967f42c34f14a407cedf3324b4b2d\cov-Emre\46a8d2b4ef4408388004dd5d83baf205\arg_dependent_overload.cpp 
**** BEGIN FILE stdout: 

**** END FILE stdout ***
**** BEGIN FILE stderr: 

**** END FILE stderr ***
Test succeded
--arg_dependent_overload is needed.
**** END PROBE add_appropriate_arg_dependent_overload_switch ****
**** BEGIN PROBE add_appropriate_vector_intrinsics_switch ****
**** BEGIN FILE source file: C:/Users/Emre/AppData/Local/Temp/cov-Emre/4bc967f42c34f14a407cedf3324b4b2d/cov-Emre/46a8d2b4ef4408388004dd5d83baf205/__vector_bool.cpp
void f1(__attribute__((altivec(vector__))) __attribute__((altivec(bool__))) unsigned int x); void f2(__vector bool int x) {f1(x);}


**** END FILE source file ***
pipe_command: c:\mingw64\bin\gcc.exe -c C:\Users\Emre\AppData\Local\Temp\cov-Emre\4bc967f42c34f14a407cedf3324b4b2d\cov-Emre\46a8d2b4ef4408388004dd5d83baf205\__vector_bool.cpp 
pipe_commands starting: c:\mingw64\bin\gcc.exe -c C:\Users\Emre\AppData\Local\Temp\cov-Emre\4bc967f42c34f14a407cedf3324b4b2d\cov-Emre\46a8d2b4ef4408388004dd5d83baf205\__vector_bool.cpp 
**** BEGIN FILE stdout: 

**** END FILE stdout ***
**** BEGIN FILE stderr: 
C:\Users\Emre\AppData\Local\Temp\cov-Emre\4bc967f42c34f14a407cedf3324b4b2d\cov-Emre\46a8d2b4ef4408388004dd5d83baf205\__vector_bool.cpp:1:90: warning: 'altivec' attribute directive ignored [-Wattributes]
 void f1(__attribute__((altivec(vector__))) __attribute__((altivec(bool__))) unsigned int x); void f2(__vector bool int x) {f1(x);}
                                                                                          ^
C:\Users\Emre\AppData\Local\Temp\cov-Emre\4bc967f42c34f14a407cedf3324b4b2d\cov-Emre\46a8d2b4ef4408388004dd5d83baf205\__vector_bool.cpp:1:90: warning: 'altivec' attribute directive ignored [-Wattributes]
C:\Users\Emre\AppData\Local\Temp\cov-Emre\4bc967f42c34f14a407cedf3324b4b2d\cov-Emre\46a8d2b4ef4408388004dd5d83baf205\__vector_bool.cpp:1:116: error: variable or field 'f2' declared void
 void f1(__attribute__((altivec(vector__))) __attribute__((altivec(bool__))) unsigned int x); void f2(__vector bool int x) {f1(x);}
                                                                                                                    ^~~
C:\Users\Emre\AppData\Local\Temp\cov-Emre\4bc967f42c34f14a407cedf3324b4b2d\cov-Emre\46a8d2b4ef4408388004dd5d83baf205\__vector_bool.cpp:1:102: error: '__vector' was not declared in this scope
 void f1(__attribute__((altivec(vector__))) __attribute__((altivec(bool__))) unsigned int x); void f2(__vector bool int x) {f1(x);}
                                                                                                      ^~~~~~~~

**** END FILE stderr ***
Test failed
**** BEGIN FILE source file: C:/Users/Emre/AppData/Local/Temp/cov-Emre/4bc967f42c34f14a407cedf3324b4b2d/cov-Emre/46a8d2b4ef4408388004dd5d83baf205/__vector___bool.cpp
void f1(__attribute__((altivec(vector__))) __attribute__((altivec(bool__))) unsigned int x); void f2(__vector __bool int x) {f1(x);}


**** END FILE source file ***
pipe_command: c:\mingw64\bin\gcc.exe -c C:\Users\Emre\AppData\Local\Temp\cov-Emre\4bc967f42c34f14a407cedf3324b4b2d\cov-Emre\46a8d2b4ef4408388004dd5d83baf205\__vector___bool.cpp 
pipe_commands starting: c:\mingw64\bin\gcc.exe -c C:\Users\Emre\AppData\Local\Temp\cov-Emre\4bc967f42c34f14a407cedf3324b4b2d\cov-Emre\46a8d2b4ef4408388004dd5d83baf205\__vector___bool.cpp 
**** BEGIN FILE stdout: 

**** END FILE stdout ***
**** BEGIN FILE stderr: 
C:\Users\Emre\AppData\Local\Temp\cov-Emre\4bc967f42c34f14a407cedf3324b4b2d\cov-Emre\46a8d2b4ef4408388004dd5d83baf205\__vector___bool.cpp:1:90: warning: 'altivec' attribute directive ignored [-Wattributes]
 void f1(__attribute__((altivec(vector__))) __attribute__((altivec(bool__))) unsigned int x); void f2(__vector __bool int x) {f1(x);}
                                                                                          ^
C:\Users\Emre\AppData\Local\Temp\cov-Emre\4bc967f42c34f14a407cedf3324b4b2d\cov-Emre\46a8d2b4ef4408388004dd5d83baf205\__vector___bool.cpp:1:90: warning: 'altivec' attribute directive ignored [-Wattributes]
C:\Users\Emre\AppData\Local\Temp\cov-Emre\4bc967f42c34f14a407cedf3324b4b2d\cov-Emre\46a8d2b4ef4408388004dd5d83baf205\__vector___bool.cpp:1:102: error: variable or field 'f2' declared void
 void f1(__attribute__((altivec(vector__))) __attribute__((altivec(bool__))) unsigned int x); void f2(__vector __bool int x) {f1(x);}
                                                                                                      ^~~~~~~~
C:\Users\Emre\AppData\Local\Temp\cov-Emre\4bc967f42c34f14a407cedf3324b4b2d\cov-Emre\46a8d2b4ef4408388004dd5d83baf205\__vector___bool.cpp:1:102: error: '__vector' was not declared in this scope

**** END FILE stderr ***
Test failed
**** BEGIN FILE source file: C:/Users/Emre/AppData/Local/Temp/cov-Emre/4bc967f42c34f14a407cedf3324b4b2d/cov-Emre/46a8d2b4ef4408388004dd5d83baf205/vector_bool.cpp
void f1(__attribute__((altivec(vector__))) __attribute__((altivec(bool__))) unsigned int x); void f2(vector bool int x) {f1(x);}


**** END FILE source file ***
pipe_command: c:\mingw64\bin\gcc.exe -c C:\Users\Emre\AppData\Local\Temp\cov-Emre\4bc967f42c34f14a407cedf3324b4b2d\cov-Emre\46a8d2b4ef4408388004dd5d83baf205\vector_bool.cpp 
pipe_commands starting: c:\mingw64\bin\gcc.exe -c C:\Users\Emre\AppData\Local\Temp\cov-Emre\4bc967f42c34f14a407cedf3324b4b2d\cov-Emre\46a8d2b4ef4408388004dd5d83baf205\vector_bool.cpp 
**** BEGIN FILE stdout: 

**** END FILE stdout ***
**** BEGIN FILE stderr: 
C:\Users\Emre\AppData\Local\Temp\cov-Emre\4bc967f42c34f14a407cedf3324b4b2d\cov-Emre\46a8d2b4ef4408388004dd5d83baf205\vector_bool.cpp:1:90: warning: 'altivec' attribute directive ignored [-Wattributes]
 void f1(__attribute__((altivec(vector__))) __attribute__((altivec(bool__))) unsigned int x); void f2(vector bool int x) {f1(x);}
                                                                                          ^
C:\Users\Emre\AppData\Local\Temp\cov-Emre\4bc967f42c34f14a407cedf3324b4b2d\cov-Emre\46a8d2b4ef4408388004dd5d83baf205\vector_bool.cpp:1:90: warning: 'altivec' attribute directive ignored [-Wattributes]
C:\Users\Emre\AppData\Local\Temp\cov-Emre\4bc967f42c34f14a407cedf3324b4b2d\cov-Emre\46a8d2b4ef4408388004dd5d83baf205\vector_bool.cpp:1:114: error: variable or field 'f2' declared void
 void f1(__attribute__((altivec(vector__))) __attribute__((altivec(bool__))) unsigned int x); void f2(vector bool int x) {f1(x);}
                                                                                                                  ^~~
C:\Users\Emre\AppData\Local\Temp\cov-Emre\4bc967f42c34f14a407cedf3324b4b2d\cov-Emre\46a8d2b4ef4408388004dd5d83baf205\vector_bool.cpp:1:102: error: 'vector' was not declared in this scope
 void f1(__attribute__((altivec(vector__))) __attribute__((altivec(bool__))) unsigned int x); void f2(vector bool int x) {f1(x);}
                                                                                                      ^~~~~~

**** END FILE stderr ***
Test failed
**** BEGIN FILE source file: C:/Users/Emre/AppData/Local/Temp/cov-Emre/4bc967f42c34f14a407cedf3324b4b2d/cov-Emre/46a8d2b4ef4408388004dd5d83baf205/vector___bool.cpp
void f1(__attribute__((altivec(vector__))) __attribute__((altivec(bool__))) unsigned int x); void f2(vector __bool int x) {f1(x);}


**** END FILE source file ***
pipe_command: c:\mingw64\bin\gcc.exe -c C:\Users\Emre\AppData\Local\Temp\cov-Emre\4bc967f42c34f14a407cedf3324b4b2d\cov-Emre\46a8d2b4ef4408388004dd5d83baf205\vector___bool.cpp 
pipe_commands starting: c:\mingw64\bin\gcc.exe -c C:\Users\Emre\AppData\Local\Temp\cov-Emre\4bc967f42c34f14a407cedf3324b4b2d\cov-Emre\46a8d2b4ef4408388004dd5d83baf205\vector___bool.cpp 
**** BEGIN FILE stdout: 

**** END FILE stdout ***
**** BEGIN FILE stderr: 
C:\Users\Emre\AppData\Local\Temp\cov-Emre\4bc967f42c34f14a407cedf3324b4b2d\cov-Emre\46a8d2b4ef4408388004dd5d83baf205\vector___bool.cpp:1:90: warning: 'altivec' attribute directive ignored [-Wattributes]
 void f1(__attribute__((altivec(vector__))) __attribute__((altivec(bool__))) unsigned int x); void f2(vector __bool int x) {f1(x);}
                                                                                          ^
C:\Users\Emre\AppData\Local\Temp\cov-Emre\4bc967f42c34f14a407cedf3324b4b2d\cov-Emre\46a8d2b4ef4408388004dd5d83baf205\vector___bool.cpp:1:90: warning: 'altivec' attribute directive ignored [-Wattributes]
C:\Users\Emre\AppData\Local\Temp\cov-Emre\4bc967f42c34f14a407cedf3324b4b2d\cov-Emre\46a8d2b4ef4408388004dd5d83baf205\vector___bool.cpp:1:102: error: variable or field 'f2' declared void
 void f1(__attribute__((altivec(vector__))) __attribute__((altivec(bool__))) unsigned int x); void f2(vector __bool int x) {f1(x);}
                                                                                                      ^~~~~~
C:\Users\Emre\AppData\Local\Temp\cov-Emre\4bc967f42c34f14a407cedf3324b4b2d\cov-Emre\46a8d2b4ef4408388004dd5d83baf205\vector___bool.cpp:1:102: error: 'vector' was not declared in this scope

**** END FILE stderr ***
Test failed
**** BEGIN FILE source file: C:/Users/Emre/AppData/Local/Temp/cov-Emre/4bc967f42c34f14a407cedf3324b4b2d/cov-Emre/46a8d2b4ef4408388004dd5d83baf205/__vector_pixel.cpp
void f1(__attribute__((altivec(vector__))) __attribute__((altivec(pixel__))) unsigned short x); void f2(__vector pixel x) {f1(x);}


**** END FILE source file ***
pipe_command: c:\mingw64\bin\gcc.exe -c C:\Users\Emre\AppData\Local\Temp\cov-Emre\4bc967f42c34f14a407cedf3324b4b2d\cov-Emre\46a8d2b4ef4408388004dd5d83baf205\__vector_pixel.cpp 
pipe_commands starting: c:\mingw64\bin\gcc.exe -c C:\Users\Emre\AppData\Local\Temp\cov-Emre\4bc967f42c34f14a407cedf3324b4b2d\cov-Emre\46a8d2b4ef4408388004dd5d83baf205\__vector_pixel.cpp 
**** BEGIN FILE stdout: 

**** END FILE stdout ***
**** BEGIN FILE stderr: 
C:\Users\Emre\AppData\Local\Temp\cov-Emre\4bc967f42c34f14a407cedf3324b4b2d\cov-Emre\46a8d2b4ef4408388004dd5d83baf205\__vector_pixel.cpp:1:93: warning: 'altivec' attribute directive ignored [-Wattributes]
 void f1(__attribute__((altivec(vector__))) __attribute__((altivec(pixel__))) unsigned short x); void f2(__vector pixel x) {f1(x);}
                                                                                             ^
C:\Users\Emre\AppData\Local\Temp\cov-Emre\4bc967f42c34f14a407cedf3324b4b2d\cov-Emre\46a8d2b4ef4408388004dd5d83baf205\__vector_pixel.cpp:1:93: warning: 'altivec' attribute directive ignored [-Wattributes]
C:\Users\Emre\AppData\Local\Temp\cov-Emre\4bc967f42c34f14a407cedf3324b4b2d\cov-Emre\46a8d2b4ef4408388004dd5d83baf205\__vector_pixel.cpp:1:105: error: variable or field 'f2' declared void
 void f1(__attribute__((altivec(vector__))) __attribute__((altivec(pixel__))) unsigned short x); void f2(__vector pixel x) {f1(x);}
                                                                                                         ^~~~~~~~
C:\Users\Emre\AppData\Local\Temp\cov-Emre\4bc967f42c34f14a407cedf3324b4b2d\cov-Emre\46a8d2b4ef4408388004dd5d83baf205\__vector_pixel.cpp:1:105: error: '__vector' was not declared in this scope

**** END FILE stderr ***
Test failed
**** BEGIN FILE source file: C:/Users/Emre/AppData/Local/Temp/cov-Emre/4bc967f42c34f14a407cedf3324b4b2d/cov-Emre/46a8d2b4ef4408388004dd5d83baf205/__vector___pixel.cpp
void f1(__attribute__((altivec(vector__))) __attribute__((altivec(pixel__))) unsigned short x); void f2(__vector __pixel x) {f1(x);}


**** END FILE source file ***
pipe_command: c:\mingw64\bin\gcc.exe -c C:\Users\Emre\AppData\Local\Temp\cov-Emre\4bc967f42c34f14a407cedf3324b4b2d\cov-Emre\46a8d2b4ef4408388004dd5d83baf205\__vector___pixel.cpp 
pipe_commands starting: c:\mingw64\bin\gcc.exe -c C:\Users\Emre\AppData\Local\Temp\cov-Emre\4bc967f42c34f14a407cedf3324b4b2d\cov-Emre\46a8d2b4ef4408388004dd5d83baf205\__vector___pixel.cpp 
**** BEGIN FILE stdout: 

**** END FILE stdout ***
**** BEGIN FILE stderr: 
C:\Users\Emre\AppData\Local\Temp\cov-Emre\4bc967f42c34f14a407cedf3324b4b2d\cov-Emre\46a8d2b4ef4408388004dd5d83baf205\__vector___pixel.cpp:1:93: warning: 'altivec' attribute directive ignored [-Wattributes]
 void f1(__attribute__((altivec(vector__))) __attribute__((altivec(pixel__))) unsigned short x); void f2(__vector __pixel x) {f1(x);}
                                                                                             ^
C:\Users\Emre\AppData\Local\Temp\cov-Emre\4bc967f42c34f14a407cedf3324b4b2d\cov-Emre\46a8d2b4ef4408388004dd5d83baf205\__vector___pixel.cpp:1:93: warning: 'altivec' attribute directive ignored [-Wattributes]
C:\Users\Emre\AppData\Local\Temp\cov-Emre\4bc967f42c34f14a407cedf3324b4b2d\cov-Emre\46a8d2b4ef4408388004dd5d83baf205\__vector___pixel.cpp:1:105: error: variable or field 'f2' declared void
 void f1(__attribute__((altivec(vector__))) __attribute__((altivec(pixel__))) unsigned short x); void f2(__vector __pixel x) {f1(x);}
                                                                                                         ^~~~~~~~
C:\Users\Emre\AppData\Local\Temp\cov-Emre\4bc967f42c34f14a407cedf3324b4b2d\cov-Emre\46a8d2b4ef4408388004dd5d83baf205\__vector___pixel.cpp:1:105: error: '__vector' was not declared in this scope

**** END FILE stderr ***
Test failed
**** BEGIN FILE source file: C:/Users/Emre/AppData/Local/Temp/cov-Emre/4bc967f42c34f14a407cedf3324b4b2d/cov-Emre/46a8d2b4ef4408388004dd5d83baf205/vector_pixel.cpp
void f1(__attribute__((altivec(vector__))) __attribute__((altivec(pixel__))) unsigned short x); void f2(vector pixel x) {f1(x);}


**** END FILE source file ***
pipe_command: c:\mingw64\bin\gcc.exe -c C:\Users\Emre\AppData\Local\Temp\cov-Emre\4bc967f42c34f14a407cedf3324b4b2d\cov-Emre\46a8d2b4ef4408388004dd5d83baf205\vector_pixel.cpp 
pipe_commands starting: c:\mingw64\bin\gcc.exe -c C:\Users\Emre\AppData\Local\Temp\cov-Emre\4bc967f42c34f14a407cedf3324b4b2d\cov-Emre\46a8d2b4ef4408388004dd5d83baf205\vector_pixel.cpp 
**** BEGIN FILE stdout: 

**** END FILE stdout ***
**** BEGIN FILE stderr: 
C:\Users\Emre\AppData\Local\Temp\cov-Emre\4bc967f42c34f14a407cedf3324b4b2d\cov-Emre\46a8d2b4ef4408388004dd5d83baf205\vector_pixel.cpp:1:93: warning: 'altivec' attribute directive ignored [-Wattributes]
 void f1(__attribute__((altivec(vector__))) __attribute__((altivec(pixel__))) unsigned short x); void f2(vector pixel x) {f1(x);}
                                                                                             ^
C:\Users\Emre\AppData\Local\Temp\cov-Emre\4bc967f42c34f14a407cedf3324b4b2d\cov-Emre\46a8d2b4ef4408388004dd5d83baf205\vector_pixel.cpp:1:93: warning: 'altivec' attribute directive ignored [-Wattributes]
C:\Users\Emre\AppData\Local\Temp\cov-Emre\4bc967f42c34f14a407cedf3324b4b2d\cov-Emre\46a8d2b4ef4408388004dd5d83baf205\vector_pixel.cpp:1:105: error: variable or field 'f2' declared void
 void f1(__attribute__((altivec(vector__))) __attribute__((altivec(pixel__))) unsigned short x); void f2(vector pixel x) {f1(x);}
                                                                                                         ^~~~~~
C:\Users\Emre\AppData\Local\Temp\cov-Emre\4bc967f42c34f14a407cedf3324b4b2d\cov-Emre\46a8d2b4ef4408388004dd5d83baf205\vector_pixel.cpp:1:105: error: 'vector' was not declared in this scope

**** END FILE stderr ***
Test failed
**** BEGIN FILE source file: C:/Users/Emre/AppData/Local/Temp/cov-Emre/4bc967f42c34f14a407cedf3324b4b2d/cov-Emre/46a8d2b4ef4408388004dd5d83baf205/vector___pixel.cpp
void f1(__attribute__((altivec(vector__))) __attribute__((altivec(pixel__))) unsigned short x); void f2(vector __pixel x) {f1(x);}


**** END FILE source file ***
pipe_command: c:\mingw64\bin\gcc.exe -c C:\Users\Emre\AppData\Local\Temp\cov-Emre\4bc967f42c34f14a407cedf3324b4b2d\cov-Emre\46a8d2b4ef4408388004dd5d83baf205\vector___pixel.cpp 
pipe_commands starting: c:\mingw64\bin\gcc.exe -c C:\Users\Emre\AppData\Local\Temp\cov-Emre\4bc967f42c34f14a407cedf3324b4b2d\cov-Emre\46a8d2b4ef4408388004dd5d83baf205\vector___pixel.cpp 
**** BEGIN FILE stdout: 

**** END FILE stdout ***
**** BEGIN FILE stderr: 
C:\Users\Emre\AppData\Local\Temp\cov-Emre\4bc967f42c34f14a407cedf3324b4b2d\cov-Emre\46a8d2b4ef4408388004dd5d83baf205\vector___pixel.cpp:1:93: warning: 'altivec' attribute directive ignored [-Wattributes]
 void f1(__attribute__((altivec(vector__))) __attribute__((altivec(pixel__))) unsigned short x); void f2(vector __pixel x) {f1(x);}
                                                                                             ^
C:\Users\Emre\AppData\Local\Temp\cov-Emre\4bc967f42c34f14a407cedf3324b4b2d\cov-Emre\46a8d2b4ef4408388004dd5d83baf205\vector___pixel.cpp:1:93: warning: 'altivec' attribute directive ignored [-Wattributes]
C:\Users\Emre\AppData\Local\Temp\cov-Emre\4bc967f42c34f14a407cedf3324b4b2d\cov-Emre\46a8d2b4ef4408388004dd5d83baf205\vector___pixel.cpp:1:105: error: variable or field 'f2' declared void
 void f1(__attribute__((altivec(vector__))) __attribute__((altivec(pixel__))) unsigned short x); void f2(vector __pixel x) {f1(x);}
                                                                                                         ^~~~~~
C:\Users\Emre\AppData\Local\Temp\cov-Emre\4bc967f42c34f14a407cedf3324b4b2d\cov-Emre\46a8d2b4ef4408388004dd5d83baf205\vector___pixel.cpp:1:105: error: 'vector' was not declared in this scope

**** END FILE stderr ***
Test failed
**** END PROBE add_appropriate_vector_intrinsics_switch ****
**** BEGIN PROBE set_appropriate_target_platform ****
**** BEGIN PROBE get_macros ****
compiler_prober_t::make_abs_preproc_command
 cmd: c:\mingw64\bin\gcc.exe
c:\mingw64\bin\gcc.exe -xc++ -E -U__BLOCKS__ C:\Users\Emre\AppData\Local\Temp\cov-Emre\4bc967f42c34f14a407cedf3324b4b2d\cov-Emre\46a8d2b4ef4408388004dd5d83baf205\macros.cpp
**** BEGIN FILE source file: C:/Users/Emre/AppData/Local/Temp/cov-Emre/4bc967f42c34f14a407cedf3324b4b2d/cov-Emre/46a8d2b4ef4408388004dd5d83baf205/macros.cpp
#ifdef __MINGW64__
__coverity_macro __MINGW64__
#else
__the_symbol_is_not_defined__
#endif
#ifdef __MINGW32__
__coverity_macro __MINGW32__
#else
__the_symbol_is_not_defined__
#endif

**** END source file ***
pipe_command: c:\mingw64\bin\gcc.exe -xc++ -E -U__BLOCKS__ C:\Users\Emre\AppData\Local\Temp\cov-Emre\4bc967f42c34f14a407cedf3324b4b2d\cov-Emre\46a8d2b4ef4408388004dd5d83baf205\macros.cpp 
pipe_commands starting: c:\mingw64\bin\gcc.exe -xc++ -E -U__BLOCKS__ C:\Users\Emre\AppData\Local\Temp\cov-Emre\4bc967f42c34f14a407cedf3324b4b2d\cov-Emre\46a8d2b4ef4408388004dd5d83baf205\macros.cpp 
**** BEGIN FILE output: C:/Users/Emre/AppData/Local/Temp/cov-Emre/4bc967f42c34f14a407cedf3324b4b2d/cov-Emre/46a8d2b4ef4408388004dd5d83baf205/pp_out
# 1 "C:\\Users\\Emre\\AppData\\Local\\Temp\\cov-Emre\\4bc967f42c34f14a407cedf3324b4b2d\\cov-Emre\\46a8d2b4ef4408388004dd5d83baf205\\macros.cpp"
# 1 "<built-in>"
# 1 "<command-line>"
# 1 "C:\\Users\\Emre\\AppData\\Local\\Temp\\cov-Emre\\4bc967f42c34f14a407cedf3324b4b2d\\cov-Emre\\46a8d2b4ef4408388004dd5d83baf205\\macros.cpp"

__coverity_macro 1




__coverity_macro 1

**** END FILE output ***
**** BEGIN FILE error: 

**** END FILE error ***
**** END PROBE get_macros ****
**** END PROBE set_appropriate_target_platform ****
pipe_command: c:\mingw64\bin\gcc.exe -c -print-sysroot 
pipe_commands starting: c:\mingw64\bin\gcc.exe -c -print-sysroot 
**** BEGIN FILE source file: C:/Users/Emre/AppData/Local/Temp/cov-Emre/4bc967f42c34f14a407cedf3324b4b2d/cov-Emre/46a8d2b4ef4408388004dd5d83baf205/no_inline_keyword.cpp
int inline = 0;

**** END FILE source file ***
pipe_command: c:\mingw64\bin\gcc.exe -c C:\Users\Emre\AppData\Local\Temp\cov-Emre\4bc967f42c34f14a407cedf3324b4b2d\cov-Emre\46a8d2b4ef4408388004dd5d83baf205\no_inline_keyword.cpp 
pipe_commands starting: c:\mingw64\bin\gcc.exe -c C:\Users\Emre\AppData\Local\Temp\cov-Emre\4bc967f42c34f14a407cedf3324b4b2d\cov-Emre\46a8d2b4ef4408388004dd5d83baf205\no_inline_keyword.cpp 
**** BEGIN FILE stdout: 

**** END FILE stdout ***
**** BEGIN FILE stderr: 
C:\Users\Emre\AppData\Local\Temp\cov-Emre\4bc967f42c34f14a407cedf3324b4b2d\cov-Emre\46a8d2b4ef4408388004dd5d83baf205\no_inline_keyword.cpp:1:12: error: expected unqualified-id before '=' token
 int inline = 0;
            ^

**** END FILE stderr ***
Test failed
**** BEGIN FILE source file: C:/Users/Emre/AppData/Local/Temp/cov-Emre/4bc967f42c34f14a407cedf3324b4b2d/cov-Emre/46a8d2b4ef4408388004dd5d83baf205/inline_keyword.cpp
inline void foo() { }

**** END FILE source file ***
pipe_command: c:\mingw64\bin\gcc.exe -c C:\Users\Emre\AppData\Local\Temp\cov-Emre\4bc967f42c34f14a407cedf3324b4b2d\cov-Emre\46a8d2b4ef4408388004dd5d83baf205\inline_keyword.cpp 
pipe_commands starting: c:\mingw64\bin\gcc.exe -c C:\Users\Emre\AppData\Local\Temp\cov-Emre\4bc967f42c34f14a407cedf3324b4b2d\cov-Emre\46a8d2b4ef4408388004dd5d83baf205\inline_keyword.cpp 
**** BEGIN FILE stdout: 

**** END FILE stdout ***
**** BEGIN FILE stderr: 

**** END FILE stderr ***
Test succeded
**** BEGIN PROBE add_appropriate_has_include_switch ****
**** BEGIN FILE source file: C:/Users/Emre/AppData/Local/Temp/cov-Emre/4bc967f42c34f14a407cedf3324b4b2d/cov-Emre/46a8d2b4ef4408388004dd5d83baf205/__has_include_pos.cpp
#ifdef __has_include
# if __has_include("whatever")
# endif
#else
#error
#endif


**** END FILE source file ***
pipe_command: c:\mingw64\bin\gcc.exe -c C:\Users\Emre\AppData\Local\Temp\cov-Emre\4bc967f42c34f14a407cedf3324b4b2d\cov-Emre\46a8d2b4ef4408388004dd5d83baf205\__has_include_pos.cpp 
pipe_commands starting: c:\mingw64\bin\gcc.exe -c C:\Users\Emre\AppData\Local\Temp\cov-Emre\4bc967f42c34f14a407cedf3324b4b2d\cov-Emre\46a8d2b4ef4408388004dd5d83baf205\__has_include_pos.cpp 
**** BEGIN FILE stdout: 

**** END FILE stdout ***
**** BEGIN FILE stderr: 

**** END FILE stderr ***
Test succeded
**** BEGIN FILE source file: C:/Users/Emre/AppData/Local/Temp/cov-Emre/4bc967f42c34f14a407cedf3324b4b2d/cov-Emre/46a8d2b4ef4408388004dd5d83baf205/__has_include_neg.cpp
#ifdef __has_include
#error
#else
#define __has_include int foo(void)
__has_include;
#endif


**** END FILE source file ***
pipe_command: c:\mingw64\bin\gcc.exe -c C:\Users\Emre\AppData\Local\Temp\cov-Emre\4bc967f42c34f14a407cedf3324b4b2d\cov-Emre\46a8d2b4ef4408388004dd5d83baf205\__has_include_neg.cpp 
pipe_commands starting: c:\mingw64\bin\gcc.exe -c C:\Users\Emre\AppData\Local\Temp\cov-Emre\4bc967f42c34f14a407cedf3324b4b2d\cov-Emre\46a8d2b4ef4408388004dd5d83baf205\__has_include_neg.cpp 
**** BEGIN FILE stdout: 

**** END FILE stdout ***
**** BEGIN FILE stderr: 
C:\Users\Emre\AppData\Local\Temp\cov-Emre\4bc967f42c34f14a407cedf3324b4b2d\cov-Emre\46a8d2b4ef4408388004dd5d83baf205\__has_include_neg.cpp:2:2: error: #error 
 #error
  ^~~~~

**** END FILE stderr ***
Test failed
**** END PROBE add_appropriate_has_include_switch ****
**** BEGIN PROBE add_appropriate_has_include_next_switch ****
**** BEGIN FILE source file: C:/Users/Emre/AppData/Local/Temp/cov-Emre/4bc967f42c34f14a407cedf3324b4b2d/cov-Emre/46a8d2b4ef4408388004dd5d83baf205/__has_include_next_pos.cpp
#ifdef __has_include_next
# if __has_include_next("whatever")
# endif
#else
#error
#endif


**** END FILE source file ***
pipe_command: c:\mingw64\bin\gcc.exe -c C:\Users\Emre\AppData\Local\Temp\cov-Emre\4bc967f42c34f14a407cedf3324b4b2d\cov-Emre\46a8d2b4ef4408388004dd5d83baf205\__has_include_next_pos.cpp 
pipe_commands starting: c:\mingw64\bin\gcc.exe -c C:\Users\Emre\AppData\Local\Temp\cov-Emre\4bc967f42c34f14a407cedf3324b4b2d\cov-Emre\46a8d2b4ef4408388004dd5d83baf205\__has_include_next_pos.cpp 
**** BEGIN FILE stdout: 

**** END FILE stdout ***
**** BEGIN FILE stderr: 

**** END FILE stderr ***
Test succeded
**** BEGIN FILE source file: C:/Users/Emre/AppData/Local/Temp/cov-Emre/4bc967f42c34f14a407cedf3324b4b2d/cov-Emre/46a8d2b4ef4408388004dd5d83baf205/__has_include_next_neg.cpp
#ifdef __has_include_next
#error
#else
#define __has_include_next int foo(void)
__has_include_next;
#endif


**** END FILE source file ***
pipe_command: c:\mingw64\bin\gcc.exe -c C:\Users\Emre\AppData\Local\Temp\cov-Emre\4bc967f42c34f14a407cedf3324b4b2d\cov-Emre\46a8d2b4ef4408388004dd5d83baf205\__has_include_next_neg.cpp 
pipe_commands starting: c:\mingw64\bin\gcc.exe -c C:\Users\Emre\AppData\Local\Temp\cov-Emre\4bc967f42c34f14a407cedf3324b4b2d\cov-Emre\46a8d2b4ef4408388004dd5d83baf205\__has_include_next_neg.cpp 
**** BEGIN FILE stdout: 

**** END FILE stdout ***
**** BEGIN FILE stderr: 
C:\Users\Emre\AppData\Local\Temp\cov-Emre\4bc967f42c34f14a407cedf3324b4b2d\cov-Emre\46a8d2b4ef4408388004dd5d83baf205\__has_include_next_neg.cpp:2:2: error: #error 
 #error
  ^~~~~

**** END FILE stderr ***
Test failed
**** END PROBE add_appropriate_has_include_next_switch ****
**** BEGIN PROBE add_appropriate_has_cpp_attribute_switch ****
**** BEGIN FILE source file: C:/Users/Emre/AppData/Local/Temp/cov-Emre/4bc967f42c34f14a407cedf3324b4b2d/cov-Emre/46a8d2b4ef4408388004dd5d83baf205/__has_cpp_attribute_pos.cpp
#ifdef __has_cpp_attribute
# if __has_cpp_attribute(whatever)
# endif
#else
#error
#endif


**** END FILE source file ***
pipe_command: c:\mingw64\bin\gcc.exe -c C:\Users\Emre\AppData\Local\Temp\cov-Emre\4bc967f42c34f14a407cedf3324b4b2d\cov-Emre\46a8d2b4ef4408388004dd5d83baf205\__has_cpp_attribute_pos.cpp 
pipe_commands starting: c:\mingw64\bin\gcc.exe -c C:\Users\Emre\AppData\Local\Temp\cov-Emre\4bc967f42c34f14a407cedf3324b4b2d\cov-Emre\46a8d2b4ef4408388004dd5d83baf205\__has_cpp_attribute_pos.cpp 
**** BEGIN FILE stdout: 

**** END FILE stdout ***
**** BEGIN FILE stderr: 

**** END FILE stderr ***
Test succeded
**** BEGIN FILE source file: C:/Users/Emre/AppData/Local/Temp/cov-Emre/4bc967f42c34f14a407cedf3324b4b2d/cov-Emre/46a8d2b4ef4408388004dd5d83baf205/__has_cpp_attribute_neg.cpp
#ifdef __has_cpp_attribute
#error
#else
#define __has_cpp_attribute int foo(void)
__has_cpp_attribute;
#endif


**** END FILE source file ***
pipe_command: c:\mingw64\bin\gcc.exe -c C:\Users\Emre\AppData\Local\Temp\cov-Emre\4bc967f42c34f14a407cedf3324b4b2d\cov-Emre\46a8d2b4ef4408388004dd5d83baf205\__has_cpp_attribute_neg.cpp 
pipe_commands starting: c:\mingw64\bin\gcc.exe -c C:\Users\Emre\AppData\Local\Temp\cov-Emre\4bc967f42c34f14a407cedf3324b4b2d\cov-Emre\46a8d2b4ef4408388004dd5d83baf205\__has_cpp_attribute_neg.cpp 
**** BEGIN FILE stdout: 

**** END FILE stdout ***
**** BEGIN FILE stderr: 
C:\Users\Emre\AppData\Local\Temp\cov-Emre\4bc967f42c34f14a407cedf3324b4b2d\cov-Emre\46a8d2b4ef4408388004dd5d83baf205\__has_cpp_attribute_neg.cpp:2:2: error: #error 
 #error
  ^~~~~

**** END FILE stderr ***
Test failed
**** END PROBE add_appropriate_has_cpp_attribute_switch ****
run_comp_tests: no defined custom tests
**** BEGIN PROBE get_standard_includes ****
Dryrun command: c:\mingw64\bin\gcc.exe -E -v C:\Users\Emre\AppData\Local\Temp\cov-Emre\4bc967f42c34f14a407cedf3324b4b2d\cov-Emre\46a8d2b4ef4408388004dd5d83baf205\empty.cpp
**** BEGIN FILE source file: C:/Users/Emre/AppData/Local/Temp/cov-Emre/4bc967f42c34f14a407cedf3324b4b2d/cov-Emre/46a8d2b4ef4408388004dd5d83baf205/empty.cpp

**** END source file ***
pipe_command: c:\mingw64\bin\gcc.exe -E -v C:\Users\Emre\AppData\Local\Temp\cov-Emre\4bc967f42c34f14a407cedf3324b4b2d\cov-Emre\46a8d2b4ef4408388004dd5d83baf205\empty.cpp 
pipe_commands starting: c:\mingw64\bin\gcc.exe -E -v C:\Users\Emre\AppData\Local\Temp\cov-Emre\4bc967f42c34f14a407cedf3324b4b2d\cov-Emre\46a8d2b4ef4408388004dd5d83baf205\empty.cpp 
**** BEGIN FILE output: C:/Users/Emre/AppData/Local/Temp/cov-Emre/4bc967f42c34f14a407cedf3324b4b2d/cov-Emre/46a8d2b4ef4408388004dd5d83baf205/empty.output
Using built-in specs.
COLLECT_GCC=c:\mingw64\bin\gcc.exe
Target: x86_64-w64-mingw32
Configured with: ../../../src/gcc-8.1.0/configure --host=x86_64-w64-mingw32 --build=x86_64-w64-mingw32 --target=x86_64-w64-mingw32 --prefix=/mingw64 --with-sysroot=/c/mingw810/x86_64-810-posix-seh-rt_v6-rev0/mingw64 --enable-shared --enable-static --disable-multilib --enable-languages=c,c++,fortran,lto --enable-libstdcxx-time=yes --enable-threads=posix --enable-libgomp --enable-libatomic --enable-lto --enable-graphite --enable-checking=release --enable-fully-dynamic-string --enable-version-specific-runtime-libs --disable-libstdcxx-pch --disable-libstdcxx-debug --enable-bootstrap --disable-rpath --disable-win32-registry --disable-nls --disable-werror --disable-symvers --with-gnu-as --with-gnu-ld --with-arch=nocona --with-tune=core2 --with-libiconv --with-system-zlib --with-gmp=/c/mingw810/prerequisites/x86_64-w64-mingw32-static --with-mpfr=/c/mingw810/prerequisites/x86_64-w64-mingw32-static --with-mpc=/c/mingw810/prerequisites/x86_64-w64-mingw32-static --with-isl=/c/mingw810/prerequisites/x86_64-w64-mingw32-static --with-pkgversion='x86_64-posix-seh-rev0, Built by MinGW-W64 project' --with-bugurl=https://sourceforge.net/projects/mingw-w64 CFLAGS='-O2 -pipe -fno-ident -I/c/mingw810/x86_64-810-posix-seh-rt_v6-rev0/mingw64/opt/include -I/c/mingw810/prerequisites/x86_64-zlib-static/include -I/c/mingw810/prerequisites/x86_64-w64-mingw32-static/include' CXXFLAGS='-O2 -pipe -fno-ident -I/c/mingw810/x86_64-810-posix-seh-rt_v6-rev0/mingw64/opt/include -I/c/mingw810/prerequisites/x86_64-zlib-static/include -I/c/mingw810/prerequisites/x86_64-w64-mingw32-static/include' CPPFLAGS=' -I/c/mingw810/x86_64-810-posix-seh-rt_v6-rev0/mingw64/opt/include -I/c/mingw810/prerequisites/x86_64-zlib-static/include -I/c/mingw810/prerequisites/x86_64-w64-mingw32-static/include' LDFLAGS='-pipe -fno-ident -L/c/mingw810/x86_64-810-posix-seh-rt_v6-rev0/mingw64/opt/lib -L/c/mingw810/prerequisites/x86_64-zlib-static/lib -L/c/mingw810/prerequisites/x86_64-w64-mingw32-static/lib '
Thread model: posix
gcc version 8.1.0 (x86_64-posix-seh-rev0, Built by MinGW-W64 project) 
COLLECT_GCC_OPTIONS='-E' '-v' '-mtune=core2' '-march=nocona'
 c:/mingw64/bin/../libexec/gcc/x86_64-w64-mingw32/8.1.0/cc1plus.exe -E -quiet -v -iprefix c:/mingw64/bin/../lib/gcc/x86_64-w64-mingw32/8.1.0/ -D_REENTRANT C:\Users\Emre\AppData\Local\Temp\cov-Emre\4bc967f42c34f14a407cedf3324b4b2d\cov-Emre\46a8d2b4ef4408388004dd5d83baf205\empty.cpp -mtune=core2 -march=nocona
ignoring duplicate directory "c:/mingw64/lib/gcc/../../lib/gcc/x86_64-w64-mingw32/8.1.0/include/c++"
ignoring duplicate directory "c:/mingw64/lib/gcc/../../lib/gcc/x86_64-w64-mingw32/8.1.0/include/c++/x86_64-w64-mingw32"
ignoring duplicate directory "c:/mingw64/lib/gcc/../../lib/gcc/x86_64-w64-mingw32/8.1.0/include/c++/backward"
ignoring duplicate directory "c:/mingw64/lib/gcc/../../lib/gcc/x86_64-w64-mingw32/8.1.0/include"
ignoring nonexistent directory "C:/mingw810/x86_64-810-posix-seh-rt_v6-rev0/mingw64C:/msys64/mingw64/lib/gcc/x86_64-w64-mingw32/8.1.0/../../../../include"
ignoring duplicate directory "c:/mingw64/lib/gcc/../../lib/gcc/x86_64-w64-mingw32/8.1.0/include-fixed"
ignoring duplicate directory "c:/mingw64/lib/gcc/../../lib/gcc/x86_64-w64-mingw32/8.1.0/../../../../x86_64-w64-mingw32/include"
ignoring nonexistent directory "C:/mingw810/x86_64-810-posix-seh-rt_v6-rev0/mingw64/mingw/include"
#include "..." search starts here:
#include <...> search starts here:
 c:/mingw64/bin/../lib/gcc/x86_64-w64-mingw32/8.1.0/include/c++
 c:/mingw64/bin/../lib/gcc/x86_64-w64-mingw32/8.1.0/include/c++/x86_64-w64-mingw32
 c:/mingw64/bin/../lib/gcc/x86_64-w64-mingw32/8.1.0/include/c++/backward
 c:/mingw64/bin/../lib/gcc/x86_64-w64-mingw32/8.1.0/include
 c:/mingw64/bin/../lib/gcc/x86_64-w64-mingw32/8.1.0/include-fixed
 c:/mingw64/bin/../lib/gcc/x86_64-w64-mingw32/8.1.0/../../../../x86_64-w64-mingw32/include
End of search list.
COMPILER_PATH=c:/mingw64/bin/../libexec/gcc/x86_64-w64-mingw32/8.1.0/;c:/mingw64/bin/../libexec/gcc/;c:/mingw64/bin/../lib/gcc/x86_64-w64-mingw32/8.1.0/../../../../x86_64-w64-mingw32/bin/
LIBRARY_PATH=c:/mingw64/bin/../lib/gcc/x86_64-w64-mingw32/8.1.0/;c:/mingw64/bin/../lib/gcc/;c:/mingw64/bin/../lib/gcc/x86_64-w64-mingw32/8.1.0/../../../../x86_64-w64-mingw32/lib/../lib/;c:/mingw64/bin/../lib/gcc/x86_64-w64-mingw32/8.1.0/../../../../lib/;c:/mingw64/bin/../lib/gcc/x86_64-w64-mingw32/8.1.0/../../../../x86_64-w64-mingw32/lib/;c:/mingw64/bin/../lib/gcc/x86_64-w64-mingw32/8.1.0/../../../
COLLECT_GCC_OPTIONS='-E' '-v' '-mtune=core2' '-march=nocona'

**** END FILE output ***
**** BEGIN FILE error: 
Using built-in specs.
COLLECT_GCC=c:\mingw64\bin\gcc.exe
Target: x86_64-w64-mingw32
Configured with: ../../../src/gcc-8.1.0/configure --host=x86_64-w64-mingw32 --build=x86_64-w64-mingw32 --target=x86_64-w64-mingw32 --prefix=/mingw64 --with-sysroot=/c/mingw810/x86_64-810-posix-seh-rt_v6-rev0/mingw64 --enable-shared --enable-static --disable-multilib --enable-languages=c,c++,fortran,lto --enable-libstdcxx-time=yes --enable-threads=posix --enable-libgomp --enable-libatomic --enable-lto --enable-graphite --enable-checking=release --enable-fully-dynamic-string --enable-version-specific-runtime-libs --disable-libstdcxx-pch --disable-libstdcxx-debug --enable-bootstrap --disable-rpath --disable-win32-registry --disable-nls --disable-werror --disable-symvers --with-gnu-as --with-gnu-ld --with-arch=nocona --with-tune=core2 --with-libiconv --with-system-zlib --with-gmp=/c/mingw810/prerequisites/x86_64-w64-mingw32-static --with-mpfr=/c/mingw810/prerequisites/x86_64-w64-mingw32-static --with-mpc=/c/mingw810/prerequisites/x86_64-w64-mingw32-static --with-isl=/c/mingw810/prerequisites/x86_64-w64-mingw32-static --with-pkgversion='x86_64-posix-seh-rev0, Built by MinGW-W64 project' --with-bugurl=https://sourceforge.net/projects/mingw-w64 CFLAGS='-O2 -pipe -fno-ident -I/c/mingw810/x86_64-810-posix-seh-rt_v6-rev0/mingw64/opt/include -I/c/mingw810/prerequisites/x86_64-zlib-static/include -I/c/mingw810/prerequisites/x86_64-w64-mingw32-static/include' CXXFLAGS='-O2 -pipe -fno-ident -I/c/mingw810/x86_64-810-posix-seh-rt_v6-rev0/mingw64/opt/include -I/c/mingw810/prerequisites/x86_64-zlib-static/include -I/c/mingw810/prerequisites/x86_64-w64-mingw32-static/include' CPPFLAGS=' -I/c/mingw810/x86_64-810-posix-seh-rt_v6-rev0/mingw64/opt/include -I/c/mingw810/prerequisites/x86_64-zlib-static/include -I/c/mingw810/prerequisites/x86_64-w64-mingw32-static/include' LDFLAGS='-pipe -fno-ident -L/c/mingw810/x86_64-810-posix-seh-rt_v6-rev0/mingw64/opt/lib -L/c/mingw810/prerequisites/x86_64-zlib-static/lib -L/c/mingw810/prerequisites/x86_64-w64-mingw32-static/lib '
Thread model: posix
gcc version 8.1.0 (x86_64-posix-seh-rev0, Built by MinGW-W64 project) 
COLLECT_GCC_OPTIONS='-E' '-v' '-mtune=core2' '-march=nocona'
 c:/mingw64/bin/../libexec/gcc/x86_64-w64-mingw32/8.1.0/cc1plus.exe -E -quiet -v -iprefix c:/mingw64/bin/../lib/gcc/x86_64-w64-mingw32/8.1.0/ -D_REENTRANT C:\Users\Emre\AppData\Local\Temp\cov-Emre\4bc967f42c34f14a407cedf3324b4b2d\cov-Emre\46a8d2b4ef4408388004dd5d83baf205\empty.cpp -mtune=core2 -march=nocona
ignoring duplicate directory "c:/mingw64/lib/gcc/../../lib/gcc/x86_64-w64-mingw32/8.1.0/include/c++"
ignoring duplicate directory "c:/mingw64/lib/gcc/../../lib/gcc/x86_64-w64-mingw32/8.1.0/include/c++/x86_64-w64-mingw32"
ignoring duplicate directory "c:/mingw64/lib/gcc/../../lib/gcc/x86_64-w64-mingw32/8.1.0/include/c++/backward"
ignoring duplicate directory "c:/mingw64/lib/gcc/../../lib/gcc/x86_64-w64-mingw32/8.1.0/include"
ignoring nonexistent directory "C:/mingw810/x86_64-810-posix-seh-rt_v6-rev0/mingw64C:/msys64/mingw64/lib/gcc/x86_64-w64-mingw32/8.1.0/../../../../include"
ignoring duplicate directory "c:/mingw64/lib/gcc/../../lib/gcc/x86_64-w64-mingw32/8.1.0/include-fixed"
ignoring duplicate directory "c:/mingw64/lib/gcc/../../lib/gcc/x86_64-w64-mingw32/8.1.0/../../../../x86_64-w64-mingw32/include"
ignoring nonexistent directory "C:/mingw810/x86_64-810-posix-seh-rt_v6-rev0/mingw64/mingw/include"
#include "..." search starts here:
#include <...> search starts here:
 c:/mingw64/bin/../lib/gcc/x86_64-w64-mingw32/8.1.0/include/c++
 c:/mingw64/bin/../lib/gcc/x86_64-w64-mingw32/8.1.0/include/c++/x86_64-w64-mingw32
 c:/mingw64/bin/../lib/gcc/x86_64-w64-mingw32/8.1.0/include/c++/backward
 c:/mingw64/bin/../lib/gcc/x86_64-w64-mingw32/8.1.0/include
 c:/mingw64/bin/../lib/gcc/x86_64-w64-mingw32/8.1.0/include-fixed
 c:/mingw64/bin/../lib/gcc/x86_64-w64-mingw32/8.1.0/../../../../x86_64-w64-mingw32/include
End of search list.
COMPILER_PATH=c:/mingw64/bin/../libexec/gcc/x86_64-w64-mingw32/8.1.0/;c:/mingw64/bin/../libexec/gcc/;c:/mingw64/bin/../lib/gcc/x86_64-w64-mingw32/8.1.0/../../../../x86_64-w64-mingw32/bin/
LIBRARY_PATH=c:/mingw64/bin/../lib/gcc/x86_64-w64-mingw32/8.1.0/;c:/mingw64/bin/../lib/gcc/;c:/mingw64/bin/../lib/gcc/x86_64-w64-mingw32/8.1.0/../../../../x86_64-w64-mingw32/lib/../lib/;c:/mingw64/bin/../lib/gcc/x86_64-w64-mingw32/8.1.0/../../../../lib/;c:/mingw64/bin/../lib/gcc/x86_64-w64-mingw32/8.1.0/../../../../x86_64-w64-mingw32/lib/;c:/mingw64/bin/../lib/gcc/x86_64-w64-mingw32/8.1.0/../../../
COLLECT_GCC_OPTIONS='-E' '-v' '-mtune=core2' '-march=nocona'

**** END FILE error ***
Dryrun gcc found sys include path: c:/mingw64/lib/gcc/x86_64-w64-mingw32/8.1.0/include/c++
Dryrun gcc found sys include path: c:/mingw64/lib/gcc/x86_64-w64-mingw32/8.1.0/include/c++/x86_64-w64-mingw32
Dryrun gcc found sys include path: c:/mingw64/lib/gcc/x86_64-w64-mingw32/8.1.0/include/c++/backward
Dryrun gcc found sys include path: c:/mingw64/lib/gcc/x86_64-w64-mingw32/8.1.0/include
Dryrun gcc found sys include path: c:/mingw64/lib/gcc/x86_64-w64-mingw32/8.1.0/include-fixed
Dryrun gcc found sys include path: c:/mingw64/x86_64-w64-mingw32/include
Dryrun gcc headers found: 6
**** END PROBE get_standard_includes ****
compiler_prober_t::make_abs_preproc_command
 cmd: c:\mingw64\bin\gcc.exe
c:\mingw64\bin\gcc.exe -dM -E C:\Users\Emre\AppData\Local\Temp\cov-Emre\4bc967f42c34f14a407cedf3324b4b2d\cov-Emre\46a8d2b4ef4408388004dd5d83baf205\empty.cpp
**** BEGIN FILE source file: C:/Users/Emre/AppData/Local/Temp/cov-Emre/4bc967f42c34f14a407cedf3324b4b2d/cov-Emre/46a8d2b4ef4408388004dd5d83baf205/empty.cpp


**** END source file ***
pipe_command: c:\mingw64\bin\gcc.exe -dM -E C:\Users\Emre\AppData\Local\Temp\cov-Emre\4bc967f42c34f14a407cedf3324b4b2d\cov-Emre\46a8d2b4ef4408388004dd5d83baf205\empty.cpp 
pipe_commands starting: c:\mingw64\bin\gcc.exe -dM -E C:\Users\Emre\AppData\Local\Temp\cov-Emre\4bc967f42c34f14a407cedf3324b4b2d\cov-Emre\46a8d2b4ef4408388004dd5d83baf205\empty.cpp 
**** BEGIN FILE output: C:/Users/Emre/AppData/Local/Temp/cov-Emre/4bc967f42c34f14a407cedf3324b4b2d/cov-Emre/46a8d2b4ef4408388004dd5d83baf205/empty.output
#define __DBL_MIN_EXP__ (-1021)
#define __FLT32X_MAX_EXP__ 1024
#define __cpp_attributes 200809
#define __UINT_LEAST16_MAX__ 0xffff
#define __ATOMIC_ACQUIRE 2
#define __FLT128_MAX_10_EXP__ 4932
#define __FLT_MIN__ 1.17549435082228750796873653722224568e-38F
#define __GCC_IEC_559_COMPLEX 2
#define __cpp_aggregate_nsdmi 201304
#define __UINT_LEAST8_TYPE__ unsigned char
#define __SIZEOF_FLOAT80__ 16
#define _WIN32 1
#define __INTMAX_C(c) c ## LL
#define __CHAR_BIT__ 8
#define __UINT8_MAX__ 0xff
#define _WIN64 1
#define __WINT_MAX__ 0xffff
#define __FLT32_MIN_EXP__ (-125)
#define __cpp_static_assert 200410
#define __ORDER_LITTLE_ENDIAN__ 1234
#define __SIZE_MAX__ 0xffffffffffffffffULL
#define __WCHAR_MAX__ 0xffff
#define __GCC_HAVE_SYNC_COMPARE_AND_SWAP_1 1
#define __GCC_HAVE_SYNC_COMPARE_AND_SWAP_2 1
#define __GCC_HAVE_SYNC_COMPARE_AND_SWAP_4 1
#define __DBL_DENORM_MIN__ double(4.94065645841246544176568792868221372e-324L)
#define __GCC_HAVE_SYNC_COMPARE_AND_SWAP_8 1
#define __GCC_ATOMIC_CHAR_LOCK_FREE 2
#define __GCC_IEC_559 2
#define __FLT32X_DECIMAL_DIG__ 17
#define __FLT_EVAL_METHOD__ 0
#define __cpp_binary_literals 201304
#define __FLT64_DECIMAL_DIG__ 17
#define __GCC_ATOMIC_CHAR32_T_LOCK_FREE 2
#define __x86_64 1
#define __cpp_variadic_templates 200704
#define __UINT_FAST64_MAX__ 0xffffffffffffffffULL
#define __SIG_ATOMIC_TYPE__ int
#define __DBL_MIN_10_EXP__ (-307)
#define __FINITE_MATH_ONLY__ 0
#define __cpp_variable_templates 201304
#define __GNUC_PATCHLEVEL__ 0
#define __FLT32_HAS_DENORM__ 1
#define __UINT_FAST8_MAX__ 0xff
#define __has_include(STR) __has_include__(STR)
#define _stdcall __attribute__((__stdcall__))
#define __DEC64_MAX_EXP__ 385
#define __INT8_C(c) c
#define __INT_LEAST8_WIDTH__ 8
#define __UINT_LEAST64_MAX__ 0xffffffffffffffffULL
#define __SHRT_MAX__ 0x7fff
#define __LDBL_MAX__ 1.18973149535723176502126385303097021e+4932L
#define __FLT64X_MAX_10_EXP__ 4932
#define __UINT_LEAST8_MAX__ 0xff
#define __GCC_ATOMIC_BOOL_LOCK_FREE 2
#define __FLT128_DENORM_MIN__ 6.47517511943802511092443895822764655e-4966F128
#define __UINTMAX_TYPE__ long long unsigned int
#define __DEC32_EPSILON__ 1E-6DF
#define __FLT_EVAL_METHOD_TS_18661_3__ 0
#define __UINT32_MAX__ 0xffffffffU
#define __GXX_EXPERIMENTAL_CXX0X__ 1
#define __LDBL_MAX_EXP__ 16384
#define __FLT128_MIN_EXP__ (-16381)
#define __WINT_MIN__ 0
#define __FLT128_MIN_10_EXP__ (-4931)
#define __INT_LEAST16_WIDTH__ 16
#define __SCHAR_MAX__ 0x7f
#define __FLT128_MANT_DIG__ 113
#define __WCHAR_MIN__ 0
#define __INT64_C(c) c ## LL
#define __DBL_DIG__ 15
#define __GCC_ATOMIC_POINTER_LOCK_FREE 2
#define __FLT64X_MANT_DIG__ 64
#define __SIZEOF_INT__ 4
#define __SIZEOF_POINTER__ 8
#define __GCC_ATOMIC_CHAR16_T_LOCK_FREE 2
#define __USER_LABEL_PREFIX__ 
#define __FLT64X_EPSILON__ 1.08420217248550443400745280086994171e-19F64x
#define __STDC_HOSTED__ 1
#define __WIN32 1
#define __LDBL_HAS_INFINITY__ 1
#define __WIN64 1
#define __FLT32_DIG__ 6
#define __FLT_EPSILON__ 1.19209289550781250000000000000000000e-7F
#define __GXX_WEAK__ 1
#define __SHRT_WIDTH__ 16
#define __LDBL_MIN__ 3.36210314311209350626267781732175260e-4932L
#define __DEC32_MAX__ 9.999999E96DF
#define __cpp_threadsafe_static_init 200806
#define __FLT64X_DENORM_MIN__ 3.64519953188247460252840593361941982e-4951F64x
#define __MINGW32__ 1
#define __FLT32X_HAS_INFINITY__ 1
#define __INT32_MAX__ 0x7fffffff
#define __INT_WIDTH__ 32
#define __SIZEOF_LONG__ 4
#define __UINT16_C(c) c
#define __PTRDIFF_WIDTH__ 64
#define __DECIMAL_DIG__ 21
#define __FLT64_EPSILON__ 2.22044604925031308084726333618164062e-16F64
#define __INTMAX_WIDTH__ 64
#define __FLT64_MIN_EXP__ (-1021)
#define __has_include_next(STR) __has_include_next__(STR)
#define __FLT64X_MIN_10_EXP__ (-4931)
#define __LDBL_HAS_QUIET_NAN__ 1
#define __FLT64_MANT_DIG__ 53
#define _REENTRANT 1
#define __GNUC__ 8
#define _cdecl __attribute__((__cdecl__))
#define __GXX_RTTI 1
#define __MMX__ 1
#define __cpp_delegating_constructors 200604
#define __FLT_HAS_DENORM__ 1
#define __SIZEOF_LONG_DOUBLE__ 16
#define __BIGGEST_ALIGNMENT__ 16
#define __STDC_UTF_16__ 1
#define __FLT64_M

 <truncated>

model_medium__ 1
#define __INT64_TYPE__ long long int
#define __FLT_MAX_EXP__ 128
#define WIN64 1
#define __ORDER_BIG_ENDIAN__ 4321
#define __DBL_MANT_DIG__ 53
#define __cpp_inheriting_constructors 201511
#define __SIZEOF_FLOAT128__ 16
#define __INT_LEAST64_MAX__ 0x7fffffffffffffffLL
#define __DEC64_MIN__ 1E-383DD
#define __WINT_TYPE__ short unsigned int
#define __UINT_LEAST32_TYPE__ unsigned int
#define __SIZEOF_SHORT__ 2
#define __SSE__ 1
#define __LDBL_MIN_EXP__ (-16381)
#define __FLT64_MAX__ 1.79769313486231570814527423731704357e+308F64
#define __WINT_WIDTH__ 16
#define __INT_LEAST8_MAX__ 0x7f
#define __FLT32X_MAX_10_EXP__ 308
#define __SIZEOF_INT128__ 16
#define __WCHAR_UNSIGNED__ 1
#define __LDBL_MAX_10_EXP__ 4932
#define __ATOMIC_RELAXED 0
#define __DBL_EPSILON__ double(2.22044604925031308084726333618164062e-16L)
#define __thiscall __attribute__((__thiscall__))
#define __FLT128_MIN__ 3.36210314311209350626267781732175260e-4932F128
#define __UINT8_C(c) c
#define __FLT64_MAX_EXP__ 1024
#define __INT_LEAST32_TYPE__ int
#define __SIZEOF_WCHAR_T__ 2
#define __FLT128_HAS_QUIET_NAN__ 1
#define __INT_FAST8_TYPE__ signed char
#define __fastcall __attribute__((__fastcall__))
#define __FLT64X_MIN__ 3.36210314311209350626267781732175260e-4932F64x
#define __GNUC_STDC_INLINE__ 1
#define __FLT64_HAS_DENORM__ 1
#define __FLT32_EPSILON__ 1.19209289550781250000000000000000000e-7F32
#define __DBL_DECIMAL_DIG__ 17
#define __STDC_UTF_32__ 1
#define __INT_FAST8_WIDTH__ 8
#define __FXSR__ 1
#define __DEC_EVAL_METHOD__ 2
#define __FLT32X_MAX__ 1.79769313486231570814527423731704357e+308F32x
#define __MINGW64__ 1
#define __cpp_runtime_arrays 198712
#define __UINT64_TYPE__ long long unsigned int
#define __UINT32_C(c) c ## U
#define __INTMAX_MAX__ 0x7fffffffffffffffLL
#define __cpp_alias_templates 200704
#define __BYTE_ORDER__ __ORDER_LITTLE_ENDIAN__
#define WINNT 1
#define __FLT_DENORM_MIN__ 1.40129846432481707092372958328991613e-45F
#define __INT8_MAX__ 0x7f
#define __LONG_WIDTH__ 32
#define __PIC__ 1
#define __UINT_FAST32_TYPE__ unsigned int
#define __CHAR32_TYPE__ unsigned int
#define __FLT_MAX__ 3.40282346638528859811704183484516925e+38F
#define __cpp_constexpr 201304
#define __INT32_TYPE__ int
#define __SIZEOF_DOUBLE__ 8
#define __cpp_exceptions 199711
#define __FLT_MIN_10_EXP__ (-37)
#define __FLT64_MIN__ 2.22507385850720138309023271733240406e-308F64
#define __INT_LEAST32_WIDTH__ 32
#define __INTMAX_TYPE__ long long int
#define _INTEGRAL_MAX_BITS 64
#define __DEC128_MAX_EXP__ 6145
#define __FLT32X_HAS_QUIET_NAN__ 1
#define __ATOMIC_CONSUME 1
#define __nocona__ 1
#define __GNUC_MINOR__ 1
#define __GLIBCXX_TYPE_INT_N_0 __int128
#define __INT_FAST16_WIDTH__ 16
#define __UINTMAX_MAX__ 0xffffffffffffffffULL
#define __DEC32_MANT_DIG__ 7
#define __FLT32X_DENORM_MIN__ 4.94065645841246544176568792868221372e-324F32x
#define __DBL_MAX_10_EXP__ 308
#define __LDBL_DENORM_MIN__ 3.64519953188247460252840593361941982e-4951L
#define __INT16_C(c) c
#define __cpp_generic_lambdas 201304
#define __STDC__ 1
#define __FLT32X_DIG__ 15
#define __PTRDIFF_TYPE__ long long int
#define __ATOMIC_SEQ_CST 5
#define __GCC_HAVE_SYNC_COMPARE_AND_SWAP_16 1
#define __UINT32_TYPE__ unsigned int
#define __FLT32X_MIN_10_EXP__ (-307)
#define __UINTPTR_TYPE__ long long unsigned int
#define __DEC64_SUBNORMAL_MIN__ 0.000000000000001E-383DD
#define __DEC128_MANT_DIG__ 34
#define __LDBL_MIN_10_EXP__ (-4931)
#define __FLT128_EPSILON__ 1.92592994438723585305597794258492732e-34F128
#define __SSE_MATH__ 1
#define __SIZEOF_LONG_LONG__ 8
#define __cpp_user_defined_literals 200809
#define __FLT128_DECIMAL_DIG__ 36
#define __GCC_ATOMIC_LLONG_LOCK_FREE 2
#define __FLT32X_MIN__ 2.22507385850720138309023271733240406e-308F32x
#define __LDBL_DIG__ 18
#define __FLT_DECIMAL_DIG__ 9
#define __UINT_FAST16_MAX__ 0xffff
#define __GCC_ATOMIC_SHORT_LOCK_FREE 2
#define __INT_LEAST64_WIDTH__ 64
#define __SSE3__ 1
#define __UINT_FAST8_TYPE__ unsigned char
#define __WIN64__ 1
#define __cpp_init_captures 201304
#define __ATOMIC_ACQ_REL 4
#define __ATOMIC_RELEASE 3
#define __declspec(x) __attribute__((x))

**** END FILE output ***
**** BEGIN FILE error: 

**** END FILE error ***
Skipping looking for macros in standard headers.  The header scan probe has been disabled by the no header scan option.
**** BEGIN PROBE get_macros ****
[STATUS] g++-config-0: Retrieving values for macros
compiler_prober_t::make_abs_preproc_command
 cmd: c:\mingw64\bin\gcc.exe
c:\mingw64\bin\gcc.exe -xc++ -E -U__BLOCKS__ C:\Users\Emre\AppData\Local\Temp\cov-Emre\4bc967f42c34f14a407cedf3324b4b2d\cov-Emre\46a8d2b4ef4408388004dd5d83baf205\macros.cpp
**** BEGIN FILE source file: C:/Users/Emre/AppData/Local/Temp/cov-Emre/4bc967f42c34f14a407cedf3324b4b2d/cov-Emre/46a8d2b4ef4408388004dd5d83baf205/macros.cpp
#ifdef _REENTRANT
__coverity_macro _REENTRANT
#else
__the_symbol_is_not_defined__
#endif
#ifdef __CET__
__coverity_macro __CET__
#else
__the_symbol_is_not_defined__
#endif
#ifdef __CHAR_UNSIGNED__
__coverity_macro __CHAR_UNSIGNED__
#else
__the_symbol_is_not_defined__
#endif
#ifdef __DEPRECATED
__coverity_macro __DEPRECATED
#else
__the_symbol_is_not_defined__
#endif
#ifdef __EXCEPTIONS
__coverity_macro __EXCEPTIONS
#else
__the_symbol_is_not_defined__
#endif
#ifdef __FAST_MATH__
__coverity_macro __FAST_MATH__
#else
__the_symbol_is_not_defined__
#endif
#ifdef __FINITE_MATH_ONLY__
__coverity_macro __FINITE_MATH_ONLY__
#else
__the_symbol_is_not_defined__
#endif
#ifdef __FP_FAST_FMA
__coverity_macro __FP_FAST_FMA
#else
__the_symbol_is_not_defined__
#endif
#ifdef __FP_FAST_FMAF
__coverity_macro __FP_FAST_FMAF
#else
__the_symbol_is_not_defined__
#endif
#ifdef __FP_FAST_FMAF128
__coverity_macro __FP_FAST_FMAF128
#else
__the_symbol_is_not_defined__
#endif
#ifdef __FP_FAST_FMAF128X
__coverity_macro __FP_FAST_FMAF128X
#else
__the_symbol_is_not_defined__
#endif
#ifdef __FP_FAST_FMAF16
__coverity_macro __FP_FAST_FMAF16
#else
__the_symbol_is_not_defined__
#endif
#ifdef __FP_FAST_FMAF32
__coverity_macro __FP_FAST_FMAF32
#else
__the_symbol_is_not_defined__
#endif
#ifdef __FP_FAST_FMAF32X
__coverity_macro __FP_FAST_FMAF32X
#else
__the_symbol_is_not_defined__
#endif
#ifdef __FP_FAST_FMAF64
__coverity_macro __FP_FAST_FMAF64
#else
__the_symbol_is_not_defined__
#endif
#ifdef __FP_FAST_FMAF64X
__coverity_macro __FP_FAST_FMAF64X
#else
__the_symbol_is_not_defined__
#endif
#ifdef __FP_FAST_FMAL
__coverity_macro __FP_FAST_FMAL
#else
__the_symbol_is_not_defined__
#endif
#ifdef __GCC_HAVE_DWARF2_CFI_ASM
__coverity_macro __GCC_HAVE_DWARF2_CFI_ASM
#else
__the_symbol_is_not_defined__
#endif
#ifdef __GCC_HAVE_SYNC_COMPARE_AND_SWAP_16
__coverity_macro __GCC_HAVE_SYNC_COMPARE_AND_SWAP_16
#else
__the_symbol_is_not_defined__
#endif
#ifdef __GCC_IEC_559_COMPLEX
__coverity_macro __GCC_IEC_559_COMPLEX
#else
__the_symbol_is_not_defined__
#endif
#ifdef __GNUG__
__coverity_macro __GNUG__
#else
__the_symbol_is_not_defined__
#endif
#ifdef __GXX_RTTI
__coverity_macro __GXX_RTTI
#else
__the_symbol_is_not_defined__
#endif
#ifdef __GXX_WEAK__
__coverity_macro __GXX_WEAK__
#else
__the_symbol_is_not_defined__
#endif
#ifdef __INCLUDE_LEVEL__
__coverity_macro __INCLUDE_LEVEL__
#else
__the_symbol_is_not_defined__
#endif
#ifdef __NO_MATH_ERRNO__
__coverity_macro __NO_MATH_ERRNO__
#else
__the_symbol_is_not_defined__
#endif
#ifdef __PIC__
__coverity_macro __PIC__
#else
__the_symbol_is_not_defined__
#endif
#ifdef __PIE__
__coverity_macro __PIE__
#else
__the_symbol_is_not_defined__
#endif
#ifdef __PTRDIFF_TYPE__
__coverity_macro __PTRDIFF_TYPE__
#else
__the_symbol_is_not_defined__
#endif
#ifdef __REGISTER_PREFIX__
__coverity_macro __REGISTER_PREFIX__
#else
__the_symbol_is_not_defined__
#endif
#ifdef __SANITIZE_ADDRESS__
__coverity_macro __SANITIZE_ADDRESS__
#else
__the_symbol_is_not_defined__
#endif
#ifdef __SANITIZE_THREAD__
__coverity_macro __SANITIZE_THREAD__
#else
__the_symbol_is_not_defined__
#endif
#ifdef __SIZE_TYPE__
__coverity_macro __SIZE_TYPE__
#else
__the_symbol_is_not_defined__
#endif
#ifdef __SSP_ALL__
__coverity_macro __SSP_ALL__
#else
__the_symbol_is_not_defined__
#endif
#ifdef __SSP_EXPLICIT__
__coverity_macro __SSP_EXPLICIT__
#else
__the_symbol_is_not_defined__
#endif
#ifdef __SSP_STRONG__
__coverity_macro __SSP_STRONG__
#else
__the_symbol_is_not_defined__
#endif
#ifdef __SSP__
__coverity_macro __SSP__
#else
__the_symbol_is_not_defined__
#endif
#ifdef __STDCPP_DEFAULT_NEW_ALIGNMENT__
__coverity_macro __STDCPP_DEFAULT_NEW_ALIGNMENT__
#else
__the_symbol_is_not_defined__
#endif
#ifdef __STDC_IEC_559_COMPLEX__
__coverity_macro __STDC_IEC_559_COMPLEX__
#else
__the_symbol_is_not_defined__
#endif
#ifdef __STDC_IEC_559__
__coverity_macro __STDC_IEC_559__
#else
__the_symbol_is_not_defined__
#endif
#ifdef __STDC_VERSION__
__coverity_macro __STDC_VERSION__
#else
__the_symbol_is_not_defined__
#endif
#ifdef __STDC__
__coverity_macro __STDC__
#else
__the_symbol_is_not_define

 <truncated>

ariables
__coverity_macro __cpp_inline_variables
#else
__the_symbol_is_not_defined__
#endif
#ifdef __cpp_lambdas
__coverity_macro __cpp_lambdas
#else
__the_symbol_is_not_defined__
#endif
#ifdef __cpp_modules
__coverity_macro __cpp_modules
#else
__the_symbol_is_not_defined__
#endif
#ifdef __cpp_namespace_attributes
__coverity_macro __cpp_namespace_attributes
#else
__the_symbol_is_not_defined__
#endif
#ifdef __cpp_nested_namespace_definitions
__coverity_macro __cpp_nested_namespace_definitions
#else
__the_symbol_is_not_defined__
#endif
#ifdef __cpp_noexcept_function_type
__coverity_macro __cpp_noexcept_function_type
#else
__the_symbol_is_not_defined__
#endif
#ifdef __cpp_nontype_template_args
__coverity_macro __cpp_nontype_template_args
#else
__the_symbol_is_not_defined__
#endif
#ifdef __cpp_nontype_template_parameter_auto
__coverity_macro __cpp_nontype_template_parameter_auto
#else
__the_symbol_is_not_defined__
#endif
#ifdef __cpp_nontype_template_parameter_class
__coverity_macro __cpp_nontype_template_parameter_class
#else
__the_symbol_is_not_defined__
#endif
#ifdef __cpp_nsdmi
__coverity_macro __cpp_nsdmi
#else
__the_symbol_is_not_defined__
#endif
#ifdef __cpp_range_based_for
__coverity_macro __cpp_range_based_for
#else
__the_symbol_is_not_defined__
#endif
#ifdef __cpp_raw_strings
__coverity_macro __cpp_raw_strings
#else
__the_symbol_is_not_defined__
#endif
#ifdef __cpp_ref_qualifiers
__coverity_macro __cpp_ref_qualifiers
#else
__the_symbol_is_not_defined__
#endif
#ifdef __cpp_return_type_deduction
__coverity_macro __cpp_return_type_deduction
#else
__the_symbol_is_not_defined__
#endif
#ifdef __cpp_rtti
__coverity_macro __cpp_rtti
#else
__the_symbol_is_not_defined__
#endif
#ifdef __cpp_runtime_arrays
__coverity_macro __cpp_runtime_arrays
#else
__the_symbol_is_not_defined__
#endif
#ifdef __cpp_rvalue_reference
__coverity_macro __cpp_rvalue_reference
#else
__the_symbol_is_not_defined__
#endif
#ifdef __cpp_rvalue_references
__coverity_macro __cpp_rvalue_references
#else
__the_symbol_is_not_defined__
#endif
#ifdef __cpp_size_t_suffix
__coverity_macro __cpp_size_t_suffix
#else
__the_symbol_is_not_defined__
#endif
#ifdef __cpp_sized_deallocation
__coverity_macro __cpp_sized_deallocation
#else
__the_symbol_is_not_defined__
#endif
#ifdef __cpp_static_assert
__coverity_macro __cpp_static_assert
#else
__the_symbol_is_not_defined__
#endif
#ifdef __cpp_structured_bindings
__coverity_macro __cpp_structured_bindings
#else
__the_symbol_is_not_defined__
#endif
#ifdef __cpp_template_template_args
__coverity_macro __cpp_template_template_args
#else
__the_symbol_is_not_defined__
#endif
#ifdef __cpp_threadsafe_static_init
__coverity_macro __cpp_threadsafe_static_init
#else
__the_symbol_is_not_defined__
#endif
#ifdef __cpp_transactional_memory
__coverity_macro __cpp_transactional_memory
#else
__the_symbol_is_not_defined__
#endif
#ifdef __cpp_unicode_characters
__coverity_macro __cpp_unicode_characters
#else
__the_symbol_is_not_defined__
#endif
#ifdef __cpp_unicode_literals
__coverity_macro __cpp_unicode_literals
#else
__the_symbol_is_not_defined__
#endif
#ifdef __cpp_user_defined_literals
__coverity_macro __cpp_user_defined_literals
#else
__the_symbol_is_not_defined__
#endif
#ifdef __cpp_using_enum
__coverity_macro __cpp_using_enum
#else
__the_symbol_is_not_defined__
#endif
#ifdef __cpp_variable_templates
__coverity_macro __cpp_variable_templates
#else
__the_symbol_is_not_defined__
#endif
#ifdef __cpp_variadic_templates
__coverity_macro __cpp_variadic_templates
#else
__the_symbol_is_not_defined__
#endif
#ifdef __cpp_variadic_using
__coverity_macro __cpp_variadic_using
#else
__the_symbol_is_not_defined__
#endif
#ifdef __pic__
__coverity_macro __pic__
#else
__the_symbol_is_not_defined__
#endif
#ifdef __pie__
__coverity_macro __pie__
#else
__the_symbol_is_not_defined__
#endif
#ifdef __private_extern__
__coverity_macro __private_extern__
#else
__the_symbol_is_not_defined__
#endif
#ifdef __unix__
__coverity_macro __unix__
#else
__the_symbol_is_not_defined__
#endif
#ifdef __vax__
__coverity_macro __vax__
#else
__the_symbol_is_not_defined__
#endif

**** END source file ***
pipe_command: c:\mingw64\bin\gcc.exe -xc++ -E -U__BLOCKS__ C:\Users\Emre\AppData\Local\Temp\cov-Emre\4bc967f42c34f14a407cedf3324b4b2d\cov-Emre\46a8d2b4ef4408388004dd5d83baf205\macros.cpp 
pipe_commands starting: c:\mingw64\bin\gcc.exe -xc++ -E -U__BLOCKS__ C:\Users\Emre\AppData\Local\Temp\cov-Emre\4bc967f42c34f14a407cedf3324b4b2d\cov-Emre\46a8d2b4ef4408388004dd5d83baf205\macros.cpp 
**** BEGIN FILE output: C:/Users/Emre/AppData/Local/Temp/cov-Emre/4bc967f42c34f14a407cedf3324b4b2d/cov-Emre/46a8d2b4ef4408388004dd5d83baf205/pp_out
# 1 "C:\\Users\\Emre\\AppData\\Local\\Temp\\cov-Emre\\4bc967f42c34f14a407cedf3324b4b2d\\cov-Emre\\46a8d2b4ef4408388004dd5d83baf205\\macros.cpp"
# 1 "<built-in>"
# 1 "<command-line>"
# 1 "C:\\Users\\Emre\\AppData\\Local\\Temp\\cov-Emre\\4bc967f42c34f14a407cedf3324b4b2d\\cov-Emre\\46a8d2b4ef4408388004dd5d83baf205\\macros.cpp"

__coverity_macro 1






__the_symbol_is_not_defined__




__the_symbol_is_not_defined__


__coverity_macro 1




__coverity_macro 1






__the_symbol_is_not_defined__


__coverity_macro 0






__the_symbol_is_not_defined__




__the_symbol_is_not_defined__




__the_symbol_is_not_defined__




__the_symbol_is_not_defined__




__the_symbol_is_not_defined__




__the_symbol_is_not_defined__




__the_symbol_is_not_defined__




__the_symbol_is_not_defined__




__the_symbol_is_not_defined__




__the_symbol_is_not_defined__




__the_symbol_is_not_defined__


__coverity_macro 1




__coverity_macro 2




__coverity_macro 8




__coverity_macro 1




__coverity_macro 1




__coverity_macro 0






__the_symbol_is_not_defined__


__coverity_macro 1






__the_symbol_is_not_defined__


__coverity_macro long long int




__coverity_macro






__the_symbol_is_not_defined__




__the_symbol_is_not_defined__


__coverity_macro long long unsigned int






__the_symbol_is_not_defined__




__the_symbol_is_not_defined__




__the_symbol_is_not_defined__




__the_symbol_is_not_defined__




__the_symbol_is_not_defined__




__the_symbol_is_not_defined__




__the_symbol_is_not_defined__




__the_symbol_is_not_defined__


__coverity_macro 1






__the_symbol_is_not_defined__




__the_symbol_is_not_defined__


__coverity_macro




__coverity_macro "8.1.0"






__the_symbol_is_not_defined__


__coverity_macro 1




__coverity_macro 201402L






__the_symbol_is_not_defined__


__coverity_macro 201304






__the_symbol_is_not_defined__


__coverity_macro 200704






__the_symbol_is_not_defined__


__coverity_macro 200809




__coverity_macro 201304






__the_symbol_is_not_defined__




__the_symbol_is_not_defined__




__the_symbol_is_not_defined__




__the_symbol_is_not_defined__




__the_symbol_is_not_defined__


__coverity_macro 201304






__the_symbol_is_not_defined__




__the_symbol_is_not_defined__




__the_symbol_is_not_defined__




__the_symbol_is_not_defined__


__coverity_macro 200707




__coverity_macro 201304






__the_symbol_is_not_defined__


__coverity_macro 200604






__the_symbol_is_not_defined__




__the_symbol_is_not_defined__


__coverity_macro 199711






__the_symbol_is_not_defined__




__the_symbol_is_not_defined__




__the_symbol_is_not_defined__




__the_symbol_is_not_defined__


__coverity_macro 201304






__the_symbol_is_not_defined__


__coverity_macro 201603






__the_symbol_is_not_defined__




__the_symbol_is_not_defined__




__the_symbol_is_not_defined__




__the_symbol_is_not_defined__


__coverity_macro 201511




__coverity_macro 201304




__coverity_macro 200806






__the_symbol_is_not_defined__


__coverity_macro 200907






__the_symbol_is_not_defined__




__the_symbol_is_not_defined__




__the_symbol_is_not_defined__




__the_symbol_is_not_defined__




__the_symbol_is_not_defined__




__the_symbol_is_not_defined__




__the_symbol_is_not_defined__


__coverity_macro 200809




__coverity_macro 200907




__coverity_macro 200710




__coverity_macro 200710




__coverity_macro 201304




__coverity_macro 199711




__coverity_macro 198712




__coverity_macro 200610




__coverity_macro 200610






__the_symbol_is_not_defined__


__coverity_macro 201309




__coverity_macro 200410






__the_symbol_is_not_defined__




__the_symbol_is_not_defined__


__coverity_macro 200806






__the_symbol_is_not_defined__


__coverity_macro 200704




__coverity_macro 200710




__coverity_macro 200809






__the_symbol_is_not_defined__


__coverity_macro 201304




__coverity_macro 200704






__the_symbol_is_not_defined__


__coverity_macro 1






__the_symbol_is_not_defined__




__the_symbol_is_not_defined__




__the_symbol_is_not_defined__




__the_symbol_is_not_defined__

**** END FILE output ***
**** BEGIN FILE error: 

**** END FILE error ***
**** END PROBE get_macros ****
Failed to find header C:/Tools/coverity/cov-analysis-win64-2024.6.1/config/templates/gnu/cpp.h
[STATUS] g++-config-0: Running config probes
**** BEGIN PROBE run_linker_config_probe ****
Running command "c:\mingw64\bin\gcc.exe -print-search-dirs".
pipe_command: c:\mingw64\bin\gcc.exe -print-search-dirs 
pipe_commands starting: c:\mingw64\bin\gcc.exe -print-search-dirs 
**** BEGIN OUTPUT run_linker_config_probe ****
install: c:/mingw64/bin/../lib/gcc/x86_64-w64-mingw32/8.1.0/
programs: =c:/mingw64/bin/../libexec/gcc/x86_64-w64-mingw32/8.1.0/;c:/mingw64/bin/../libexec/gcc/;c:/mingw64/bin/../lib/gcc/x86_64-w64-mingw32/8.1.0/../../../../x86_64-w64-mingw32/bin/x86_64-w64-mingw32/8.1.0/;c:/mingw64/bin/../lib/gcc/x86_64-w64-mingw32/8.1.0/../../../../x86_64-w64-mingw32/bin/
libraries: =c:/mingw64/bin/../lib/gcc/x86_64-w64-mingw32/8.1.0/;c:/mingw64/bin/../lib/gcc/;c:/mingw64/bin/../lib/gcc/x86_64-w64-mingw32/8.1.0/../../../../x86_64-w64-mingw32/lib/x86_64-w64-mingw32/8.1.0/;c:/mingw64/bin/../lib/gcc/x86_64-w64-mingw32/8.1.0/../../../../x86_64-w64-mingw32/lib/../lib/;c:/mingw64/bin/../lib/gcc/x86_64-w64-mingw32/8.1.0/../../../x86_64-w64-mingw32/8.1.0/;c:/mingw64/bin/../lib/gcc/x86_64-w64-mingw32/8.1.0/../../../../lib/;C:/mingw810/x86_64-810-posix-seh-rt_v6-rev0/mingw64/mingw/lib/x86_64-w64-mingw32/8.1.0/;C:/mingw810/x86_64-810-posix-seh-rt_v6-rev0/mingw64/mingw/lib/../lib/;c:/mingw64/bin/../lib/gcc/x86_64-w64-mingw32/8.1.0/../../../../x86_64-w64-mingw32/lib/;c:/mingw64/bin/../lib/gcc/x86_64-w64-mingw32/8.1.0/../../../;C:/mingw810/x86_64-810-posix-seh-rt_v6-rev0/mingw64/mingw/lib/
**** END OUTPUT run_linker_config_probe ****
**** Found library search path 'c:/mingw64/bin/../lib/gcc/x86_64-w64-mingw32/8.1.0/'.
**** Found library search path 'c:/mingw64/bin/../lib/gcc/'.
**** Found library search path 'c:/mingw64/bin/../lib/gcc/x86_64-w64-mingw32/8.1.0/../../../../x86_64-w64-mingw32/lib/x86_64-w64-mingw32/8.1.0/'.
**** Found library search path 'c:/mingw64/bin/../lib/gcc/x86_64-w64-mingw32/8.1.0/../../../../x86_64-w64-mingw32/lib/../lib/'.
**** Found library search path 'c:/mingw64/bin/../lib/gcc/x86_64-w64-mingw32/8.1.0/../../../x86_64-w64-mingw32/8.1.0/'.
**** Found library search path 'c:/mingw64/bin/../lib/gcc/x86_64-w64-mingw32/8.1.0/../../../../lib/'.
**** Found library search path 'C:/mingw810/x86_64-810-posix-seh-rt_v6-rev0/mingw64/mingw/lib/x86_64-w64-mingw32/8.1.0/'.
**** Found library search path 'C:/mingw810/x86_64-810-posix-seh-rt_v6-rev0/mingw64/mingw/lib/../lib/'.
**** Found library search path 'c:/mingw64/bin/../lib/gcc/x86_64-w64-mingw32/8.1.0/../../../../x86_64-w64-mingw32/lib/'.
**** Found library search path 'c:/mingw64/bin/../lib/gcc/x86_64-w64-mingw32/8.1.0/../../../'.
**** Found library search path 'C:/mingw810/x86_64-810-posix-seh-rt_v6-rev0/mingw64/mingw/lib/'.
**** END PROBE run_linker_config_probe ****
**** BEGIN PROBE run_linker_config_probe ****
**** BEGIN FILE source file: C:/Users/Emre/AppData/Local/Temp/cov-Emre/4bc967f42c34f14a407cedf3324b4b2d/cov-Emre/46a8d2b4ef4408388004dd5d83baf205/test.c
int main() {}
**** END FILE source file ***
Running command "c:\mingw64\bin\gcc.exe -Wl,--trace test.c".
pipe_command: c:\mingw64\bin\gcc.exe -Wl,--trace test.c 
pipe_commands starting: c:\mingw64\bin\gcc.exe -Wl,--trace test.c 
**** BEGIN OUTPUT run_linker_config_probe ****
c:/mingw64/bin/../lib/gcc/x86_64-w64-mingw32/8.1.0/../../../../x86_64-w64-mingw32/bin/ld.exe: mode i386pep
c:/mingw64/bin/../lib/gcc/x86_64-w64-mingw32/8.1.0/../../../../x86_64-w64-mingw32/lib/../lib/crt2.o
c:/mingw64/bin/../lib/gcc/x86_64-w64-mingw32/8.1.0/crtbegin.o
C:\Users\Emre\AppData\Local\Temp\ccI8LReQ.o
(c:/mingw64/bin/../lib/gcc/x86_64-w64-mingw32/8.1.0/../../../../x86_64-w64-mingw32/lib/../lib/libmingw32.a)lib64_libmingw32_a-gccmain.o
(c:/mingw64/bin/../lib/gcc/x86_64-w64-mingw32/8.1.0/../../../../x86_64-w64-mingw32/lib/../lib/libmingw32.a)lib64_libmingw32_a-natstart.o
(c:/mingw64/bin/../lib/gcc/x86_64-w64-mingw32/8.1.0/../../../../x86_64-w64-mingw32/lib/../lib/libmingw32.a)lib64_libmingw32_a-wildcard.o
(c:/mingw64/bin/../lib/gcc/x86_64-w64-mingw32/8.1.0/../../../../x86_64-w64-mingw32/lib/../lib/libmingw32.a)lib64_libmingw32_a-charmax.o
(c:/mingw64/bin/../lib/gcc/x86_64-w64-mingw32/8.1.0/../../../../x86_64-w64-mingw32/lib/../lib/libmingw32.a)lib64_libmingw32_a-dllargv.o
(c:/mingw64/bin/../lib/gcc/x86_64-w64-mingw32/8.1.0/../../../../x86_64-w64-mingw32/lib/../lib/libmingw32.a)lib64_libmingw32_a-gs_support.o
(c:/mingw64/bin/../lib/gcc/x86_64-w64-mingw32/8.1.0/../../../../x86_64-w64-mingw32/lib/../lib/libmingw32.a)lib64_libmingw32_a-_newmode.o
(c:/mingw64/bin/../lib/gcc/x86_64-w64-mingw32/8.1.0/../../../../x86_64-w64-mingw32/lib/../lib/libmingw32.a)lib64_libmingw32_a-tlssup.o
(c:/mingw64/bin/../lib/gcc/x86_64-w64-mingw32/8.1.0/../../../../x86_64-w64-mingw32/lib/../lib/libmingw32.a)lib64_libmingw32_a-cinitexe.o
(c:/mingw64/bin/../lib/gcc/x86_64-w64-mingw32/8.1.0/../../../../x86_64-w64-mingw32/lib/../lib/libmingw32.a)lib64_libmingw32_a-merr.o
(c:/mingw64/bin/../lib/gcc/x86_64-w64-mingw32/8.1.0/../../../../x86_64-w64-mingw32/lib/../lib/libmingw32.a)lib64_libmingw32_a-CRT_fp10.o
(c:/mingw64/bin/../lib/gcc/x86_64-w64-mingw32/8.1.0/../../../../x86_64-w64-mingw32/lib/../lib/libmingw32.a)lib64_libmingw32_a-mingw_helpers.o
(c:/mingw64/bin/../lib/gcc/x86_64-w64-mingw32/8.1.0/../../../../x86_64-w64-mingw32/lib/../lib/libmingw32.a)lib64_libmingw32_a-pseudo-reloc.o
(c:/mingw64/bin/../lib/gcc/x86_64-w64-mingw32/8.1.0/../../../../x86_64-w64-mingw32/lib/../lib/libmingw32.a)lib64_libmingw32_a-xtxtmode.o
(c:/mingw64/bin/../lib/gcc/x86_64-w64-mingw32/8.1.0/../../../../x86_64-w64-mingw32/lib/../lib/libmingw32.a)lib64_libmingw32_a-crt_handler.o
(c:/mingw64/bin/../lib/gcc/x86_64-w64-mingw32/8.1.0/../../../../x86_64-w64-mingw32/lib/../lib/libmingw32.a)lib64_libmingw32_a-tlsthrd.o
(c:/mingw64/bin/../lib/gcc/x86_64-w64-mingw32/8.1.0/../../../../x86_64-w64-mingw32/lib/../lib/libmingw32.a)lib64_libmingw32_a-tlsmcrt.o
(c:/mingw64/bin/../lib/gcc/x86_64-w64-mingw32/8.1.0/../../../../x86_64-w64-mingw32/lib/../lib/libmingw32.a)lib64_libmingw32_a-pseudo-reloc-list.o
(c:/mingw64/bin/../lib/gcc/x86_64-w64-mingw32/8.1.0/../../../../x86_64-w64-mingw32/lib/../lib/libmingw32.a)lib64_libmingw32_a-pesect.o
(c:/mingw64/bin/../lib/gcc/x86_64-w64-mingw32/8.1.0/libgcc.a)_chkstk_ms.o
(c:/mingw64/bin/../lib/gcc/x86_64-w64-mingw32/8.1.0/libgcc.a)_ctors.o
(c:/mingw64/bin/../lib/gcc/x86_64-w64-mingw32/8.1.0/../../../../x86_64-w64-mingw32/lib/../lib/libmingwex.a)lib64_libmingwex_a-mingw_matherr.o
(c:/mingw64/bin/../lib/gcc/x86_64-w64-mingw32/8.1.0/../../../../x86_64-w64-mingw32/lib/../lib/libmsvcrt.a)duags01243.o
(c:/mingw64/bin/../lib/gcc/x86_64-w64-mingw32/8.1.0/../../../../x86_64-w64-mingw32/lib/../lib/libmsvcrt.a)duags01211.o
(c:/mingw64/bin/../lib/gcc/x86_64-w64-mingw32/8.1.0/../../../../x86_64-w64-mingw32/lib/../lib/libmsvcrt.a)duags01208.o
(c:/mingw64/bin/../lib/gcc/x86_64-w64-mingw32/8.1.0/../../../../x86_64-w64-mingw32/lib/../lib/libmsvcrt.a)duags01187.o
(c:/mingw64/bin/../lib/gcc/x86_64-w64-mingw32/8.1.0/../../../../x86_64-w64-mingw32/lib/../lib/libmsvcrt.a)duags01157.o
(c:/mingw64/bin/../lib/gcc/x86_64-w64-mingw32/8.1.0/../../../../x86_64-w64-mingw32/lib/../lib/libmsvcrt.a)duags01149.o
(c:/mingw64/bin/../lib/gcc/x86_64-w64-mingw32/8.1.0/../../../../x86_64-w64-mingw32/lib/../lib/libmsvcrt.a)duags01101.o
(c:/mingw64/bin/../lib/gcc/x86_64-w64-mingw32/8.1.0/../../../../x86_64-w64-mingw32/lib/../lib/libmsvcrt.a)duags01089.o
(c:/mingw64/bin/../lib/gcc/x86_64-w64-mingw32/8.1.0/../../../../x86_64-w64-mingw32/lib/../lib/libmsvcrt.a)duags01082.o
(c:/mingw64/bin/../lib/gcc/x86_64-w64-mingw32/8.1.0/../../../../x86_64-w64-mingw32/lib/../lib/libmsvcrt.a)duags01063.o
(c:/mingw64/bin/../lib/gcc/x86_64-w64-mingw32/8.1.0/../../../../x86_64-w64-mingw32/lib/../lib/libmsvcrt.a)duags01050.o
(c:/mingw64/bin/../lib/gcc/x86_64-w64-mingw32/8.1.0/../../../../x86_64-w64-mingw32/lib/../lib/libmsvcrt.a)duags01032.o
(c:/mingw64/bin/../lib/gcc/x86_64-w64-mingw32/8.1.0/../../../../x86_64-w64-mingw32/lib/../lib/libmsvcrt.a)duags00614.o
(c:/mingw64/bin/../lib/gcc/x86_64-w64-mingw32/8.1.0/../../../../x86_64-w64-mingw32/lib/../lib/libmsvcrt.a)duags00332.o
(c:/mingw64/bin/../lib/gcc/x86_64-w64-mingw32/8.1.0/../../../../x86_64-w64-mingw32/lib/../lib/libmsvcrt.a)duags00141.o
(c:/mingw64/bin/../lib/gcc/x86_64-w64-mingw32/8.1.0/../../../../x86_64-w64-mingw32/lib/../lib/libmsvcrt.a)duags00122.o
(c:/mingw64/bin/../lib/gcc/x86_64-w64-mingw32/8.1.0/../../../../x86_64-w64-mingw32/lib/../lib/libmsvcrt.a)duags00098.o
(c:/mingw64/bin/../lib/gcc/x86_64-w64-mingw32/8.1.0/../../../../x86_64-w64-mingw32/lib/../lib/libmsvcrt.a)duags00096.o
(c:/mingw64/bin/../lib/gcc/x86_64-w64-mingw32/8.1.0/../../../../x86_64-w64-mingw32/lib/../lib/libmsvcrt.a)duags00090.o
(c:/mingw64/bin/../lib/gcc/x86_64-w64-mingw32/8.1.0/../../../../x86_64-w64-mingw32/lib/../lib/libmsvcrt.a)duags00082.o
(c:/mingw64/bin/../lib/gcc/x86_64-w64-mingw32/8.1.0/../../../../x86_64-w64-mingw32/lib/../lib/libmsvcrt.a)duags00081.o
(c:/mingw64/bin/../lib/gcc/x86_64-w64-mingw32/8.1.0/../../../../x86_64-w64-mingw32/lib/../lib/libmsvcrt.a)duags00055.o
(c:/mingw64/bin/../lib/gcc/x86_64-w64-mingw32/8.1.0/../../../../x86_64-w64-mingw32/lib/../lib/libmsvcrt.a)lib64_libmsvcrt_os_a-acrt_iob_func.o
(c:/mingw64/bin/../lib/gcc/x86_64-w64-mingw32/8.1.0/../../../../x86_64-w64-mingw32/lib/../lib/libmsvcrt.a)lib64_libmsvcrt_os_a-invalid_parameter_handler.o
(c:/mingw64/bin/../lib/gcc/x86_64-w64-mingw32/8.1.0/../../../../x86_64-w64-mingw32/lib/../lib/libmsvcrt.a)lib64_libmsvcrt_os_a-__p__acmdln.o
(c:/mingw64/bin/../lib/gcc/x86_64-w64-mingw32/8.1.0/../../../../x86_64-w64-mingw32/lib/../lib/libmsvcrt.a)lib64_libmsvcrt_os_a-__p__fmode.o
(c:/mingw64/bin/../lib/gcc/x86_64-w64-mingw32/8.1.0/../../../../x86_64-w64-mingw32/lib/../lib/libmsvcrt.a)duagh.o
(c:/mingw64/bin/../lib/gcc/x86_64-w64-mingw32/8.1.0/../../../../x86_64-w64-mingw32/lib/../lib/libmsvcrt.a)duags00115.o
(c:/mingw64/bin/../lib/gcc/x86_64-w64-mingw32/8.1.0/../../../../x86_64-w64-mingw32/lib/../lib/libmsvcrt.a)duags00083.o
(c:/mingw64/bin/../lib/gcc/x86_64-w64-mingw32/8.1.0/../../../../x86_64-w64-mingw32/lib/../lib/libmsvcrt.a)duagt.o
(c:/mingw64/bin/../lib/gcc/x86_64-w64-mingw32/8.1.0/../../../../x86_64-w64-mingw32/lib/../lib/libkernel32.a)dqifs01445.o
(c:/mingw64/bin/../lib/gcc/x86_64-w64-mingw32/8.1.0/../../../../x86_64-w64-mingw32/lib/../lib/libkernel32.a)dqifs01443.o
(c:/mingw64/bin/../lib/gcc/x86_64-w64-mingw32/8.1.0/../../../../x86_64-w64-mingw32/lib/../lib/libkernel32.a)dqifs01409.o
(c:/mingw64/bin/../lib/gcc/x86_64-w64-mingw32/8.1.0/../../../../x86_64-w64-mingw32/lib/../lib/libkernel32.a)dqifs01395.o
(c:/mingw64/bin/../lib/gcc/x86_64-w64-mingw32/8.1.0/../../../../x86_64-w64-mingw32/lib/../lib/libkernel32.a)dqifs01375.o
(c:/mingw64/bin/../lib/gcc/x86_64-w64-mingw32/8.1.0/../../../../x86_64-w64-mingw32/lib/../lib/libkernel32.a)dqifs01360.o
(c:/mingw64/bin/../lib/gcc/x86_64-w64-mingw32/8.1.0/../../../../x86_64-w64-mingw32/lib/../lib/libkernel32.a)dqifs01346.o
(c:/mingw64/bin/../lib/gcc/x86_64-w64-mingw32/8.1.0/../../../../x86_64-w64-mingw32/lib/../lib/libkernel32.a)dqifs01194.o
(c:/mingw64/bin/../lib/gcc/x86_64-w64-mingw32/8.1.0/../../../../x86_64-w64-mingw32/lib/../lib/libkernel32.a)dqifs01187.o
(c:/mingw64/bin/../lib/gcc/x86_64-w64-mingw32/8.1.0/../../../../x86_64-w64-mingw32/lib/../lib/libkernel32.a)dqifs01180.o
(c:/mingw64/bin/../lib/gcc/x86_64-w64-mingw32/8.1.0/../../../../x86_64-w64-mingw32/lib/../lib/libkernel32.a)dqifs01179.o
(c:/mingw64/bin/../lib/gcc/x86_64-w64-mingw32/8.1.0/../../../../x86_64-w64-mingw32/lib/../lib/libkernel32.a)dqifs01093.o
(c:/mingw64/bin/../lib/gcc/x86_64-w64-mingw32/8.1.0/../../../../x86_64-w64-mingw32/lib/../lib/libkernel32.a)dqifs00951.o
(c:/mingw64/bin/../lib/gcc/x86_64-w64-mingw32/8.1.0/../../../../x86_64-w64-mingw32/lib/../lib/libkernel32.a)dqifs00863.o
(c:/mingw64/bin/../lib/gcc/x86_64-w64-mingw32/8.1.0/../../../../x86_64-w64-mingw32/lib/../lib/libkernel32.a)dqifs00774.o
(c:/mingw64/bin/../lib/gcc/x86_64-w64-mingw32/8.1.0/../../../../x86_64-w64-mingw32/lib/../lib/libkernel32.a)dqifs00746.o
(c:/mingw64/bin/../lib/gcc/x86_64-w64-mingw32/8.1.0/../../../../x86_64-w64-mingw32/lib/../lib/libkernel32.a)dqifs00721.o
(c:/mingw64/bin/../lib/gcc/x86_64-w64-mingw32/8.1.0/../../../../x86_64-w64-mingw32/lib/../lib/libkernel32.a)dqifs00609.o
(c:/mingw64/bin/../lib/gcc/x86_64-w64-mingw32/8.1.0/../../../../x86_64-w64-mingw32/lib/../lib/libkernel32.a)dqifs00540.o
(c:/mingw64/bin/../lib/gcc/x86_64-w64-mingw32/8.1.0/../../../../x86_64-w64-mingw32/lib/../lib/libkernel32.a)dqifs00536.o
(c:/mingw64/bin/../lib/gcc/x86_64-w64-mingw32/8.1.0/../../../../x86_64-w64-mingw32/lib/../lib/libkernel32.a)dqifs00535.o
(c:/mingw64/bin/../lib/gcc/x86_64-w64-mingw32/8.1.0/../../../../x86_64-w64-mingw32/lib/../lib/libkernel32.a)dqifs00304.o
(c:/mingw64/bin/../lib/gcc/x86_64-w64-mingw32/8.1.0/../../../../x86_64-w64-mingw32/lib/../lib/libkernel32.a)dqifs00268.o
(c:/mingw64/bin/../lib/gcc/x86_64-w64-mingw32/8.1.0/../../../../x86_64-w64-mingw32/lib/../lib/libkernel32.a)dqifh.o
(c:/mingw64/bin/../lib/gcc/x86_64-w64-mingw32/8.1.0/../../../../x86_64-w64-mingw32/lib/../lib/libkernel32.a)dqift.o
(c:/mingw64/bin/../lib/gcc/x86_64-w64-mingw32/8.1.0/../../../../x86_64-w64-mingw32/lib/../lib/libmsvcrt.a)duags00253.o
c:/mingw64/bin/../lib/gcc/x86_64-w64-mingw32/8.1.0/crtend.o
**** END OUTPUT run_linker_config_probe ****
[WARNING]: C:\Users\Emre\AppData\Local\Temp\ccI8LReQ.o eliminated because it does not exist in the file system.
**** END PROBE run_linker_config_probe ****
